[3.535s] Invoking command in '/home/phc2603/ros/build/minebot_playground': PYTHONPATH=/home/phc2603/ros/build/minebot_playground/prefix_override:/usr/lib/python3/dist-packages/colcon_core/task/python/colcon_distutils_commands:/home/phc2603/ros/install/minebot_playground/lib/python3.12/site-packages:${PYTHONPATH} /usr/bin/python3 -W ignore:setup.py install is deprecated -W ignore:easy_install command is deprecated setup.py develop --editable --build-directory /home/phc2603/ros/build/minebot_playground/build --no-deps symlink_data
[5.147s] running develop
[6.068s] running egg_info
[6.118s] writing minebot_playground.egg-info/PKG-INFO
[6.120s] writing dependency_links to minebot_playground.egg-info/dependency_links.txt
[6.120s] writing entry points to minebot_playground.egg-info/entry_points.txt
[6.122s] writing requirements to minebot_playground.egg-info/requires.txt
[6.123s] writing top-level names to minebot_playground.egg-info/top_level.txt
[6.288s] reading manifest file 'minebot_playground.egg-info/SOURCES.txt'
[6.290s] writing manifest file 'minebot_playground.egg-info/SOURCES.txt'
[6.369s] running build_ext
[6.369s] Creating /home/phc2603/ros/install/minebot_playground/lib/python3.12/site-packages/minebot-playground.egg-link (link to .)
[6.372s] Installing control_auto script to /home/phc2603/ros/install/minebot_playground/lib/minebot_playground
[6.373s] Installing gas_mock script to /home/phc2603/ros/install/minebot_playground/lib/minebot_playground
[6.375s] Installing usbcam_node script to /home/phc2603/ros/install/minebot_playground/lib/minebot_playground
[6.378s] Installing user_controller script to /home/phc2603/ros/install/minebot_playground/lib/minebot_playground
[6.381s] 
[6.382s] Installed /home/phc2603/ros/build/minebot_playground
[6.382s] running symlink_data
[6.609s] Invoked command in '/home/phc2603/ros/build/minebot_playground' returned '0': PYTHONPATH=/home/phc2603/ros/build/minebot_playground/prefix_override:/usr/lib/python3/dist-packages/colcon_core/task/python/colcon_distutils_commands:/home/phc2603/ros/install/minebot_playground/lib/python3.12/site-packages:${PYTHONPATH} /usr/bin/python3 -W ignore:setup.py install is deprecated -W ignore:easy_install command is deprecated setup.py develop --editable --build-directory /home/phc2603/ros/build/minebot_playground/build --no-deps symlink_data
