[1.832s] Invoking command in '/home/phc2603/ros/build/minebot_playground': PYTHONPATH=/home/phc2603/ros/build/minebot_playground/prefix_override:/usr/lib/python3/dist-packages/colcon_core/task/python/colcon_distutils_commands:/home/phc2603/ros/install/minebot_playground/lib/python3.12/site-packages:${PYTHONPATH} /usr/bin/python3 -W ignore:setup.py install is deprecated -W ignore:easy_install command is deprecated setup.py develop --editable --build-directory /home/phc2603/ros/build/minebot_playground/build --no-deps symlink_data --force
[3.909s] running develop
[4.938s] running egg_info
[4.994s] writing minebot_playground.egg-info/PKG-INFO
[4.999s] writing dependency_links to minebot_playground.egg-info/dependency_links.txt
[5.000s] writing entry points to minebot_playground.egg-info/entry_points.txt
[5.001s] writing requirements to minebot_playground.egg-info/requires.txt
[5.002s] writing top-level names to minebot_playground.egg-info/top_level.txt
[5.104s] reading manifest file 'minebot_playground.egg-info/SOURCES.txt'
[5.108s] writing manifest file 'minebot_playground.egg-info/SOURCES.txt'
[5.153s] running build_ext
[5.154s] Creating /home/phc2603/ros/install/minebot_playground/lib/python3.12/site-packages/minebot-playground.egg-link (link to .)
[5.165s] Installing control_auto script to /home/phc2603/ros/install/minebot_playground/lib/minebot_playground
[5.172s] Installing gas_mock script to /home/phc2603/ros/install/minebot_playground/lib/minebot_playground
[5.173s] Installing usbcam_node script to /home/phc2603/ros/install/minebot_playground/lib/minebot_playground
[5.175s] Installing user_controller script to /home/phc2603/ros/install/minebot_playground/lib/minebot_playground
[5.176s] 
[5.176s] Installed /home/phc2603/ros/build/minebot_playground
[5.176s] running symlink_data
[5.178s] symbolically linking /home/phc2603/ros/build/minebot_playground/resource/minebot_playground -> /home/phc2603/ros/install/minebot_playground/share/ament_index/resource_index/packages
[5.181s] symbolically linking /home/phc2603/ros/build/minebot_playground/package.xml -> /home/phc2603/ros/install/minebot_playground/share/minebot_playground
[5.183s] symbolically linking /home/phc2603/ros/build/minebot_playground/launch/display.launch.py -> /home/phc2603/ros/install/minebot_playground/share/minebot_playground/launch
[5.186s] symbolically linking /home/phc2603/ros/build/minebot_playground/urdf/naviq.urdf -> /home/phc2603/ros/install/minebot_playground/share/minebot_playground/urdf
[5.188s] symbolically linking /home/phc2603/ros/build/minebot_playground/worlds/world_mine.sdf -> /home/phc2603/ros/install/minebot_playground/share/minebot_playground/worlds
[5.309s] Invoked command in '/home/phc2603/ros/build/minebot_playground' returned '0': PYTHONPATH=/home/phc2603/ros/build/minebot_playground/prefix_override:/usr/lib/python3/dist-packages/colcon_core/task/python/colcon_distutils_commands:/home/phc2603/ros/install/minebot_playground/lib/python3.12/site-packages:${PYTHONPATH} /usr/bin/python3 -W ignore:setup.py install is deprecated -W ignore:easy_install command is deprecated setup.py develop --editable --build-directory /home/phc2603/ros/build/minebot_playground/build --no-deps symlink_data --force
