[1.210s] Invoking command in '/home/phc2603/ros/build/minebot_playground': PYTHONPATH=/home/phc2603/ros/build/minebot_playground/prefix_override:/usr/lib/python3/dist-packages/colcon_core/task/python/colcon_distutils_commands:/home/phc2603/ros/install/minebot_playground/lib/python3.12/site-packages:${PYTHONPATH} /usr/bin/python3 -W ignore:setup.py install is deprecated -W ignore:easy_install command is deprecated setup.py develop --editable --build-directory /home/phc2603/ros/build/minebot_playground/build --no-deps symlink_data
[1.552s] running develop
[1.777s] running egg_info
[1.796s] writing minebot_playground.egg-info/PKG-INFO
[1.796s] writing dependency_links to minebot_playground.egg-info/dependency_links.txt
[1.797s] writing entry points to minebot_playground.egg-info/entry_points.txt
[1.798s] writing requirements to minebot_playground.egg-info/requires.txt
[1.798s] writing top-level names to minebot_playground.egg-info/top_level.txt
[1.839s] reading manifest file 'minebot_playground.egg-info/SOURCES.txt'
[1.839s] writing manifest file 'minebot_playground.egg-info/SOURCES.txt'
[1.861s] running build_ext
[1.861s] Creating /home/phc2603/ros/install/minebot_playground/lib/python3.12/site-packages/minebot-playground.egg-link (link to .)
[1.862s] Installing control_auto script to /home/phc2603/ros/install/minebot_playground/lib/minebot_playground
[1.862s] Installing gas_mock_pub script to /home/phc2603/ros/install/minebot_playground/lib/minebot_playground
[1.863s] Installing usbcam_node script to /home/phc2603/ros/install/minebot_playground/lib/minebot_playground
[1.864s] Installing user_controller script to /home/phc2603/ros/install/minebot_playground/lib/minebot_playground
[1.864s] 
[1.864s] Installed /home/phc2603/ros/build/minebot_playground
[1.864s] running symlink_data
[1.928s] Invoked command in '/home/phc2603/ros/build/minebot_playground' returned '0': PYTHONPATH=/home/phc2603/ros/build/minebot_playground/prefix_override:/usr/lib/python3/dist-packages/colcon_core/task/python/colcon_distutils_commands:/home/phc2603/ros/install/minebot_playground/lib/python3.12/site-packages:${PYTHONPATH} /usr/bin/python3 -W ignore:setup.py install is deprecated -W ignore:easy_install command is deprecated setup.py develop --editable --build-directory /home/phc2603/ros/build/minebot_playground/build --no-deps symlink_data
