[0.380s] DEBUG:colcon:Command line arguments: ['/usr/bin/colcon', 'build', '--symlink-install']
[0.380s] DEBUG:colcon:Parsed command line arguments: Namespace(log_base=None, log_level=None, verb_name='build', build_base='build', install_base='install', merge_install=False, symlink_install=True, test_result_base=None, continue_on_error=False, executor='parallel', parallel_workers=16, event_handlers=None, ignore_user_meta=False, metas=['./colcon.meta'], base_paths=['.'], packages_ignore=None, packages_ignore_regex=None, paths=None, packages_up_to=None, packages_up_to_regex=None, packages_above=None, packages_above_and_dependencies=None, packages_above_depth=None, packages_select_by_dep=None, packages_skip_by_dep=None, packages_skip_up_to=None, packages_select_build_failed=False, packages_skip_build_finished=False, packages_select_test_failures=False, packages_skip_test_passed=False, packages_select=None, packages_skip=None, packages_select_regex=None, packages_skip_regex=None, packages_start=None, packages_end=None, allow_overriding=[], cmake_args=None, cmake_target=None, cmake_target_skip_unavailable=False, cmake_clean_cache=False, cmake_clean_first=False, cmake_force_configure=False, ament_cmake_args=None, catkin_cmake_args=None, catkin_skip_building_tests=False, mixin_files=None, mixin=None, verb_parser=<colcon_mixin.mixin.mixin_argument.MixinArgumentDecorator object at 0x764ee5886fc0>, verb_extension=<colcon_core.verb.build.BuildVerb object at 0x764ee5886ba0>, main=<bound method BuildVerb.main of <colcon_core.verb.build.BuildVerb object at 0x764ee5886ba0>>, mixin_verb=('build',))
[0.442s] Level 1:colcon.colcon_core.package_discovery:discover_packages(colcon_meta) check parameters
[0.442s] Level 1:colcon.colcon_core.package_discovery:discover_packages(recursive) check parameters
[0.442s] Level 1:colcon.colcon_core.package_discovery:discover_packages(ignore) check parameters
[0.443s] Level 1:colcon.colcon_core.package_discovery:discover_packages(path) check parameters
[0.443s] Level 1:colcon.colcon_core.package_discovery:discover_packages(colcon_meta) discover
[0.443s] Level 1:colcon.colcon_core.package_discovery:discover_packages(recursive) discover
[0.443s] INFO:colcon.colcon_core.package_discovery:Crawling recursively for packages in '/home/phc2603/ros/src'
[0.443s] Level 1:colcon.colcon_core.package_identification:_identify(.) by extensions ['ignore', 'ignore_ament_install']
[0.443s] Level 1:colcon.colcon_core.package_identification:_identify(.) by extension 'ignore'
[0.443s] Level 1:colcon.colcon_core.package_identification:_identify(.) by extension 'ignore_ament_install'
[0.443s] Level 1:colcon.colcon_core.package_identification:_identify(.) by extensions ['colcon_pkg']
[0.443s] Level 1:colcon.colcon_core.package_identification:_identify(.) by extension 'colcon_pkg'
[0.443s] Level 1:colcon.colcon_core.package_identification:_identify(.) by extensions ['colcon_meta']
[0.443s] Level 1:colcon.colcon_core.package_identification:_identify(.) by extension 'colcon_meta'
[0.443s] Level 1:colcon.colcon_core.package_identification:_identify(.) by extensions ['ros']
[0.443s] Level 1:colcon.colcon_core.package_identification:_identify(.) by extension 'ros'
[0.485s] Level 1:colcon.colcon_core.package_identification:_identify(.) by extensions ['cmake', 'python']
[0.485s] Level 1:colcon.colcon_core.package_identification:_identify(.) by extension 'cmake'
[0.485s] Level 1:colcon.colcon_core.package_identification:_identify(.) by extension 'python'
[0.485s] Level 1:colcon.colcon_core.package_identification:_identify(.) by extensions ['python_setup_py']
[0.485s] Level 1:colcon.colcon_core.package_identification:_identify(.) by extension 'python_setup_py'
[0.485s] Level 1:colcon.colcon_core.package_identification:_identify(build) by extensions ['ignore', 'ignore_ament_install']
[0.486s] Level 1:colcon.colcon_core.package_identification:_identify(build) by extension 'ignore'
[0.486s] Level 1:colcon.colcon_core.package_identification:_identify(build) ignored
[0.486s] Level 1:colcon.colcon_core.package_identification:_identify(initials_ros) by extensions ['ignore', 'ignore_ament_install']
[0.486s] Level 1:colcon.colcon_core.package_identification:_identify(initials_ros) by extension 'ignore'
[0.486s] Level 1:colcon.colcon_core.package_identification:_identify(initials_ros) by extension 'ignore_ament_install'
[0.486s] Level 1:colcon.colcon_core.package_identification:_identify(initials_ros) by extensions ['colcon_pkg']
[0.486s] Level 1:colcon.colcon_core.package_identification:_identify(initials_ros) by extension 'colcon_pkg'
[0.486s] Level 1:colcon.colcon_core.package_identification:_identify(initials_ros) by extensions ['colcon_meta']
[0.486s] Level 1:colcon.colcon_core.package_identification:_identify(initials_ros) by extension 'colcon_meta'
[0.486s] Level 1:colcon.colcon_core.package_identification:_identify(initials_ros) by extensions ['ros']
[0.486s] Level 1:colcon.colcon_core.package_identification:_identify(initials_ros) by extension 'ros'
[0.490s] DEBUG:colcon.colcon_core.package_identification:Package 'initials_ros' with type 'ros.ament_python' and name 'initials_ros'
[0.491s] Level 1:colcon.colcon_core.package_identification:_identify(install) by extensions ['ignore', 'ignore_ament_install']
[0.491s] Level 1:colcon.colcon_core.package_identification:_identify(install) by extension 'ignore'
[0.491s] Level 1:colcon.colcon_core.package_identification:_identify(install) ignored
[0.491s] Level 1:colcon.colcon_core.package_identification:_identify(log) by extensions ['ignore', 'ignore_ament_install']
[0.491s] Level 1:colcon.colcon_core.package_identification:_identify(log) by extension 'ignore'
[0.491s] Level 1:colcon.colcon_core.package_identification:_identify(log) ignored
[0.491s] Level 1:colcon.colcon_core.package_identification:_identify(minebot_playground) by extensions ['ignore', 'ignore_ament_install']
[0.491s] Level 1:colcon.colcon_core.package_identification:_identify(minebot_playground) by extension 'ignore'
[0.491s] Level 1:colcon.colcon_core.package_identification:_identify(minebot_playground) by extension 'ignore_ament_install'
[0.491s] Level 1:colcon.colcon_core.package_identification:_identify(minebot_playground) by extensions ['colcon_pkg']
[0.491s] Level 1:colcon.colcon_core.package_identification:_identify(minebot_playground) by extension 'colcon_pkg'
[0.491s] Level 1:colcon.colcon_core.package_identification:_identify(minebot_playground) by extensions ['colcon_meta']
[0.491s] Level 1:colcon.colcon_core.package_identification:_identify(minebot_playground) by extension 'colcon_meta'
[0.491s] Level 1:colcon.colcon_core.package_identification:_identify(minebot_playground) by extensions ['ros']
[0.491s] Level 1:colcon.colcon_core.package_identification:_identify(minebot_playground) by extension 'ros'
[0.492s] DEBUG:colcon.colcon_core.package_identification:Package 'minebot_playground' with type 'ros.ament_python' and name 'minebot_playground'
[0.492s] Level 1:colcon.colcon_core.package_discovery:discover_packages(recursive) using defaults
[0.492s] Level 1:colcon.colcon_core.package_discovery:discover_packages(ignore) discover
[0.492s] Level 1:colcon.colcon_core.package_discovery:discover_packages(ignore) using defaults
[0.492s] Level 1:colcon.colcon_core.package_discovery:discover_packages(path) discover
[0.492s] Level 1:colcon.colcon_core.package_discovery:discover_packages(path) using defaults
[0.524s] Level 1:colcon.colcon_core.package_discovery:discover_packages(prefix_path) check parameters
[0.524s] Level 1:colcon.colcon_core.package_discovery:discover_packages(prefix_path) discover
[0.527s] DEBUG:colcon.colcon_installed_package_information.package_discovery:Found 2 installed packages in /home/phc2603/ros/src/install
[0.527s] DEBUG:colcon.colcon_installed_package_information.package_discovery:Found 3 installed packages in /home/phc2603/ros/install
[0.529s] DEBUG:colcon.colcon_installed_package_information.package_discovery:Found 293 installed packages in /opt/ros/jazzy
[0.531s] Level 1:colcon.colcon_core.package_discovery:discover_packages(prefix_path) using defaults
[0.576s] Level 5:colcon.colcon_core.verb:set package 'initials_ros' build argument 'cmake_args' from command line to 'None'
[0.577s] Level 5:colcon.colcon_core.verb:set package 'initials_ros' build argument 'cmake_target' from command line to 'None'
[0.577s] Level 5:colcon.colcon_core.verb:set package 'initials_ros' build argument 'cmake_target_skip_unavailable' from command line to 'False'
[0.577s] Level 5:colcon.colcon_core.verb:set package 'initials_ros' build argument 'cmake_clean_cache' from command line to 'False'
[0.577s] Level 5:colcon.colcon_core.verb:set package 'initials_ros' build argument 'cmake_clean_first' from command line to 'False'
[0.577s] Level 5:colcon.colcon_core.verb:set package 'initials_ros' build argument 'cmake_force_configure' from command line to 'False'
[0.577s] Level 5:colcon.colcon_core.verb:set package 'initials_ros' build argument 'ament_cmake_args' from command line to 'None'
[0.577s] Level 5:colcon.colcon_core.verb:set package 'initials_ros' build argument 'catkin_cmake_args' from command line to 'None'
[0.577s] Level 5:colcon.colcon_core.verb:set package 'initials_ros' build argument 'catkin_skip_building_tests' from command line to 'False'
[0.577s] DEBUG:colcon.colcon_core.verb:Building package 'initials_ros' with the following arguments: {'ament_cmake_args': None, 'build_base': '/home/phc2603/ros/src/build/initials_ros', 'catkin_cmake_args': None, 'catkin_skip_building_tests': False, 'cmake_args': None, 'cmake_clean_cache': False, 'cmake_clean_first': False, 'cmake_force_configure': False, 'cmake_target': None, 'cmake_target_skip_unavailable': False, 'install_base': '/home/phc2603/ros/src/install/initials_ros', 'merge_install': False, 'path': '/home/phc2603/ros/src/initials_ros', 'symlink_install': True, 'test_result_base': None}
[0.577s] Level 5:colcon.colcon_core.verb:set package 'minebot_playground' build argument 'cmake_args' from command line to 'None'
[0.577s] Level 5:colcon.colcon_core.verb:set package 'minebot_playground' build argument 'cmake_target' from command line to 'None'
[0.577s] Level 5:colcon.colcon_core.verb:set package 'minebot_playground' build argument 'cmake_target_skip_unavailable' from command line to 'False'
[0.577s] Level 5:colcon.colcon_core.verb:set package 'minebot_playground' build argument 'cmake_clean_cache' from command line to 'False'
[0.577s] Level 5:colcon.colcon_core.verb:set package 'minebot_playground' build argument 'cmake_clean_first' from command line to 'False'
[0.577s] Level 5:colcon.colcon_core.verb:set package 'minebot_playground' build argument 'cmake_force_configure' from command line to 'False'
[0.577s] Level 5:colcon.colcon_core.verb:set package 'minebot_playground' build argument 'ament_cmake_args' from command line to 'None'
[0.577s] Level 5:colcon.colcon_core.verb:set package 'minebot_playground' build argument 'catkin_cmake_args' from command line to 'None'
[0.577s] Level 5:colcon.colcon_core.verb:set package 'minebot_playground' build argument 'catkin_skip_building_tests' from command line to 'False'
[0.577s] DEBUG:colcon.colcon_core.verb:Building package 'minebot_playground' with the following arguments: {'ament_cmake_args': None, 'build_base': '/home/phc2603/ros/src/build/minebot_playground', 'catkin_cmake_args': None, 'catkin_skip_building_tests': False, 'cmake_args': None, 'cmake_clean_cache': False, 'cmake_clean_first': False, 'cmake_force_configure': False, 'cmake_target': None, 'cmake_target_skip_unavailable': False, 'install_base': '/home/phc2603/ros/src/install/minebot_playground', 'merge_install': False, 'path': '/home/phc2603/ros/src/minebot_playground', 'symlink_install': True, 'test_result_base': None}
[0.577s] INFO:colcon.colcon_core.executor:Executing jobs using 'parallel' executor
[0.579s] DEBUG:colcon.colcon_parallel_executor.executor.parallel:run_until_complete
[0.579s] INFO:colcon.colcon_ros.task.ament_python.build:Building ROS package in '/home/phc2603/ros/src/initials_ros' with build type 'ament_python'
[0.580s] Level 1:colcon.colcon_core.shell:create_environment_hook('initials_ros', 'ament_prefix_path')
[0.584s] INFO:colcon.colcon_core.plugin_system:Skipping extension 'colcon_core.shell.bat': Not used on non-Windows systems
[0.585s] INFO:colcon.colcon_core.shell:Creating environment hook '/home/phc2603/ros/src/install/initials_ros/share/initials_ros/hook/ament_prefix_path.ps1'
[0.587s] INFO:colcon.colcon_core.shell:Creating environment descriptor '/home/phc2603/ros/src/install/initials_ros/share/initials_ros/hook/ament_prefix_path.dsv'
[0.587s] INFO:colcon.colcon_core.shell:Creating environment hook '/home/phc2603/ros/src/install/initials_ros/share/initials_ros/hook/ament_prefix_path.sh'
[0.588s] INFO:colcon.colcon_core.shell:Skip shell extension 'powershell' for command environment: Not usable outside of PowerShell
[0.588s] DEBUG:colcon.colcon_core.shell:Skip shell extension 'dsv' for command environment
[0.594s] INFO:colcon.colcon_ros.task.ament_python.build:Building ROS package in '/home/phc2603/ros/src/minebot_playground' with build type 'ament_python'
[0.595s] Level 1:colcon.colcon_core.shell:create_environment_hook('minebot_playground', 'ament_prefix_path')
[0.595s] INFO:colcon.colcon_core.shell:Creating environment hook '/home/phc2603/ros/src/install/minebot_playground/share/minebot_playground/hook/ament_prefix_path.ps1'
[0.596s] INFO:colcon.colcon_core.shell:Creating environment descriptor '/home/phc2603/ros/src/install/minebot_playground/share/minebot_playground/hook/ament_prefix_path.dsv'
[0.597s] INFO:colcon.colcon_core.shell:Creating environment hook '/home/phc2603/ros/src/install/minebot_playground/share/minebot_playground/hook/ament_prefix_path.sh'
[0.598s] INFO:colcon.colcon_core.shell:Skip shell extension 'powershell' for command environment: Not usable outside of PowerShell
[0.598s] DEBUG:colcon.colcon_core.shell:Skip shell extension 'dsv' for command environment
[0.898s] INFO:colcon.colcon_core.task.python.build:Building Python package in '/home/phc2603/ros/src/initials_ros'
[0.898s] INFO:colcon.colcon_core.shell:Skip shell extension 'powershell' for command environment: Not usable outside of PowerShell
[0.898s] DEBUG:colcon.colcon_core.shell:Skip shell extension 'dsv' for command environment
[1.231s] INFO:colcon.colcon_core.task.python.build:Building Python package in '/home/phc2603/ros/src/minebot_playground'
[1.232s] INFO:colcon.colcon_core.shell:Skip shell extension 'powershell' for command environment: Not usable outside of PowerShell
[1.232s] DEBUG:colcon.colcon_core.shell:Skip shell extension 'dsv' for command environment
[2.144s] DEBUG:colcon.colcon_core.event_handler.log_command:Invoking command in '/home/phc2603/ros/src/build/initials_ros': PYTHONPATH=/home/phc2603/ros/src/build/initials_ros/prefix_override:/usr/lib/python3/dist-packages/colcon_core/task/python/colcon_distutils_commands:/home/phc2603/ros/src/install/initials_ros/lib/python3.12/site-packages:${PYTHONPATH} /usr/bin/python3 -W ignore:setup.py install is deprecated -W ignore:easy_install command is deprecated setup.py develop --editable --build-directory /home/phc2603/ros/src/build/initials_ros/build --no-deps symlink_data
[2.151s] DEBUG:colcon.colcon_core.event_handler.log_command:Invoking command in '/home/phc2603/ros/src/build/minebot_playground': PYTHONPATH=/home/phc2603/ros/src/build/minebot_playground/prefix_override:/usr/lib/python3/dist-packages/colcon_core/task/python/colcon_distutils_commands:/home/phc2603/ros/src/install/minebot_playground/lib/python3.12/site-packages:${PYTHONPATH} /usr/bin/python3 -W ignore:setup.py install is deprecated -W ignore:easy_install command is deprecated setup.py develop --editable --build-directory /home/phc2603/ros/src/build/minebot_playground/build --no-deps symlink_data
[3.028s] Level 1:colcon.colcon_core.shell:create_environment_hook('initials_ros', 'pythonpath_develop')
[3.029s] INFO:colcon.colcon_core.shell:Creating environment hook '/home/phc2603/ros/src/build/initials_ros/share/initials_ros/hook/pythonpath_develop.ps1'
[3.030s] DEBUG:colcon.colcon_core.event_handler.log_command:Invoked command in '/home/phc2603/ros/src/build/initials_ros' returned '0': PYTHONPATH=/home/phc2603/ros/src/build/initials_ros/prefix_override:/usr/lib/python3/dist-packages/colcon_core/task/python/colcon_distutils_commands:/home/phc2603/ros/src/install/initials_ros/lib/python3.12/site-packages:${PYTHONPATH} /usr/bin/python3 -W ignore:setup.py install is deprecated -W ignore:easy_install command is deprecated setup.py develop --editable --build-directory /home/phc2603/ros/src/build/initials_ros/build --no-deps symlink_data
[3.031s] INFO:colcon.colcon_core.shell:Creating environment descriptor '/home/phc2603/ros/src/build/initials_ros/share/initials_ros/hook/pythonpath_develop.dsv'
[3.032s] INFO:colcon.colcon_core.shell:Creating environment hook '/home/phc2603/ros/src/build/initials_ros/share/initials_ros/hook/pythonpath_develop.sh'
[3.036s] Level 1:colcon.colcon_core.environment:checking '/home/phc2603/ros/src/install/initials_ros' for CMake module files
[3.038s] Level 1:colcon.colcon_core.environment:checking '/home/phc2603/ros/src/install/initials_ros' for CMake config files
[3.040s] Level 1:colcon.colcon_core.environment:checking '/home/phc2603/ros/src/install/initials_ros/lib'
[3.040s] Level 1:colcon.colcon_core.environment:checking '/home/phc2603/ros/src/install/initials_ros/bin'
[3.040s] Level 1:colcon.colcon_core.environment:checking '/home/phc2603/ros/src/install/initials_ros/lib/pkgconfig/initials_ros.pc'
[3.040s] Level 1:colcon.colcon_core.environment:checking '/home/phc2603/ros/src/install/initials_ros/lib/python3.12/site-packages'
[3.041s] Level 1:colcon.colcon_core.shell:create_environment_hook('initials_ros', 'pythonpath')
[3.041s] INFO:colcon.colcon_core.shell:Creating environment hook '/home/phc2603/ros/src/install/initials_ros/share/initials_ros/hook/pythonpath.ps1'
[3.042s] INFO:colcon.colcon_core.shell:Creating environment descriptor '/home/phc2603/ros/src/install/initials_ros/share/initials_ros/hook/pythonpath.dsv'
[3.043s] INFO:colcon.colcon_core.shell:Creating environment hook '/home/phc2603/ros/src/install/initials_ros/share/initials_ros/hook/pythonpath.sh'
[3.044s] Level 1:colcon.colcon_core.environment:checking '/home/phc2603/ros/src/install/initials_ros/bin'
[3.045s] Level 1:colcon.colcon_core.environment:create_environment_scripts_only(initials_ros)
[3.045s] INFO:colcon.colcon_core.shell:Creating package script '/home/phc2603/ros/src/install/initials_ros/share/initials_ros/package.ps1'
[3.046s] INFO:colcon.colcon_core.shell:Creating package descriptor '/home/phc2603/ros/src/install/initials_ros/share/initials_ros/package.dsv'
[3.047s] INFO:colcon.colcon_core.shell:Creating package script '/home/phc2603/ros/src/install/initials_ros/share/initials_ros/package.sh'
[3.047s] INFO:colcon.colcon_core.shell:Creating package script '/home/phc2603/ros/src/install/initials_ros/share/initials_ros/package.bash'
[3.048s] INFO:colcon.colcon_core.shell:Creating package script '/home/phc2603/ros/src/install/initials_ros/share/initials_ros/package.zsh'
[3.050s] Level 1:colcon.colcon_core.environment:create_file_with_runtime_dependencies(/home/phc2603/ros/src/install/initials_ros/share/colcon-core/packages/initials_ros)
[3.053s] Level 1:colcon.colcon_core.shell:create_environment_hook('minebot_playground', 'pythonpath_develop')
[3.054s] INFO:colcon.colcon_core.shell:Creating environment hook '/home/phc2603/ros/src/build/minebot_playground/share/minebot_playground/hook/pythonpath_develop.ps1'
[3.055s] INFO:colcon.colcon_core.shell:Creating environment descriptor '/home/phc2603/ros/src/build/minebot_playground/share/minebot_playground/hook/pythonpath_develop.dsv'
[3.055s] INFO:colcon.colcon_core.shell:Creating environment hook '/home/phc2603/ros/src/build/minebot_playground/share/minebot_playground/hook/pythonpath_develop.sh'
[3.056s] DEBUG:colcon.colcon_core.event_handler.log_command:Invoked command in '/home/phc2603/ros/src/build/minebot_playground' returned '0': PYTHONPATH=/home/phc2603/ros/src/build/minebot_playground/prefix_override:/usr/lib/python3/dist-packages/colcon_core/task/python/colcon_distutils_commands:/home/phc2603/ros/src/install/minebot_playground/lib/python3.12/site-packages:${PYTHONPATH} /usr/bin/python3 -W ignore:setup.py install is deprecated -W ignore:easy_install command is deprecated setup.py develop --editable --build-directory /home/phc2603/ros/src/build/minebot_playground/build --no-deps symlink_data
[3.057s] Level 1:colcon.colcon_core.environment:checking '/home/phc2603/ros/src/install/minebot_playground' for CMake module files
[3.058s] Level 1:colcon.colcon_core.environment:checking '/home/phc2603/ros/src/install/minebot_playground' for CMake config files
[3.059s] Level 1:colcon.colcon_core.environment:checking '/home/phc2603/ros/src/install/minebot_playground/lib'
[3.060s] Level 1:colcon.colcon_core.environment:checking '/home/phc2603/ros/src/install/minebot_playground/bin'
[3.060s] Level 1:colcon.colcon_core.environment:checking '/home/phc2603/ros/src/install/minebot_playground/lib/pkgconfig/minebot_playground.pc'
[3.060s] Level 1:colcon.colcon_core.environment:checking '/home/phc2603/ros/src/install/minebot_playground/lib/python3.12/site-packages'
[3.060s] Level 1:colcon.colcon_core.shell:create_environment_hook('minebot_playground', 'pythonpath')
[3.061s] INFO:colcon.colcon_core.shell:Creating environment hook '/home/phc2603/ros/src/install/minebot_playground/share/minebot_playground/hook/pythonpath.ps1'
[3.062s] INFO:colcon.colcon_core.shell:Creating environment descriptor '/home/phc2603/ros/src/install/minebot_playground/share/minebot_playground/hook/pythonpath.dsv'
[3.062s] INFO:colcon.colcon_core.shell:Creating environment hook '/home/phc2603/ros/src/install/minebot_playground/share/minebot_playground/hook/pythonpath.sh'
[3.063s] Level 1:colcon.colcon_core.environment:checking '/home/phc2603/ros/src/install/minebot_playground/bin'
[3.064s] Level 1:colcon.colcon_core.environment:create_environment_scripts_only(minebot_playground)
[3.064s] INFO:colcon.colcon_core.shell:Creating package script '/home/phc2603/ros/src/install/minebot_playground/share/minebot_playground/package.ps1'
[3.065s] INFO:colcon.colcon_core.shell:Creating package descriptor '/home/phc2603/ros/src/install/minebot_playground/share/minebot_playground/package.dsv'
[3.067s] INFO:colcon.colcon_core.shell:Creating package script '/home/phc2603/ros/src/install/minebot_playground/share/minebot_playground/package.sh'
[3.069s] INFO:colcon.colcon_core.shell:Creating package script '/home/phc2603/ros/src/install/minebot_playground/share/minebot_playground/package.bash'
[3.069s] INFO:colcon.colcon_core.shell:Creating package script '/home/phc2603/ros/src/install/minebot_playground/share/minebot_playground/package.zsh'
[3.070s] Level 1:colcon.colcon_core.environment:create_file_with_runtime_dependencies(/home/phc2603/ros/src/install/minebot_playground/share/colcon-core/packages/minebot_playground)
[3.071s] DEBUG:colcon.colcon_parallel_executor.executor.parallel:closing loop
[3.072s] DEBUG:colcon.colcon_parallel_executor.executor.parallel:loop closed
[3.072s] DEBUG:colcon.colcon_parallel_executor.executor.parallel:run_until_complete finished with '0'
[3.072s] DEBUG:colcon.colcon_core.event_reactor:joining thread
[3.186s] INFO:colcon.colcon_core.plugin_system:Skipping extension 'colcon_notification.desktop_notification.notify_send': Could not find 'notify-send'
[3.186s] INFO:colcon.colcon_core.plugin_system:Skipping extension 'colcon_notification.desktop_notification.terminal_notifier': Not used on non-Darwin systems
[3.187s] INFO:colcon.colcon_core.plugin_system:Skipping extension 'colcon_notification.desktop_notification.win32': Not used on non-Windows systems
[3.187s] INFO:colcon.colcon_notification.desktop_notification:Sending desktop notification using 'notify2'
[3.189s] DEBUG:colcon.colcon_notification.desktop_notification.notify2:Failed to initialize notify2: org.freedesktop.DBus.Error.ServiceUnknown: The name org.freedesktop.Notifications was not provided by any .service files
[3.190s] DEBUG:colcon.colcon_core.event_reactor:joined thread
[3.190s] INFO:colcon.colcon_core.shell:Creating prefix script '/home/phc2603/ros/src/install/local_setup.ps1'
[3.191s] INFO:colcon.colcon_core.shell:Creating prefix util module '/home/phc2603/ros/src/install/_local_setup_util_ps1.py'
[3.193s] INFO:colcon.colcon_core.shell:Creating prefix chain script '/home/phc2603/ros/src/install/setup.ps1'
[3.194s] INFO:colcon.colcon_core.shell:Creating prefix script '/home/phc2603/ros/src/install/local_setup.sh'
[3.195s] INFO:colcon.colcon_core.shell:Creating prefix util module '/home/phc2603/ros/src/install/_local_setup_util_sh.py'
[3.196s] INFO:colcon.colcon_core.shell:Creating prefix chain script '/home/phc2603/ros/src/install/setup.sh'
[3.198s] INFO:colcon.colcon_core.shell:Creating prefix script '/home/phc2603/ros/src/install/local_setup.bash'
[3.199s] INFO:colcon.colcon_core.shell:Creating prefix chain script '/home/phc2603/ros/src/install/setup.bash'
[3.201s] INFO:colcon.colcon_core.shell:Creating prefix script '/home/phc2603/ros/src/install/local_setup.zsh'
[3.202s] INFO:colcon.colcon_core.shell:Creating prefix chain script '/home/phc2603/ros/src/install/setup.zsh'
