[1.925s] Invoking command in '/home/phc2603/ros/build/minebot_playground': PYTHONPATH=/home/phc2603/ros/build/minebot_playground/prefix_override:/usr/lib/python3/dist-packages/colcon_core/task/python/colcon_distutils_commands:/home/phc2603/ros/install/minebot_playground/lib/python3.12/site-packages:${PYTHONPATH} /usr/bin/python3 -W ignore:setup.py install is deprecated -W ignore:easy_install command is deprecated setup.py develop --uninstall --editable --build-directory /home/phc2603/ros/build/minebot_playground/build
[2.262s] running develop
[2.488s] Removing /home/phc2603/ros/install/minebot_playground/lib/python3.12/site-packages/minebot-playground.egg-link (link to .)
[2.562s] Invoked command in '/home/phc2603/ros/build/minebot_playground' returned '0': PYTHONPATH=/home/phc2603/ros/build/minebot_playground/prefix_override:/usr/lib/python3/dist-packages/colcon_core/task/python/colcon_distutils_commands:/home/phc2603/ros/install/minebot_playground/lib/python3.12/site-packages:${PYTHONPATH} /usr/bin/python3 -W ignore:setup.py install is deprecated -W ignore:easy_install command is deprecated setup.py develop --uninstall --editable --build-directory /home/phc2603/ros/build/minebot_playground/build
[2.565s] Invoking command in '/home/phc2603/ros/src/minebot_playground': PYTHONPATH=/home/phc2603/ros/build/minebot_playground/prefix_override:/usr/lib/python3/dist-packages/colcon_core/task/python/colcon_distutils_commands:/home/phc2603/ros/install/minebot_playground/lib/python3.12/site-packages:${PYTHONPATH} /usr/bin/python3 -W ignore:setup.py install is deprecated -W ignore:easy_install command is deprecated setup.py egg_info --egg-base ../../build/minebot_playground build --build-base /home/phc2603/ros/build/minebot_playground/build install --record /home/phc2603/ros/build/minebot_playground/install.log --single-version-externally-managed install_data --force
[2.922s] running egg_info
[2.943s] writing ../../build/minebot_playground/minebot_playground.egg-info/PKG-INFO
[2.944s] writing dependency_links to ../../build/minebot_playground/minebot_playground.egg-info/dependency_links.txt
[2.945s] writing entry points to ../../build/minebot_playground/minebot_playground.egg-info/entry_points.txt
[2.945s] writing requirements to ../../build/minebot_playground/minebot_playground.egg-info/requires.txt
[2.945s] writing top-level names to ../../build/minebot_playground/minebot_playground.egg-info/top_level.txt
[2.991s] reading manifest file '../../build/minebot_playground/minebot_playground.egg-info/SOURCES.txt'
[2.993s] writing manifest file '../../build/minebot_playground/minebot_playground.egg-info/SOURCES.txt'
[2.994s] running build
[2.994s] running build_py
[2.994s] copying minebot_playground/user_controller.py -> /home/phc2603/ros/build/minebot_playground/build/lib/minebot_playground
[2.995s] copying minebot_playground/gas_mock.py -> /home/phc2603/ros/build/minebot_playground/build/lib/minebot_playground
[2.996s] copying minebot_playground/usbcam_node.py -> /home/phc2603/ros/build/minebot_playground/build/lib/minebot_playground
[2.997s] running install
[3.004s] running install_lib
[3.028s] creating /home/phc2603/ros/install/minebot_playground/lib/python3.12/site-packages/minebot_playground
[3.029s] copying /home/phc2603/ros/build/minebot_playground/build/lib/minebot_playground/ip_stream_node.py -> /home/phc2603/ros/install/minebot_playground/lib/python3.12/site-packages/minebot_playground
[3.029s] copying /home/phc2603/ros/build/minebot_playground/build/lib/minebot_playground/user_controller.py -> /home/phc2603/ros/install/minebot_playground/lib/python3.12/site-packages/minebot_playground
[3.030s] copying /home/phc2603/ros/build/minebot_playground/build/lib/minebot_playground/__init__.py -> /home/phc2603/ros/install/minebot_playground/lib/python3.12/site-packages/minebot_playground
[3.030s] copying /home/phc2603/ros/build/minebot_playground/build/lib/minebot_playground/gas_mock.py -> /home/phc2603/ros/install/minebot_playground/lib/python3.12/site-packages/minebot_playground
[3.030s] copying /home/phc2603/ros/build/minebot_playground/build/lib/minebot_playground/control_auto.py -> /home/phc2603/ros/install/minebot_playground/lib/python3.12/site-packages/minebot_playground
[3.030s] copying /home/phc2603/ros/build/minebot_playground/build/lib/minebot_playground/usbcam_node.py -> /home/phc2603/ros/install/minebot_playground/lib/python3.12/site-packages/minebot_playground
[3.030s] copying /home/phc2603/ros/build/minebot_playground/build/lib/minebot_playground/camera_pub.py -> /home/phc2603/ros/install/minebot_playground/lib/python3.12/site-packages/minebot_playground
[3.031s] copying /home/phc2603/ros/build/minebot_playground/build/lib/minebot_playground/gas_mock_pub.py -> /home/phc2603/ros/install/minebot_playground/lib/python3.12/site-packages/minebot_playground
[3.031s] copying /home/phc2603/ros/build/minebot_playground/build/lib/minebot_playground/webcam_node.py -> /home/phc2603/ros/install/minebot_playground/lib/python3.12/site-packages/minebot_playground
[3.032s] byte-compiling /home/phc2603/ros/install/minebot_playground/lib/python3.12/site-packages/minebot_playground/ip_stream_node.py to ip_stream_node.cpython-312.pyc
[3.035s] byte-compiling /home/phc2603/ros/install/minebot_playground/lib/python3.12/site-packages/minebot_playground/user_controller.py to user_controller.cpython-312.pyc
[3.036s] byte-compiling /home/phc2603/ros/install/minebot_playground/lib/python3.12/site-packages/minebot_playground/__init__.py to __init__.cpython-312.pyc
[3.036s] byte-compiling /home/phc2603/ros/install/minebot_playground/lib/python3.12/site-packages/minebot_playground/gas_mock.py to gas_mock.cpython-312.pyc
[3.037s] byte-compiling /home/phc2603/ros/install/minebot_playground/lib/python3.12/site-packages/minebot_playground/control_auto.py to control_auto.cpython-312.pyc
[3.038s] byte-compiling /home/phc2603/ros/install/minebot_playground/lib/python3.12/site-packages/minebot_playground/usbcam_node.py to usbcam_node.cpython-312.pyc
[3.039s] byte-compiling /home/phc2603/ros/install/minebot_playground/lib/python3.12/site-packages/minebot_playground/camera_pub.py to camera_pub.cpython-312.pyc
[3.041s] byte-compiling /home/phc2603/ros/install/minebot_playground/lib/python3.12/site-packages/minebot_playground/gas_mock_pub.py to gas_mock_pub.cpython-312.pyc
[3.042s] byte-compiling /home/phc2603/ros/install/minebot_playground/lib/python3.12/site-packages/minebot_playground/webcam_node.py to webcam_node.cpython-312.pyc
[3.043s] running install_data
[3.043s] copying resource/minebot_playground -> /home/phc2603/ros/install/minebot_playground/share/ament_index/resource_index/packages
[3.045s] copying package.xml -> /home/phc2603/ros/install/minebot_playground/share/minebot_playground
[3.045s] running install_egg_info
[3.069s] Copying ../../build/minebot_playground/minebot_playground.egg-info to /home/phc2603/ros/install/minebot_playground/lib/python3.12/site-packages/minebot_playground-0.0.0-py3.12.egg-info
[3.074s] running install_scripts
[3.226s] Installing control_auto script to /home/phc2603/ros/install/minebot_playground/lib/minebot_playground
[3.230s] Installing gas_mock script to /home/phc2603/ros/install/minebot_playground/lib/minebot_playground
[3.230s] Installing usbcam_node script to /home/phc2603/ros/install/minebot_playground/lib/minebot_playground
[3.231s] Installing user_controller script to /home/phc2603/ros/install/minebot_playground/lib/minebot_playground
[3.232s] writing list of installed files to '/home/phc2603/ros/build/minebot_playground/install.log'
[3.342s] Invoked command in '/home/phc2603/ros/src/minebot_playground' returned '0': PYTHONPATH=/home/phc2603/ros/build/minebot_playground/prefix_override:/usr/lib/python3/dist-packages/colcon_core/task/python/colcon_distutils_commands:/home/phc2603/ros/install/minebot_playground/lib/python3.12/site-packages:${PYTHONPATH} /usr/bin/python3 -W ignore:setup.py install is deprecated -W ignore:easy_install command is deprecated setup.py egg_info --egg-base ../../build/minebot_playground build --build-base /home/phc2603/ros/build/minebot_playground/build install --record /home/phc2603/ros/build/minebot_playground/install.log --single-version-externally-managed install_data --force
