[0.777s] DEBUG:colcon:Command line arguments: ['/usr/bin/colcon', 'build', '--symlink-install']
[0.777s] DEBUG:colcon:Parsed command line arguments: Namespace(log_base=None, log_level=None, verb_name='build', build_base='build', install_base='install', merge_install=False, symlink_install=True, test_result_base=None, continue_on_error=False, executor='parallel', parallel_workers=16, event_handlers=None, ignore_user_meta=False, metas=['./colcon.meta'], base_paths=['.'], packages_ignore=None, packages_ignore_regex=None, paths=None, packages_up_to=None, packages_up_to_regex=None, packages_above=None, packages_above_and_dependencies=None, packages_above_depth=None, packages_select_by_dep=None, packages_skip_by_dep=None, packages_skip_up_to=None, packages_select_build_failed=False, packages_skip_build_finished=False, packages_select_test_failures=False, packages_skip_test_passed=False, packages_select=None, packages_skip=None, packages_select_regex=None, packages_skip_regex=None, packages_start=None, packages_end=None, allow_overriding=[], cmake_args=None, cmake_target=None, cmake_target_skip_unavailable=False, cmake_clean_cache=False, cmake_clean_first=False, cmake_force_configure=False, ament_cmake_args=None, catkin_cmake_args=None, catkin_skip_building_tests=False, mixin_files=None, mixin=None, verb_parser=<colcon_mixin.mixin.mixin_argument.MixinArgumentDecorator object at 0x79ad40e75280>, verb_extension=<colcon_core.verb.build.BuildVerb object at 0x79ad40e74f20>, main=<bound method BuildVerb.main of <colcon_core.verb.build.BuildVerb object at 0x79ad40e74f20>>, mixin_verb=('build',))
[0.920s] Level 1:colcon.colcon_core.package_discovery:discover_packages(colcon_meta) check parameters
[0.920s] Level 1:colcon.colcon_core.package_discovery:discover_packages(recursive) check parameters
[0.920s] Level 1:colcon.colcon_core.package_discovery:discover_packages(ignore) check parameters
[0.920s] Level 1:colcon.colcon_core.package_discovery:discover_packages(path) check parameters
[0.920s] Level 1:colcon.colcon_core.package_discovery:discover_packages(colcon_meta) discover
[0.920s] Level 1:colcon.colcon_core.package_discovery:discover_packages(recursive) discover
[0.920s] INFO:colcon.colcon_core.package_discovery:Crawling recursively for packages in '/home/phc2603/ros/src'
[0.920s] Level 1:colcon.colcon_core.package_identification:_identify(.) by extensions ['ignore', 'ignore_ament_install']
[0.921s] Level 1:colcon.colcon_core.package_identification:_identify(.) by extension 'ignore'
[0.921s] Level 1:colcon.colcon_core.package_identification:_identify(.) by extension 'ignore_ament_install'
[0.921s] Level 1:colcon.colcon_core.package_identification:_identify(.) by extensions ['colcon_pkg']
[0.921s] Level 1:colcon.colcon_core.package_identification:_identify(.) by extension 'colcon_pkg'
[0.921s] Level 1:colcon.colcon_core.package_identification:_identify(.) by extensions ['colcon_meta']
[0.921s] Level 1:colcon.colcon_core.package_identification:_identify(.) by extension 'colcon_meta'
[0.921s] Level 1:colcon.colcon_core.package_identification:_identify(.) by extensions ['ros']
[0.921s] Level 1:colcon.colcon_core.package_identification:_identify(.) by extension 'ros'
[0.986s] Level 1:colcon.colcon_core.package_identification:_identify(.) by extensions ['cmake', 'python']
[0.987s] Level 1:colcon.colcon_core.package_identification:_identify(.) by extension 'cmake'
[0.987s] Level 1:colcon.colcon_core.package_identification:_identify(.) by extension 'python'
[0.987s] Level 1:colcon.colcon_core.package_identification:_identify(.) by extensions ['python_setup_py']
[0.987s] Level 1:colcon.colcon_core.package_identification:_identify(.) by extension 'python_setup_py'
[0.987s] Level 1:colcon.colcon_core.package_identification:_identify(build) by extensions ['ignore', 'ignore_ament_install']
[0.987s] Level 1:colcon.colcon_core.package_identification:_identify(build) by extension 'ignore'
[0.987s] Level 1:colcon.colcon_core.package_identification:_identify(build) ignored
[0.987s] Level 1:colcon.colcon_core.package_identification:_identify(initials_ros) by extensions ['ignore', 'ignore_ament_install']
[0.987s] Level 1:colcon.colcon_core.package_identification:_identify(initials_ros) by extension 'ignore'
[0.988s] Level 1:colcon.colcon_core.package_identification:_identify(initials_ros) by extension 'ignore_ament_install'
[0.988s] Level 1:colcon.colcon_core.package_identification:_identify(initials_ros) by extensions ['colcon_pkg']
[0.988s] Level 1:colcon.colcon_core.package_identification:_identify(initials_ros) by extension 'colcon_pkg'
[0.988s] Level 1:colcon.colcon_core.package_identification:_identify(initials_ros) by extensions ['colcon_meta']
[0.988s] Level 1:colcon.colcon_core.package_identification:_identify(initials_ros) by extension 'colcon_meta'
[0.988s] Level 1:colcon.colcon_core.package_identification:_identify(initials_ros) by extensions ['ros']
[0.988s] Level 1:colcon.colcon_core.package_identification:_identify(initials_ros) by extension 'ros'
[0.997s] DEBUG:colcon.colcon_core.package_identification:Package 'initials_ros' with type 'ros.ament_python' and name 'initials_ros'
[0.998s] Level 1:colcon.colcon_core.package_identification:_identify(install) by extensions ['ignore', 'ignore_ament_install']
[0.998s] Level 1:colcon.colcon_core.package_identification:_identify(install) by extension 'ignore'
[0.998s] Level 1:colcon.colcon_core.package_identification:_identify(install) ignored
[0.998s] Level 1:colcon.colcon_core.package_identification:_identify(log) by extensions ['ignore', 'ignore_ament_install']
[0.998s] Level 1:colcon.colcon_core.package_identification:_identify(log) by extension 'ignore'
[0.999s] Level 1:colcon.colcon_core.package_identification:_identify(log) ignored
[0.999s] Level 1:colcon.colcon_core.package_identification:_identify(minebot_playground) by extensions ['ignore', 'ignore_ament_install']
[0.999s] Level 1:colcon.colcon_core.package_identification:_identify(minebot_playground) by extension 'ignore'
[0.999s] Level 1:colcon.colcon_core.package_identification:_identify(minebot_playground) by extension 'ignore_ament_install'
[0.999s] Level 1:colcon.colcon_core.package_identification:_identify(minebot_playground) by extensions ['colcon_pkg']
[0.999s] Level 1:colcon.colcon_core.package_identification:_identify(minebot_playground) by extension 'colcon_pkg'
[0.999s] Level 1:colcon.colcon_core.package_identification:_identify(minebot_playground) by extensions ['colcon_meta']
[0.999s] Level 1:colcon.colcon_core.package_identification:_identify(minebot_playground) by extension 'colcon_meta'
[0.999s] Level 1:colcon.colcon_core.package_identification:_identify(minebot_playground) by extensions ['ros']
[0.999s] Level 1:colcon.colcon_core.package_identification:_identify(minebot_playground) by extension 'ros'
[1.001s] DEBUG:colcon.colcon_core.package_identification:Package 'minebot_playground' with type 'ros.ament_python' and name 'minebot_playground'
[1.002s] Level 1:colcon.colcon_core.package_discovery:discover_packages(recursive) using defaults
[1.002s] Level 1:colcon.colcon_core.package_discovery:discover_packages(ignore) discover
[1.002s] Level 1:colcon.colcon_core.package_discovery:discover_packages(ignore) using defaults
[1.002s] Level 1:colcon.colcon_core.package_discovery:discover_packages(path) discover
[1.002s] Level 1:colcon.colcon_core.package_discovery:discover_packages(path) using defaults
[1.063s] Level 1:colcon.colcon_core.package_discovery:discover_packages(prefix_path) check parameters
[1.063s] Level 1:colcon.colcon_core.package_discovery:discover_packages(prefix_path) discover
[1.068s] WARNING:colcon.colcon_core.prefix_path.colcon:The path '/home/phc2603/ros/src/initialsRos/install' in the environment variable COLCON_PREFIX_PATH doesn't exist
[1.072s] DEBUG:colcon.colcon_installed_package_information.package_discovery:Found 1 installed packages in /home/phc2603/ros/src/install
[1.076s] DEBUG:colcon.colcon_installed_package_information.package_discovery:Found 288 installed packages in /opt/ros/jazzy
[1.078s] Level 1:colcon.colcon_core.package_discovery:discover_packages(prefix_path) using defaults
[1.284s] Level 5:colcon.colcon_core.verb:set package 'initials_ros' build argument 'cmake_args' from command line to 'None'
[1.284s] Level 5:colcon.colcon_core.verb:set package 'initials_ros' build argument 'cmake_target' from command line to 'None'
[1.284s] Level 5:colcon.colcon_core.verb:set package 'initials_ros' build argument 'cmake_target_skip_unavailable' from command line to 'False'
[1.285s] Level 5:colcon.colcon_core.verb:set package 'initials_ros' build argument 'cmake_clean_cache' from command line to 'False'
[1.285s] Level 5:colcon.colcon_core.verb:set package 'initials_ros' build argument 'cmake_clean_first' from command line to 'False'
[1.285s] Level 5:colcon.colcon_core.verb:set package 'initials_ros' build argument 'cmake_force_configure' from command line to 'False'
[1.285s] Level 5:colcon.colcon_core.verb:set package 'initials_ros' build argument 'ament_cmake_args' from command line to 'None'
[1.285s] Level 5:colcon.colcon_core.verb:set package 'initials_ros' build argument 'catkin_cmake_args' from command line to 'None'
[1.285s] Level 5:colcon.colcon_core.verb:set package 'initials_ros' build argument 'catkin_skip_building_tests' from command line to 'False'
[1.285s] DEBUG:colcon.colcon_core.verb:Building package 'initials_ros' with the following arguments: {'ament_cmake_args': None, 'build_base': '/home/phc2603/ros/src/build/initials_ros', 'catkin_cmake_args': None, 'catkin_skip_building_tests': False, 'cmake_args': None, 'cmake_clean_cache': False, 'cmake_clean_first': False, 'cmake_force_configure': False, 'cmake_target': None, 'cmake_target_skip_unavailable': False, 'install_base': '/home/phc2603/ros/src/install/initials_ros', 'merge_install': False, 'path': '/home/phc2603/ros/src/initials_ros', 'symlink_install': True, 'test_result_base': None}
[1.285s] Level 5:colcon.colcon_core.verb:set package 'minebot_playground' build argument 'cmake_args' from command line to 'None'
[1.285s] Level 5:colcon.colcon_core.verb:set package 'minebot_playground' build argument 'cmake_target' from command line to 'None'
[1.285s] Level 5:colcon.colcon_core.verb:set package 'minebot_playground' build argument 'cmake_target_skip_unavailable' from command line to 'False'
[1.285s] Level 5:colcon.colcon_core.verb:set package 'minebot_playground' build argument 'cmake_clean_cache' from command line to 'False'
[1.285s] Level 5:colcon.colcon_core.verb:set package 'minebot_playground' build argument 'cmake_clean_first' from command line to 'False'
[1.285s] Level 5:colcon.colcon_core.verb:set package 'minebot_playground' build argument 'cmake_force_configure' from command line to 'False'
[1.285s] Level 5:colcon.colcon_core.verb:set package 'minebot_playground' build argument 'ament_cmake_args' from command line to 'None'
[1.285s] Level 5:colcon.colcon_core.verb:set package 'minebot_playground' build argument 'catkin_cmake_args' from command line to 'None'
[1.285s] Level 5:colcon.colcon_core.verb:set package 'minebot_playground' build argument 'catkin_skip_building_tests' from command line to 'False'
[1.285s] DEBUG:colcon.colcon_core.verb:Building package 'minebot_playground' with the following arguments: {'ament_cmake_args': None, 'build_base': '/home/phc2603/ros/src/build/minebot_playground', 'catkin_cmake_args': None, 'catkin_skip_building_tests': False, 'cmake_args': None, 'cmake_clean_cache': False, 'cmake_clean_first': False, 'cmake_force_configure': False, 'cmake_target': None, 'cmake_target_skip_unavailable': False, 'install_base': '/home/phc2603/ros/src/install/minebot_playground', 'merge_install': False, 'path': '/home/phc2603/ros/src/minebot_playground', 'symlink_install': True, 'test_result_base': None}
[1.285s] INFO:colcon.colcon_core.executor:Executing jobs using 'parallel' executor
[1.287s] DEBUG:colcon.colcon_parallel_executor.executor.parallel:run_until_complete
[1.288s] INFO:colcon.colcon_ros.task.ament_python.build:Building ROS package in '/home/phc2603/ros/src/initials_ros' with build type 'ament_python'
[1.288s] Level 1:colcon.colcon_core.shell:create_environment_hook('initials_ros', 'ament_prefix_path')
[1.301s] INFO:colcon.colcon_core.plugin_system:Skipping extension 'colcon_core.shell.bat': Not used on non-Windows systems
[1.302s] INFO:colcon.colcon_core.shell:Creating environment hook '/home/phc2603/ros/src/install/initials_ros/share/initials_ros/hook/ament_prefix_path.ps1'
[1.306s] INFO:colcon.colcon_core.shell:Creating environment descriptor '/home/phc2603/ros/src/install/initials_ros/share/initials_ros/hook/ament_prefix_path.dsv'
[1.309s] INFO:colcon.colcon_core.shell:Creating environment hook '/home/phc2603/ros/src/install/initials_ros/share/initials_ros/hook/ament_prefix_path.sh'
[1.311s] INFO:colcon.colcon_core.shell:Skip shell extension 'powershell' for command environment: Not usable outside of PowerShell
[1.311s] DEBUG:colcon.colcon_core.shell:Skip shell extension 'dsv' for command environment
[1.317s] INFO:colcon.colcon_ros.task.ament_python.build:Building ROS package in '/home/phc2603/ros/src/minebot_playground' with build type 'ament_python'
[1.317s] Level 1:colcon.colcon_core.shell:create_environment_hook('minebot_playground', 'ament_prefix_path')
[1.318s] INFO:colcon.colcon_core.shell:Creating environment hook '/home/phc2603/ros/src/install/minebot_playground/share/minebot_playground/hook/ament_prefix_path.ps1'
[1.323s] INFO:colcon.colcon_core.shell:Creating environment descriptor '/home/phc2603/ros/src/install/minebot_playground/share/minebot_playground/hook/ament_prefix_path.dsv'
[1.324s] INFO:colcon.colcon_core.shell:Creating environment hook '/home/phc2603/ros/src/install/minebot_playground/share/minebot_playground/hook/ament_prefix_path.sh'
[1.325s] INFO:colcon.colcon_core.shell:Skip shell extension 'powershell' for command environment: Not usable outside of PowerShell
[1.325s] DEBUG:colcon.colcon_core.shell:Skip shell extension 'dsv' for command environment
[1.666s] INFO:colcon.colcon_core.task.python.build:Building Python package in '/home/phc2603/ros/src/initials_ros'
[1.666s] INFO:colcon.colcon_core.shell:Skip shell extension 'powershell' for command environment: Not usable outside of PowerShell
[1.666s] DEBUG:colcon.colcon_core.shell:Skip shell extension 'dsv' for command environment
[1.982s] INFO:colcon.colcon_core.task.python.build:Building Python package in '/home/phc2603/ros/src/minebot_playground'
[1.983s] INFO:colcon.colcon_core.shell:Skip shell extension 'powershell' for command environment: Not usable outside of PowerShell
[1.983s] DEBUG:colcon.colcon_core.shell:Skip shell extension 'dsv' for command environment
[3.792s] DEBUG:colcon.colcon_core.event_handler.log_command:Invoking command in '/home/phc2603/ros/src/build/initials_ros': PYTHONPATH=/home/phc2603/ros/src/build/initials_ros/prefix_override:/usr/lib/python3/dist-packages/colcon_core/task/python/colcon_distutils_commands:/home/phc2603/ros/src/install/initials_ros/lib/python3.12/site-packages:${PYTHONPATH} /usr/bin/python3 -W ignore:setup.py install is deprecated -W ignore:easy_install command is deprecated setup.py develop --editable --build-directory /home/phc2603/ros/src/build/initials_ros/build --no-deps symlink_data
[3.806s] DEBUG:colcon.colcon_core.event_handler.log_command:Invoking command in '/home/phc2603/ros/src/build/minebot_playground': PYTHONPATH=/home/phc2603/ros/src/build/minebot_playground/prefix_override:/usr/lib/python3/dist-packages/colcon_core/task/python/colcon_distutils_commands:/home/phc2603/ros/src/install/minebot_playground/lib/python3.12/site-packages:${PYTHONPATH} /usr/bin/python3 -W ignore:setup.py install is deprecated -W ignore:easy_install command is deprecated setup.py develop --editable --build-directory /home/phc2603/ros/src/build/minebot_playground/build --no-deps symlink_data
[4.793s] Level 1:colcon.colcon_core.shell:create_environment_hook('minebot_playground', 'pythonpath_develop')
[4.793s] INFO:colcon.colcon_core.shell:Creating environment hook '/home/phc2603/ros/src/build/minebot_playground/share/minebot_playground/hook/pythonpath_develop.ps1'
[4.794s] DEBUG:colcon.colcon_core.event_handler.log_command:Invoked command in '/home/phc2603/ros/src/build/minebot_playground' returned '0': PYTHONPATH=/home/phc2603/ros/src/build/minebot_playground/prefix_override:/usr/lib/python3/dist-packages/colcon_core/task/python/colcon_distutils_commands:/home/phc2603/ros/src/install/minebot_playground/lib/python3.12/site-packages:${PYTHONPATH} /usr/bin/python3 -W ignore:setup.py install is deprecated -W ignore:easy_install command is deprecated setup.py develop --editable --build-directory /home/phc2603/ros/src/build/minebot_playground/build --no-deps symlink_data
[4.797s] INFO:colcon.colcon_core.shell:Creating environment descriptor '/home/phc2603/ros/src/build/minebot_playground/share/minebot_playground/hook/pythonpath_develop.dsv'
[4.798s] INFO:colcon.colcon_core.shell:Creating environment hook '/home/phc2603/ros/src/build/minebot_playground/share/minebot_playground/hook/pythonpath_develop.sh'
[4.813s] Level 1:colcon.colcon_core.environment:checking '/home/phc2603/ros/src/install/minebot_playground' for CMake module files
[4.814s] Level 1:colcon.colcon_core.environment:checking '/home/phc2603/ros/src/install/minebot_playground' for CMake config files
[4.815s] Level 1:colcon.colcon_core.environment:checking '/home/phc2603/ros/src/install/minebot_playground/lib'
[4.815s] Level 1:colcon.colcon_core.environment:checking '/home/phc2603/ros/src/install/minebot_playground/bin'
[4.815s] Level 1:colcon.colcon_core.environment:checking '/home/phc2603/ros/src/install/minebot_playground/lib/pkgconfig/minebot_playground.pc'
[4.815s] Level 1:colcon.colcon_core.environment:checking '/home/phc2603/ros/src/install/minebot_playground/lib/python3.12/site-packages'
[4.815s] Level 1:colcon.colcon_core.shell:create_environment_hook('minebot_playground', 'pythonpath')
[4.815s] INFO:colcon.colcon_core.shell:Creating environment hook '/home/phc2603/ros/src/install/minebot_playground/share/minebot_playground/hook/pythonpath.ps1'
[4.816s] INFO:colcon.colcon_core.shell:Creating environment descriptor '/home/phc2603/ros/src/install/minebot_playground/share/minebot_playground/hook/pythonpath.dsv'
[4.817s] INFO:colcon.colcon_core.shell:Creating environment hook '/home/phc2603/ros/src/install/minebot_playground/share/minebot_playground/hook/pythonpath.sh'
[4.818s] Level 1:colcon.colcon_core.environment:checking '/home/phc2603/ros/src/install/minebot_playground/bin'
[4.818s] Level 1:colcon.colcon_core.environment:create_environment_scripts_only(minebot_playground)
[4.818s] INFO:colcon.colcon_core.shell:Creating package script '/home/phc2603/ros/src/install/minebot_playground/share/minebot_playground/package.ps1'
[4.820s] INFO:colcon.colcon_core.shell:Creating package descriptor '/home/phc2603/ros/src/install/minebot_playground/share/minebot_playground/package.dsv'
[4.823s] INFO:colcon.colcon_core.shell:Creating package script '/home/phc2603/ros/src/install/minebot_playground/share/minebot_playground/package.sh'
[4.824s] INFO:colcon.colcon_core.shell:Creating package script '/home/phc2603/ros/src/install/minebot_playground/share/minebot_playground/package.bash'
[4.826s] INFO:colcon.colcon_core.shell:Creating package script '/home/phc2603/ros/src/install/minebot_playground/share/minebot_playground/package.zsh'
[4.828s] Level 1:colcon.colcon_core.environment:create_file_with_runtime_dependencies(/home/phc2603/ros/src/install/minebot_playground/share/colcon-core/packages/minebot_playground)
[4.831s] Level 1:colcon.colcon_core.shell:create_environment_hook('initials_ros', 'pythonpath_develop')
[4.832s] INFO:colcon.colcon_core.shell:Creating environment hook '/home/phc2603/ros/src/build/initials_ros/share/initials_ros/hook/pythonpath_develop.ps1'
[4.835s] INFO:colcon.colcon_core.shell:Creating environment descriptor '/home/phc2603/ros/src/build/initials_ros/share/initials_ros/hook/pythonpath_develop.dsv'
[4.838s] DEBUG:colcon.colcon_core.event_handler.log_command:Invoked command in '/home/phc2603/ros/src/build/initials_ros' returned '0': PYTHONPATH=/home/phc2603/ros/src/build/initials_ros/prefix_override:/usr/lib/python3/dist-packages/colcon_core/task/python/colcon_distutils_commands:/home/phc2603/ros/src/install/initials_ros/lib/python3.12/site-packages:${PYTHONPATH} /usr/bin/python3 -W ignore:setup.py install is deprecated -W ignore:easy_install command is deprecated setup.py develop --editable --build-directory /home/phc2603/ros/src/build/initials_ros/build --no-deps symlink_data
[4.839s] INFO:colcon.colcon_core.shell:Creating environment hook '/home/phc2603/ros/src/build/initials_ros/share/initials_ros/hook/pythonpath_develop.sh'
[4.840s] Level 1:colcon.colcon_core.environment:checking '/home/phc2603/ros/src/install/initials_ros' for CMake module files
[4.842s] Level 1:colcon.colcon_core.environment:checking '/home/phc2603/ros/src/install/initials_ros' for CMake config files
[4.843s] Level 1:colcon.colcon_core.environment:checking '/home/phc2603/ros/src/install/initials_ros/lib'
[4.844s] Level 1:colcon.colcon_core.environment:checking '/home/phc2603/ros/src/install/initials_ros/bin'
[4.844s] Level 1:colcon.colcon_core.environment:checking '/home/phc2603/ros/src/install/initials_ros/lib/pkgconfig/initials_ros.pc'
[4.844s] Level 1:colcon.colcon_core.environment:checking '/home/phc2603/ros/src/install/initials_ros/lib/python3.12/site-packages'
[4.844s] Level 1:colcon.colcon_core.shell:create_environment_hook('initials_ros', 'pythonpath')
[4.845s] INFO:colcon.colcon_core.shell:Creating environment hook '/home/phc2603/ros/src/install/initials_ros/share/initials_ros/hook/pythonpath.ps1'
[4.845s] INFO:colcon.colcon_core.shell:Creating environment descriptor '/home/phc2603/ros/src/install/initials_ros/share/initials_ros/hook/pythonpath.dsv'
[4.846s] INFO:colcon.colcon_core.shell:Creating environment hook '/home/phc2603/ros/src/install/initials_ros/share/initials_ros/hook/pythonpath.sh'
[4.849s] Level 1:colcon.colcon_core.environment:checking '/home/phc2603/ros/src/install/initials_ros/bin'
[4.849s] Level 1:colcon.colcon_core.environment:create_environment_scripts_only(initials_ros)
[4.850s] INFO:colcon.colcon_core.shell:Creating package script '/home/phc2603/ros/src/install/initials_ros/share/initials_ros/package.ps1'
[4.851s] INFO:colcon.colcon_core.shell:Creating package descriptor '/home/phc2603/ros/src/install/initials_ros/share/initials_ros/package.dsv'
[4.852s] INFO:colcon.colcon_core.shell:Creating package script '/home/phc2603/ros/src/install/initials_ros/share/initials_ros/package.sh'
[4.854s] INFO:colcon.colcon_core.shell:Creating package script '/home/phc2603/ros/src/install/initials_ros/share/initials_ros/package.bash'
[4.855s] INFO:colcon.colcon_core.shell:Creating package script '/home/phc2603/ros/src/install/initials_ros/share/initials_ros/package.zsh'
[4.855s] Level 1:colcon.colcon_core.environment:create_file_with_runtime_dependencies(/home/phc2603/ros/src/install/initials_ros/share/colcon-core/packages/initials_ros)
[4.857s] DEBUG:colcon.colcon_parallel_executor.executor.parallel:closing loop
[4.859s] DEBUG:colcon.colcon_parallel_executor.executor.parallel:loop closed
[4.859s] DEBUG:colcon.colcon_parallel_executor.executor.parallel:run_until_complete finished with '0'
[4.859s] DEBUG:colcon.colcon_core.event_reactor:joining thread
[5.016s] INFO:colcon.colcon_core.plugin_system:Skipping extension 'colcon_notification.desktop_notification.notify_send': Could not find 'notify-send'
[5.016s] INFO:colcon.colcon_core.plugin_system:Skipping extension 'colcon_notification.desktop_notification.terminal_notifier': Not used on non-Darwin systems
[5.016s] INFO:colcon.colcon_core.plugin_system:Skipping extension 'colcon_notification.desktop_notification.win32': Not used on non-Windows systems
[5.016s] INFO:colcon.colcon_notification.desktop_notification:Sending desktop notification using 'notify2'
[5.034s] DEBUG:colcon.colcon_notification.desktop_notification.notify2:Failed to initialize notify2: org.freedesktop.DBus.Error.ServiceUnknown: The name org.freedesktop.Notifications was not provided by any .service files
[5.034s] DEBUG:colcon.colcon_core.event_reactor:joined thread
[5.035s] INFO:colcon.colcon_core.shell:Creating prefix script '/home/phc2603/ros/src/install/local_setup.ps1'
[5.037s] INFO:colcon.colcon_core.shell:Creating prefix util module '/home/phc2603/ros/src/install/_local_setup_util_ps1.py'
[5.041s] INFO:colcon.colcon_core.shell:Creating prefix chain script '/home/phc2603/ros/src/install/setup.ps1'
[5.044s] INFO:colcon.colcon_core.shell:Creating prefix script '/home/phc2603/ros/src/install/local_setup.sh'
[5.047s] INFO:colcon.colcon_core.shell:Creating prefix util module '/home/phc2603/ros/src/install/_local_setup_util_sh.py'
[5.049s] INFO:colcon.colcon_core.shell:Creating prefix chain script '/home/phc2603/ros/src/install/setup.sh'
[5.052s] INFO:colcon.colcon_core.shell:Creating prefix script '/home/phc2603/ros/src/install/local_setup.bash'
[5.054s] INFO:colcon.colcon_core.shell:Creating prefix chain script '/home/phc2603/ros/src/install/setup.bash'
[5.058s] INFO:colcon.colcon_core.shell:Creating prefix script '/home/phc2603/ros/src/install/local_setup.zsh'
[5.061s] INFO:colcon.colcon_core.shell:Creating prefix chain script '/home/phc2603/ros/src/install/setup.zsh'
