[1.317s] Invoking command in '/home/phc2603/ros/build/minebot_playground': PYTHONPATH=/home/phc2603/ros/build/minebot_playground/prefix_override:/usr/lib/python3/dist-packages/colcon_core/task/python/colcon_distutils_commands:/home/phc2603/ros/install/minebot_playground/lib/python3.12/site-packages:${PYTHONPATH} /usr/bin/python3 -W ignore:setup.py install is deprecated -W ignore:easy_install command is deprecated setup.py develop --editable --build-directory /home/phc2603/ros/build/minebot_playground/build --no-deps symlink_data
[1.679s] running develop
[1.902s] running egg_info
[1.921s] writing minebot_playground.egg-info/PKG-INFO
[1.922s] writing dependency_links to minebot_playground.egg-info/dependency_links.txt
[1.922s] writing entry points to minebot_playground.egg-info/entry_points.txt
[1.923s] writing requirements to minebot_playground.egg-info/requires.txt
[1.923s] writing top-level names to minebot_playground.egg-info/top_level.txt
[1.966s] reading manifest file 'minebot_playground.egg-info/SOURCES.txt'
[1.967s] writing manifest file 'minebot_playground.egg-info/SOURCES.txt'
[1.987s] running build_ext
[1.987s] Creating /home/phc2603/ros/install/minebot_playground/lib/python3.12/site-packages/minebot-playground.egg-link (link to .)
[1.988s] Installing control_auto script to /home/phc2603/ros/install/minebot_playground/lib/minebot_playground
[1.989s] Installing gas_mock_pub script to /home/phc2603/ros/install/minebot_playground/lib/minebot_playground
[1.989s] Installing usbcam_node script to /home/phc2603/ros/install/minebot_playground/lib/minebot_playground
[1.989s] Installing user_controller script to /home/phc2603/ros/install/minebot_playground/lib/minebot_playground
[1.990s] 
[1.990s] Installed /home/phc2603/ros/build/minebot_playground
[1.990s] running symlink_data
[2.058s] Invoked command in '/home/phc2603/ros/build/minebot_playground' returned '0': PYTHONPATH=/home/phc2603/ros/build/minebot_playground/prefix_override:/usr/lib/python3/dist-packages/colcon_core/task/python/colcon_distutils_commands:/home/phc2603/ros/install/minebot_playground/lib/python3.12/site-packages:${PYTHONPATH} /usr/bin/python3 -W ignore:setup.py install is deprecated -W ignore:easy_install command is deprecated setup.py develop --editable --build-directory /home/phc2603/ros/build/minebot_playground/build --no-deps symlink_data
