[1.664s] Invoking command in '/home/phc2603/ros/build/minebot_playground': PYTHONPATH=/home/phc2603/ros/build/minebot_playground/prefix_override:/usr/lib/python3/dist-packages/colcon_core/task/python/colcon_distutils_commands:/home/phc2603/ros/install/minebot_playground/lib/python3.12/site-packages:${PYTHONPATH} /usr/bin/python3 -W ignore:setup.py install is deprecated -W ignore:easy_install command is deprecated setup.py develop --editable --build-directory /home/phc2603/ros/build/minebot_playground/build --no-deps symlink_data
[2.011s] running develop
[2.235s] running egg_info
[2.255s] writing minebot_playground.egg-info/PKG-INFO
[2.256s] writing dependency_links to minebot_playground.egg-info/dependency_links.txt
[2.256s] writing entry points to minebot_playground.egg-info/entry_points.txt
[2.257s] writing requirements to minebot_playground.egg-info/requires.txt
[2.257s] writing top-level names to minebot_playground.egg-info/top_level.txt
[2.300s] reading manifest file 'minebot_playground.egg-info/SOURCES.txt'
[2.302s] writing manifest file 'minebot_playground.egg-info/SOURCES.txt'
[2.324s] running build_ext
[2.324s] Creating /home/phc2603/ros/install/minebot_playground/lib/python3.12/site-packages/minebot-playground.egg-link (link to .)
[2.326s] Installing control_auto script to /home/phc2603/ros/install/minebot_playground/lib/minebot_playground
[2.328s] Installing gas_mock script to /home/phc2603/ros/install/minebot_playground/lib/minebot_playground
[2.329s] Installing usbcam_node script to /home/phc2603/ros/install/minebot_playground/lib/minebot_playground
[2.331s] Installing user_controller script to /home/phc2603/ros/install/minebot_playground/lib/minebot_playground
[2.331s] 
[2.332s] Installed /home/phc2603/ros/build/minebot_playground
[2.332s] running symlink_data
[2.332s] creating /home/phc2603/ros/install/minebot_playground/share/minebot_playground/launch
[2.333s] symbolically linking /home/phc2603/ros/build/minebot_playground/launch/display.launch.py -> /home/phc2603/ros/install/minebot_playground/share/minebot_playground/launch
[2.392s] Invoked command in '/home/phc2603/ros/build/minebot_playground' returned '0': PYTHONPATH=/home/phc2603/ros/build/minebot_playground/prefix_override:/usr/lib/python3/dist-packages/colcon_core/task/python/colcon_distutils_commands:/home/phc2603/ros/install/minebot_playground/lib/python3.12/site-packages:${PYTHONPATH} /usr/bin/python3 -W ignore:setup.py install is deprecated -W ignore:easy_install command is deprecated setup.py develop --editable --build-directory /home/phc2603/ros/build/minebot_playground/build --no-deps symlink_data
