[0.311s] Invoking command in '/home/phc2603/ros/build/naviq_description': CMAKE_PREFIX_PATH=${CMAKE_PREFIX_PATH}:/opt/ros/jazzy /usr/bin/cmake /home/phc2603/ros/src/naviq_description -DCMAKE_INSTALL_PREFIX=/home/phc2603/ros/install/naviq_description
[0.872s] -- The C compiler identification is GNU 13.3.0
[2.306s] -- The CXX compiler identification is GNU 13.3.0
[3.768s] -- Detecting C compiler ABI info
[4.358s] -- Detecting C compiler ABI info - done
[4.372s] -- Check for working C compiler: /usr/bin/cc - skipped
[4.374s] -- Detecting C compile features
[4.376s] -- Detecting C compile features - done
[4.598s] -- Detecting CXX compiler ABI info
[5.194s] -- Detecting CXX compiler ABI info - done
[5.205s] -- Check for working CXX compiler: /usr/bin/c++ - skipped
[5.206s] -- Detecting CXX compile features
[5.206s] -- Detecting CXX compile features - done
[5.259s] -- Found ament_cmake: 2.5.4 (/opt/ros/jazzy/share/ament_cmake/cmake)
[5.560s] -- Found Python3: /usr/bin/python3 (found version "3.12.3") found components: Interpreter 
[5.863s] -- Found ament_lint_auto: 0.17.3 (/opt/ros/jazzy/share/ament_lint_auto/cmake)
[6.079s] -- Added test 'flake8' to check Python code syntax and style conventions
[6.079s] -- Configured 'flake8' exclude dirs and/or files: 
[6.083s] -- Added test 'lint_cmake' to check CMake code style
[6.086s] -- Added test 'pep257' to check Python code against some of the docstring style conventions in PEP 257
[6.091s] -- Added test 'xmllint' to check XML markup files
[6.098s] -- Configuring done (5.7s)
[6.114s] -- Generating done (0.0s)
[6.120s] -- Build files have been written to: /home/phc2603/ros/build/naviq_description
[6.134s] Invoked command in '/home/phc2603/ros/build/naviq_description' returned '0': CMAKE_PREFIX_PATH=${CMAKE_PREFIX_PATH}:/opt/ros/jazzy /usr/bin/cmake /home/phc2603/ros/src/naviq_description -DCMAKE_INSTALL_PREFIX=/home/phc2603/ros/install/naviq_description
[6.136s] Invoking command in '/home/phc2603/ros/build/naviq_description': CMAKE_PREFIX_PATH=${CMAKE_PREFIX_PATH}:/opt/ros/jazzy /usr/bin/cmake --build /home/phc2603/ros/build/naviq_description -- -j16 -l16
[6.209s] Invoked command in '/home/phc2603/ros/build/naviq_description' returned '0': CMAKE_PREFIX_PATH=${CMAKE_PREFIX_PATH}:/opt/ros/jazzy /usr/bin/cmake --build /home/phc2603/ros/build/naviq_description -- -j16 -l16
[6.228s] Invoking command in '/home/phc2603/ros/build/naviq_description': CMAKE_PREFIX_PATH=${CMAKE_PREFIX_PATH}:/opt/ros/jazzy /usr/bin/cmake --install /home/phc2603/ros/build/naviq_description
[6.240s] -- Install configuration: ""
[6.245s] -- Installing: /home/phc2603/ros/install/naviq_description/share/ament_index/resource_index/package_run_dependencies/naviq_description
[6.246s] -- Installing: /home/phc2603/ros/install/naviq_description/share/ament_index/resource_index/parent_prefix_path/naviq_description
[6.249s] -- Installing: /home/phc2603/ros/install/naviq_description/share/naviq_description/environment/ament_prefix_path.sh
[6.251s] -- Installing: /home/phc2603/ros/install/naviq_description/share/naviq_description/environment/ament_prefix_path.dsv
[6.251s] -- Installing: /home/phc2603/ros/install/naviq_description/share/naviq_description/environment/path.sh
[6.251s] -- Installing: /home/phc2603/ros/install/naviq_description/share/naviq_description/environment/path.dsv
[6.252s] -- Installing: /home/phc2603/ros/install/naviq_description/share/naviq_description/local_setup.bash
[6.252s] -- Installing: /home/phc2603/ros/install/naviq_description/share/naviq_description/local_setup.sh
[6.253s] -- Installing: /home/phc2603/ros/install/naviq_description/share/naviq_description/local_setup.zsh
[6.254s] -- Installing: /home/phc2603/ros/install/naviq_description/share/naviq_description/local_setup.dsv
[6.254s] -- Installing: /home/phc2603/ros/install/naviq_description/share/naviq_description/package.dsv
[6.256s] -- Installing: /home/phc2603/ros/install/naviq_description/share/ament_index/resource_index/packages/naviq_description
[6.257s] -- Installing: /home/phc2603/ros/install/naviq_description/share/naviq_description/cmake/naviq_descriptionConfig.cmake
[6.258s] -- Installing: /home/phc2603/ros/install/naviq_description/share/naviq_description/cmake/naviq_descriptionConfig-version.cmake
[6.258s] -- Installing: /home/phc2603/ros/install/naviq_description/share/naviq_description/package.xml
[6.263s] Invoked command in '/home/phc2603/ros/build/naviq_description' returned '0': CMAKE_PREFIX_PATH=${CMAKE_PREFIX_PATH}:/opt/ros/jazzy /usr/bin/cmake --install /home/phc2603/ros/build/naviq_description
