/home/phc2603/ros/install/minebot_playground/lib/python3.12/site-packages/minebot_playground/user_controller.py
/home/phc2603/ros/install/minebot_playground/lib/python3.12/site-packages/minebot_playground/__init__.py
/home/phc2603/ros/install/minebot_playground/lib/python3.12/site-packages/minebot_playground/gas_mock.py
/home/phc2603/ros/install/minebot_playground/lib/python3.12/site-packages/minebot_playground/usbcam_node.py
/home/phc2603/ros/install/minebot_playground/lib/python3.12/site-packages/minebot_playground/__pycache__/user_controller.cpython-312.pyc
/home/phc2603/ros/install/minebot_playground/lib/python3.12/site-packages/minebot_playground/__pycache__/__init__.cpython-312.pyc
/home/phc2603/ros/install/minebot_playground/lib/python3.12/site-packages/minebot_playground/__pycache__/gas_mock.cpython-312.pyc
/home/phc2603/ros/install/minebot_playground/lib/python3.12/site-packages/minebot_playground/__pycache__/usbcam_node.cpython-312.pyc
/home/phc2603/ros/install/minebot_playground/share/ament_index/resource_index/packages/minebot_playground
/home/phc2603/ros/install/minebot_playground/share/minebot_playground/package.xml
/home/phc2603/ros/install/minebot_playground/share/minebot_playground/launch/display.launch.py
/home/phc2603/ros/install/minebot_playground/share/minebot_playground/urdf/naviq.urdf
/home/phc2603/ros/install/minebot_playground/share/minebot_playground/worlds/world_mine.sdf
/home/phc2603/ros/install/minebot_playground/lib/python3.12/site-packages/minebot_playground-0.0.0-py3.12.egg-info/PKG-INFO
/home/phc2603/ros/install/minebot_playground/lib/python3.12/site-packages/minebot_playground-0.0.0-py3.12.egg-info/dependency_links.txt
/home/phc2603/ros/install/minebot_playground/lib/python3.12/site-packages/minebot_playground-0.0.0-py3.12.egg-info/zip-safe
/home/phc2603/ros/install/minebot_playground/lib/python3.12/site-packages/minebot_playground-0.0.0-py3.12.egg-info/SOURCES.txt
/home/phc2603/ros/install/minebot_playground/lib/python3.12/site-packages/minebot_playground-0.0.0-py3.12.egg-info/requires.txt
/home/phc2603/ros/install/minebot_playground/lib/python3.12/site-packages/minebot_playground-0.0.0-py3.12.egg-info/entry_points.txt
/home/phc2603/ros/install/minebot_playground/lib/python3.12/site-packages/minebot_playground-0.0.0-py3.12.egg-info/top_level.txt
/home/phc2603/ros/install/minebot_playground/lib/minebot_playground/control_auto
/home/phc2603/ros/install/minebot_playground/lib/minebot_playground/gas_mock
/home/phc2603/ros/install/minebot_playground/lib/minebot_playground/usbcam_node
/home/phc2603/ros/install/minebot_playground/lib/minebot_playground/user_controller
