[0.835s] DEBUG:colcon:Command line arguments: ['/usr/bin/colcon', 'build', '--symlink-install']
[0.835s] DEBUG:colcon:Parsed command line arguments: Namespace(log_base=None, log_level=None, verb_name='build', build_base='build', install_base='install', merge_install=False, symlink_install=True, test_result_base=None, continue_on_error=False, executor='parallel', parallel_workers=16, event_handlers=None, ignore_user_meta=False, metas=['./colcon.meta'], base_paths=['.'], packages_ignore=None, packages_ignore_regex=None, paths=None, packages_up_to=None, packages_up_to_regex=None, packages_above=None, packages_above_and_dependencies=None, packages_above_depth=None, packages_select_by_dep=None, packages_skip_by_dep=None, packages_skip_up_to=None, packages_select_build_failed=False, packages_skip_build_finished=False, packages_select_test_failures=False, packages_skip_test_passed=False, packages_select=None, packages_skip=None, packages_select_regex=None, packages_skip_regex=None, packages_start=None, packages_end=None, allow_overriding=[], cmake_args=None, cmake_target=None, cmake_target_skip_unavailable=False, cmake_clean_cache=False, cmake_clean_first=False, cmake_force_configure=False, ament_cmake_args=None, catkin_cmake_args=None, catkin_skip_building_tests=False, mixin_files=None, mixin=None, verb_parser=<colcon_mixin.mixin.mixin_argument.MixinArgumentDecorator object at 0x7fe3b6784f80>, verb_extension=<colcon_core.verb.build.BuildVerb object at 0x7fe3b6784b90>, main=<bound method BuildVerb.main of <colcon_core.verb.build.BuildVerb object at 0x7fe3b6784b90>>, mixin_verb=('build',))
[1.029s] Level 1:colcon.colcon_core.package_discovery:discover_packages(colcon_meta) check parameters
[1.029s] Level 1:colcon.colcon_core.package_discovery:discover_packages(recursive) check parameters
[1.029s] Level 1:colcon.colcon_core.package_discovery:discover_packages(ignore) check parameters
[1.030s] Level 1:colcon.colcon_core.package_discovery:discover_packages(path) check parameters
[1.030s] Level 1:colcon.colcon_core.package_discovery:discover_packages(colcon_meta) discover
[1.030s] Level 1:colcon.colcon_core.package_discovery:discover_packages(recursive) discover
[1.030s] INFO:colcon.colcon_core.package_discovery:Crawling recursively for packages in '/home/phc2603/ros'
[1.030s] Level 1:colcon.colcon_core.package_identification:_identify(.) by extensions ['ignore', 'ignore_ament_install']
[1.031s] Level 1:colcon.colcon_core.package_identification:_identify(.) by extension 'ignore'
[1.031s] Level 1:colcon.colcon_core.package_identification:_identify(.) by extension 'ignore_ament_install'
[1.031s] Level 1:colcon.colcon_core.package_identification:_identify(.) by extensions ['colcon_pkg']
[1.031s] Level 1:colcon.colcon_core.package_identification:_identify(.) by extension 'colcon_pkg'
[1.031s] Level 1:colcon.colcon_core.package_identification:_identify(.) by extensions ['colcon_meta']
[1.031s] Level 1:colcon.colcon_core.package_identification:_identify(.) by extension 'colcon_meta'
[1.031s] Level 1:colcon.colcon_core.package_identification:_identify(.) by extensions ['ros']
[1.031s] Level 1:colcon.colcon_core.package_identification:_identify(.) by extension 'ros'
[1.134s] Level 1:colcon.colcon_core.package_identification:_identify(.) by extensions ['cmake', 'python']
[1.135s] Level 1:colcon.colcon_core.package_identification:_identify(.) by extension 'cmake'
[1.135s] Level 1:colcon.colcon_core.package_identification:_identify(.) by extension 'python'
[1.135s] Level 1:colcon.colcon_core.package_identification:_identify(.) by extensions ['python_setup_py']
[1.135s] Level 1:colcon.colcon_core.package_identification:_identify(.) by extension 'python_setup_py'
[1.136s] Level 1:colcon.colcon_core.package_identification:_identify(build) by extensions ['ignore', 'ignore_ament_install']
[1.137s] Level 1:colcon.colcon_core.package_identification:_identify(build) by extension 'ignore'
[1.137s] Level 1:colcon.colcon_core.package_identification:_identify(build) ignored
[1.139s] Level 1:colcon.colcon_core.package_identification:_identify(install) by extensions ['ignore', 'ignore_ament_install']
[1.139s] Level 1:colcon.colcon_core.package_identification:_identify(install) by extension 'ignore'
[1.140s] Level 1:colcon.colcon_core.package_identification:_identify(install) ignored
[1.140s] Level 1:colcon.colcon_core.package_identification:_identify(log) by extensions ['ignore', 'ignore_ament_install']
[1.140s] Level 1:colcon.colcon_core.package_identification:_identify(log) by extension 'ignore'
[1.141s] Level 1:colcon.colcon_core.package_identification:_identify(log) ignored
[1.141s] Level 1:colcon.colcon_core.package_identification:_identify(my_camera) by extensions ['ignore', 'ignore_ament_install']
[1.141s] Level 1:colcon.colcon_core.package_identification:_identify(my_camera) by extension 'ignore'
[1.141s] Level 1:colcon.colcon_core.package_identification:_identify(my_camera) by extension 'ignore_ament_install'
[1.141s] Level 1:colcon.colcon_core.package_identification:_identify(my_camera) by extensions ['colcon_pkg']
[1.141s] Level 1:colcon.colcon_core.package_identification:_identify(my_camera) by extension 'colcon_pkg'
[1.142s] Level 1:colcon.colcon_core.package_identification:_identify(my_camera) by extensions ['colcon_meta']
[1.142s] Level 1:colcon.colcon_core.package_identification:_identify(my_camera) by extension 'colcon_meta'
[1.142s] Level 1:colcon.colcon_core.package_identification:_identify(my_camera) by extensions ['ros']
[1.142s] Level 1:colcon.colcon_core.package_identification:_identify(my_camera) by extension 'ros'
[1.151s] DEBUG:colcon.colcon_core.package_identification:Package 'my_camera' with type 'ros.ament_python' and name 'my_camera'
[1.152s] Level 1:colcon.colcon_core.package_identification:_identify(src) by extensions ['ignore', 'ignore_ament_install']
[1.152s] Level 1:colcon.colcon_core.package_identification:_identify(src) by extension 'ignore'
[1.152s] Level 1:colcon.colcon_core.package_identification:_identify(src) by extension 'ignore_ament_install'
[1.153s] Level 1:colcon.colcon_core.package_identification:_identify(src) by extensions ['colcon_pkg']
[1.153s] Level 1:colcon.colcon_core.package_identification:_identify(src) by extension 'colcon_pkg'
[1.153s] Level 1:colcon.colcon_core.package_identification:_identify(src) by extensions ['colcon_meta']
[1.153s] Level 1:colcon.colcon_core.package_identification:_identify(src) by extension 'colcon_meta'
[1.153s] Level 1:colcon.colcon_core.package_identification:_identify(src) by extensions ['ros']
[1.153s] Level 1:colcon.colcon_core.package_identification:_identify(src) by extension 'ros'
[1.153s] Level 1:colcon.colcon_core.package_identification:_identify(src) by extensions ['cmake', 'python']
[1.153s] Level 1:colcon.colcon_core.package_identification:_identify(src) by extension 'cmake'
[1.154s] Level 1:colcon.colcon_core.package_identification:_identify(src) by extension 'python'
[1.154s] Level 1:colcon.colcon_core.package_identification:_identify(src) by extensions ['python_setup_py']
[1.154s] Level 1:colcon.colcon_core.package_identification:_identify(src) by extension 'python_setup_py'
[1.155s] Level 1:colcon.colcon_core.package_identification:_identify(src/build) by extensions ['ignore', 'ignore_ament_install']
[1.156s] Level 1:colcon.colcon_core.package_identification:_identify(src/build) by extension 'ignore'
[1.156s] Level 1:colcon.colcon_core.package_identification:_identify(src/build) ignored
[1.157s] Level 1:colcon.colcon_core.package_identification:_identify(src/initials_ros) by extensions ['ignore', 'ignore_ament_install']
[1.157s] Level 1:colcon.colcon_core.package_identification:_identify(src/initials_ros) by extension 'ignore'
[1.157s] Level 1:colcon.colcon_core.package_identification:_identify(src/initials_ros) by extension 'ignore_ament_install'
[1.158s] Level 1:colcon.colcon_core.package_identification:_identify(src/initials_ros) by extensions ['colcon_pkg']
[1.158s] Level 1:colcon.colcon_core.package_identification:_identify(src/initials_ros) by extension 'colcon_pkg'
[1.158s] Level 1:colcon.colcon_core.package_identification:_identify(src/initials_ros) by extensions ['colcon_meta']
[1.158s] Level 1:colcon.colcon_core.package_identification:_identify(src/initials_ros) by extension 'colcon_meta'
[1.158s] Level 1:colcon.colcon_core.package_identification:_identify(src/initials_ros) by extensions ['ros']
[1.158s] Level 1:colcon.colcon_core.package_identification:_identify(src/initials_ros) by extension 'ros'
[1.161s] DEBUG:colcon.colcon_core.package_identification:Package 'src/initials_ros' with type 'ros.ament_python' and name 'initials_ros'
[1.163s] Level 1:colcon.colcon_core.package_identification:_identify(src/install) by extensions ['ignore', 'ignore_ament_install']
[1.163s] Level 1:colcon.colcon_core.package_identification:_identify(src/install) by extension 'ignore'
[1.163s] Level 1:colcon.colcon_core.package_identification:_identify(src/install) ignored
[1.165s] Level 1:colcon.colcon_core.package_identification:_identify(src/log) by extensions ['ignore', 'ignore_ament_install']
[1.165s] Level 1:colcon.colcon_core.package_identification:_identify(src/log) by extension 'ignore'
[1.165s] Level 1:colcon.colcon_core.package_identification:_identify(src/log) ignored
[1.165s] Level 1:colcon.colcon_core.package_identification:_identify(src/minebot_playground) by extensions ['ignore', 'ignore_ament_install']
[1.166s] Level 1:colcon.colcon_core.package_identification:_identify(src/minebot_playground) by extension 'ignore'
[1.166s] Level 1:colcon.colcon_core.package_identification:_identify(src/minebot_playground) by extension 'ignore_ament_install'
[1.167s] Level 1:colcon.colcon_core.package_identification:_identify(src/minebot_playground) by extensions ['colcon_pkg']
[1.167s] Level 1:colcon.colcon_core.package_identification:_identify(src/minebot_playground) by extension 'colcon_pkg'
[1.167s] Level 1:colcon.colcon_core.package_identification:_identify(src/minebot_playground) by extensions ['colcon_meta']
[1.167s] Level 1:colcon.colcon_core.package_identification:_identify(src/minebot_playground) by extension 'colcon_meta'
[1.167s] Level 1:colcon.colcon_core.package_identification:_identify(src/minebot_playground) by extensions ['ros']
[1.167s] Level 1:colcon.colcon_core.package_identification:_identify(src/minebot_playground) by extension 'ros'
[1.170s] DEBUG:colcon.colcon_core.package_identification:Package 'src/minebot_playground' with type 'ros.ament_python' and name 'minebot_playground'
[1.170s] Level 1:colcon.colcon_core.package_identification:_identify(~) by extensions ['ignore', 'ignore_ament_install']
[1.171s] Level 1:colcon.colcon_core.package_identification:_identify(~) by extension 'ignore'
[1.171s] Level 1:colcon.colcon_core.package_identification:_identify(~) by extension 'ignore_ament_install'
[1.171s] Level 1:colcon.colcon_core.package_identification:_identify(~) by extensions ['colcon_pkg']
[1.171s] Level 1:colcon.colcon_core.package_identification:_identify(~) by extension 'colcon_pkg'
[1.171s] Level 1:colcon.colcon_core.package_identification:_identify(~) by extensions ['colcon_meta']
[1.172s] Level 1:colcon.colcon_core.package_identification:_identify(~) by extension 'colcon_meta'
[1.172s] Level 1:colcon.colcon_core.package_identification:_identify(~) by extensions ['ros']
[1.172s] Level 1:colcon.colcon_core.package_identification:_identify(~) by extension 'ros'
[1.173s] Level 1:colcon.colcon_core.package_identification:_identify(~) by extensions ['cmake', 'python']
[1.173s] Level 1:colcon.colcon_core.package_identification:_identify(~) by extension 'cmake'
[1.173s] Level 1:colcon.colcon_core.package_identification:_identify(~) by extension 'python'
[1.174s] Level 1:colcon.colcon_core.package_identification:_identify(~) by extensions ['python_setup_py']
[1.174s] Level 1:colcon.colcon_core.package_identification:_identify(~) by extension 'python_setup_py'
[1.175s] Level 1:colcon.colcon_core.package_discovery:discover_packages(recursive) using defaults
[1.175s] Level 1:colcon.colcon_core.package_discovery:discover_packages(ignore) discover
[1.175s] Level 1:colcon.colcon_core.package_discovery:discover_packages(ignore) using defaults
[1.175s] Level 1:colcon.colcon_core.package_discovery:discover_packages(path) discover
[1.175s] Level 1:colcon.colcon_core.package_discovery:discover_packages(path) using defaults
[1.244s] Level 1:colcon.colcon_core.package_discovery:discover_packages(prefix_path) check parameters
[1.244s] Level 1:colcon.colcon_core.package_discovery:discover_packages(prefix_path) discover
[1.259s] DEBUG:colcon.colcon_installed_package_information.package_discovery:Found 288 installed packages in /opt/ros/jazzy
[1.261s] Level 1:colcon.colcon_core.package_discovery:discover_packages(prefix_path) using defaults
[1.511s] Level 5:colcon.colcon_core.verb:set package 'initials_ros' build argument 'cmake_args' from command line to 'None'
[1.512s] Level 5:colcon.colcon_core.verb:set package 'initials_ros' build argument 'cmake_target' from command line to 'None'
[1.512s] Level 5:colcon.colcon_core.verb:set package 'initials_ros' build argument 'cmake_target_skip_unavailable' from command line to 'False'
[1.512s] Level 5:colcon.colcon_core.verb:set package 'initials_ros' build argument 'cmake_clean_cache' from command line to 'False'
[1.512s] Level 5:colcon.colcon_core.verb:set package 'initials_ros' build argument 'cmake_clean_first' from command line to 'False'
[1.512s] Level 5:colcon.colcon_core.verb:set package 'initials_ros' build argument 'cmake_force_configure' from command line to 'False'
[1.512s] Level 5:colcon.colcon_core.verb:set package 'initials_ros' build argument 'ament_cmake_args' from command line to 'None'
[1.512s] Level 5:colcon.colcon_core.verb:set package 'initials_ros' build argument 'catkin_cmake_args' from command line to 'None'
[1.512s] Level 5:colcon.colcon_core.verb:set package 'initials_ros' build argument 'catkin_skip_building_tests' from command line to 'False'
[1.512s] DEBUG:colcon.colcon_core.verb:Building package 'initials_ros' with the following arguments: {'ament_cmake_args': None, 'build_base': '/home/phc2603/ros/build/initials_ros', 'catkin_cmake_args': None, 'catkin_skip_building_tests': False, 'cmake_args': None, 'cmake_clean_cache': False, 'cmake_clean_first': False, 'cmake_force_configure': False, 'cmake_target': None, 'cmake_target_skip_unavailable': False, 'install_base': '/home/phc2603/ros/install/initials_ros', 'merge_install': False, 'path': '/home/phc2603/ros/src/initials_ros', 'symlink_install': True, 'test_result_base': None}
[1.513s] Level 5:colcon.colcon_core.verb:set package 'minebot_playground' build argument 'cmake_args' from command line to 'None'
[1.513s] Level 5:colcon.colcon_core.verb:set package 'minebot_playground' build argument 'cmake_target' from command line to 'None'
[1.513s] Level 5:colcon.colcon_core.verb:set package 'minebot_playground' build argument 'cmake_target_skip_unavailable' from command line to 'False'
[1.513s] Level 5:colcon.colcon_core.verb:set package 'minebot_playground' build argument 'cmake_clean_cache' from command line to 'False'
[1.513s] Level 5:colcon.colcon_core.verb:set package 'minebot_playground' build argument 'cmake_clean_first' from command line to 'False'
[1.513s] Level 5:colcon.colcon_core.verb:set package 'minebot_playground' build argument 'cmake_force_configure' from command line to 'False'
[1.514s] Level 5:colcon.colcon_core.verb:set package 'minebot_playground' build argument 'ament_cmake_args' from command line to 'None'
[1.514s] Level 5:colcon.colcon_core.verb:set package 'minebot_playground' build argument 'catkin_cmake_args' from command line to 'None'
[1.514s] Level 5:colcon.colcon_core.verb:set package 'minebot_playground' build argument 'catkin_skip_building_tests' from command line to 'False'
[1.514s] DEBUG:colcon.colcon_core.verb:Building package 'minebot_playground' with the following arguments: {'ament_cmake_args': None, 'build_base': '/home/phc2603/ros/build/minebot_playground', 'catkin_cmake_args': None, 'catkin_skip_building_tests': False, 'cmake_args': None, 'cmake_clean_cache': False, 'cmake_clean_first': False, 'cmake_force_configure': False, 'cmake_target': None, 'cmake_target_skip_unavailable': False, 'install_base': '/home/phc2603/ros/install/minebot_playground', 'merge_install': False, 'path': '/home/phc2603/ros/src/minebot_playground', 'symlink_install': True, 'test_result_base': None}
[1.514s] Level 5:colcon.colcon_core.verb:set package 'my_camera' build argument 'cmake_args' from command line to 'None'
[1.515s] Level 5:colcon.colcon_core.verb:set package 'my_camera' build argument 'cmake_target' from command line to 'None'
[1.515s] Level 5:colcon.colcon_core.verb:set package 'my_camera' build argument 'cmake_target_skip_unavailable' from command line to 'False'
[1.515s] Level 5:colcon.colcon_core.verb:set package 'my_camera' build argument 'cmake_clean_cache' from command line to 'False'
[1.515s] Level 5:colcon.colcon_core.verb:set package 'my_camera' build argument 'cmake_clean_first' from command line to 'False'
[1.515s] Level 5:colcon.colcon_core.verb:set package 'my_camera' build argument 'cmake_force_configure' from command line to 'False'
[1.515s] Level 5:colcon.colcon_core.verb:set package 'my_camera' build argument 'ament_cmake_args' from command line to 'None'
[1.515s] Level 5:colcon.colcon_core.verb:set package 'my_camera' build argument 'catkin_cmake_args' from command line to 'None'
[1.515s] Level 5:colcon.colcon_core.verb:set package 'my_camera' build argument 'catkin_skip_building_tests' from command line to 'False'
[1.515s] DEBUG:colcon.colcon_core.verb:Building package 'my_camera' with the following arguments: {'ament_cmake_args': None, 'build_base': '/home/phc2603/ros/build/my_camera', 'catkin_cmake_args': None, 'catkin_skip_building_tests': False, 'cmake_args': None, 'cmake_clean_cache': False, 'cmake_clean_first': False, 'cmake_force_configure': False, 'cmake_target': None, 'cmake_target_skip_unavailable': False, 'install_base': '/home/phc2603/ros/install/my_camera', 'merge_install': False, 'path': '/home/phc2603/ros/my_camera', 'symlink_install': True, 'test_result_base': None}
[1.515s] INFO:colcon.colcon_core.executor:Executing jobs using 'parallel' executor
[1.517s] DEBUG:colcon.colcon_parallel_executor.executor.parallel:run_until_complete
[1.518s] INFO:colcon.colcon_ros.task.ament_python.build:Building ROS package in '/home/phc2603/ros/src/initials_ros' with build type 'ament_python'
[1.519s] Level 1:colcon.colcon_core.shell:create_environment_hook('initials_ros', 'ament_prefix_path')
[1.533s] INFO:colcon.colcon_core.plugin_system:Skipping extension 'colcon_core.shell.bat': Not used on non-Windows systems
[1.533s] INFO:colcon.colcon_core.shell:Creating environment hook '/home/phc2603/ros/install/initials_ros/share/initials_ros/hook/ament_prefix_path.ps1'
[1.537s] INFO:colcon.colcon_core.shell:Creating environment descriptor '/home/phc2603/ros/install/initials_ros/share/initials_ros/hook/ament_prefix_path.dsv'
[1.539s] INFO:colcon.colcon_core.shell:Creating environment hook '/home/phc2603/ros/install/initials_ros/share/initials_ros/hook/ament_prefix_path.sh'
[1.541s] INFO:colcon.colcon_core.shell:Skip shell extension 'powershell' for command environment: Not usable outside of PowerShell
[1.542s] DEBUG:colcon.colcon_core.shell:Skip shell extension 'dsv' for command environment
[1.550s] INFO:colcon.colcon_ros.task.ament_python.build:Building ROS package in '/home/phc2603/ros/src/minebot_playground' with build type 'ament_python'
[1.550s] Level 1:colcon.colcon_core.shell:create_environment_hook('minebot_playground', 'ament_prefix_path')
[1.551s] INFO:colcon.colcon_core.shell:Creating environment hook '/home/phc2603/ros/install/minebot_playground/share/minebot_playground/hook/ament_prefix_path.ps1'
[1.553s] INFO:colcon.colcon_core.shell:Creating environment descriptor '/home/phc2603/ros/install/minebot_playground/share/minebot_playground/hook/ament_prefix_path.dsv'
[1.555s] INFO:colcon.colcon_core.shell:Creating environment hook '/home/phc2603/ros/install/minebot_playground/share/minebot_playground/hook/ament_prefix_path.sh'
[1.556s] INFO:colcon.colcon_core.shell:Skip shell extension 'powershell' for command environment: Not usable outside of PowerShell
[1.556s] DEBUG:colcon.colcon_core.shell:Skip shell extension 'dsv' for command environment
[1.565s] INFO:colcon.colcon_ros.task.ament_python.build:Building ROS package in '/home/phc2603/ros/my_camera' with build type 'ament_python'
[1.566s] Level 1:colcon.colcon_core.shell:create_environment_hook('my_camera', 'ament_prefix_path')
[1.567s] INFO:colcon.colcon_core.shell:Creating environment hook '/home/phc2603/ros/install/my_camera/share/my_camera/hook/ament_prefix_path.ps1'
[1.569s] INFO:colcon.colcon_core.shell:Creating environment descriptor '/home/phc2603/ros/install/my_camera/share/my_camera/hook/ament_prefix_path.dsv'
[1.570s] INFO:colcon.colcon_core.shell:Creating environment hook '/home/phc2603/ros/install/my_camera/share/my_camera/hook/ament_prefix_path.sh'
[1.572s] INFO:colcon.colcon_core.shell:Skip shell extension 'powershell' for command environment: Not usable outside of PowerShell
[1.572s] DEBUG:colcon.colcon_core.shell:Skip shell extension 'dsv' for command environment
[2.029s] INFO:colcon.colcon_core.task.python.build:Building Python package in '/home/phc2603/ros/src/initials_ros'
[2.030s] INFO:colcon.colcon_core.shell:Skip shell extension 'powershell' for command environment: Not usable outside of PowerShell
[2.030s] DEBUG:colcon.colcon_core.shell:Skip shell extension 'dsv' for command environment
[2.453s] INFO:colcon.colcon_core.task.python.build:Building Python package in '/home/phc2603/ros/src/minebot_playground'
[2.454s] INFO:colcon.colcon_core.shell:Skip shell extension 'powershell' for command environment: Not usable outside of PowerShell
[2.454s] DEBUG:colcon.colcon_core.shell:Skip shell extension 'dsv' for command environment
[2.864s] INFO:colcon.colcon_core.task.python.build:Building Python package in '/home/phc2603/ros/my_camera'
[2.865s] INFO:colcon.colcon_core.shell:Skip shell extension 'powershell' for command environment: Not usable outside of PowerShell
[2.865s] DEBUG:colcon.colcon_core.shell:Skip shell extension 'dsv' for command environment
[5.034s] DEBUG:colcon.colcon_core.event_handler.log_command:Invoking command in '/home/phc2603/ros/build/minebot_playground': PYTHONPATH=/home/phc2603/ros/build/minebot_playground/prefix_override:/usr/lib/python3/dist-packages/colcon_core/task/python/colcon_distutils_commands:/home/phc2603/ros/install/minebot_playground/lib/python3.12/site-packages:${PYTHONPATH} /usr/bin/python3 -W ignore:setup.py install is deprecated -W ignore:easy_install command is deprecated setup.py develop --editable --build-directory /home/phc2603/ros/build/minebot_playground/build --no-deps symlink_data
[5.048s] DEBUG:colcon.colcon_core.event_handler.log_command:Invoking command in '/home/phc2603/ros/build/my_camera': PYTHONPATH=/home/phc2603/ros/build/my_camera/prefix_override:/usr/lib/python3/dist-packages/colcon_core/task/python/colcon_distutils_commands:/home/phc2603/ros/install/my_camera/lib/python3.12/site-packages:${PYTHONPATH} /usr/bin/python3 -W ignore:setup.py install is deprecated -W ignore:easy_install command is deprecated setup.py develop --editable --build-directory /home/phc2603/ros/build/my_camera/build --no-deps symlink_data
[5.051s] DEBUG:colcon.colcon_core.event_handler.log_command:Invoking command in '/home/phc2603/ros/build/initials_ros': PYTHONPATH=/home/phc2603/ros/build/initials_ros/prefix_override:/usr/lib/python3/dist-packages/colcon_core/task/python/colcon_distutils_commands:/home/phc2603/ros/install/initials_ros/lib/python3.12/site-packages:${PYTHONPATH} /usr/bin/python3 -W ignore:setup.py install is deprecated -W ignore:easy_install command is deprecated setup.py develop --editable --build-directory /home/phc2603/ros/build/initials_ros/build --no-deps symlink_data
[6.532s] Level 1:colcon.colcon_core.shell:create_environment_hook('my_camera', 'pythonpath_develop')
[6.533s] INFO:colcon.colcon_core.shell:Creating environment hook '/home/phc2603/ros/build/my_camera/share/my_camera/hook/pythonpath_develop.ps1'
[6.534s] DEBUG:colcon.colcon_core.event_handler.log_command:Invoked command in '/home/phc2603/ros/build/my_camera' returned '0': PYTHONPATH=/home/phc2603/ros/build/my_camera/prefix_override:/usr/lib/python3/dist-packages/colcon_core/task/python/colcon_distutils_commands:/home/phc2603/ros/install/my_camera/lib/python3.12/site-packages:${PYTHONPATH} /usr/bin/python3 -W ignore:setup.py install is deprecated -W ignore:easy_install command is deprecated setup.py develop --editable --build-directory /home/phc2603/ros/build/my_camera/build --no-deps symlink_data
[6.536s] INFO:colcon.colcon_core.shell:Creating environment descriptor '/home/phc2603/ros/build/my_camera/share/my_camera/hook/pythonpath_develop.dsv'
[6.537s] INFO:colcon.colcon_core.shell:Creating environment hook '/home/phc2603/ros/build/my_camera/share/my_camera/hook/pythonpath_develop.sh'
[6.556s] Level 1:colcon.colcon_core.environment:checking '/home/phc2603/ros/install/my_camera' for CMake module files
[6.557s] Level 1:colcon.colcon_core.environment:checking '/home/phc2603/ros/install/my_camera' for CMake config files
[6.567s] Level 1:colcon.colcon_core.environment:checking '/home/phc2603/ros/install/my_camera/lib'
[6.568s] Level 1:colcon.colcon_core.environment:checking '/home/phc2603/ros/install/my_camera/bin'
[6.568s] Level 1:colcon.colcon_core.environment:checking '/home/phc2603/ros/install/my_camera/lib/pkgconfig/my_camera.pc'
[6.568s] Level 1:colcon.colcon_core.environment:checking '/home/phc2603/ros/install/my_camera/lib/python3.12/site-packages'
[6.568s] Level 1:colcon.colcon_core.shell:create_environment_hook('my_camera', 'pythonpath')
[6.569s] INFO:colcon.colcon_core.shell:Creating environment hook '/home/phc2603/ros/install/my_camera/share/my_camera/hook/pythonpath.ps1'
[6.571s] INFO:colcon.colcon_core.shell:Creating environment descriptor '/home/phc2603/ros/install/my_camera/share/my_camera/hook/pythonpath.dsv'
[6.572s] INFO:colcon.colcon_core.shell:Creating environment hook '/home/phc2603/ros/install/my_camera/share/my_camera/hook/pythonpath.sh'
[6.573s] Level 1:colcon.colcon_core.environment:checking '/home/phc2603/ros/install/my_camera/bin'
[6.573s] Level 1:colcon.colcon_core.environment:create_environment_scripts_only(my_camera)
[6.574s] INFO:colcon.colcon_core.shell:Creating package script '/home/phc2603/ros/install/my_camera/share/my_camera/package.ps1'
[6.576s] INFO:colcon.colcon_core.shell:Creating package descriptor '/home/phc2603/ros/install/my_camera/share/my_camera/package.dsv'
[6.578s] INFO:colcon.colcon_core.shell:Creating package script '/home/phc2603/ros/install/my_camera/share/my_camera/package.sh'
[6.582s] INFO:colcon.colcon_core.shell:Creating package script '/home/phc2603/ros/install/my_camera/share/my_camera/package.bash'
[6.585s] INFO:colcon.colcon_core.shell:Creating package script '/home/phc2603/ros/install/my_camera/share/my_camera/package.zsh'
[6.588s] Level 1:colcon.colcon_core.environment:create_file_with_runtime_dependencies(/home/phc2603/ros/install/my_camera/share/colcon-core/packages/my_camera)
[6.595s] Level 1:colcon.colcon_core.shell:create_environment_hook('minebot_playground', 'pythonpath_develop')
[6.596s] INFO:colcon.colcon_core.shell:Creating environment hook '/home/phc2603/ros/build/minebot_playground/share/minebot_playground/hook/pythonpath_develop.ps1'
[6.598s] DEBUG:colcon.colcon_core.event_handler.log_command:Invoked command in '/home/phc2603/ros/build/minebot_playground' returned '0': PYTHONPATH=/home/phc2603/ros/build/minebot_playground/prefix_override:/usr/lib/python3/dist-packages/colcon_core/task/python/colcon_distutils_commands:/home/phc2603/ros/install/minebot_playground/lib/python3.12/site-packages:${PYTHONPATH} /usr/bin/python3 -W ignore:setup.py install is deprecated -W ignore:easy_install command is deprecated setup.py develop --editable --build-directory /home/phc2603/ros/build/minebot_playground/build --no-deps symlink_data
[6.601s] INFO:colcon.colcon_core.shell:Creating environment descriptor '/home/phc2603/ros/build/minebot_playground/share/minebot_playground/hook/pythonpath_develop.dsv'
[6.602s] INFO:colcon.colcon_core.shell:Creating environment hook '/home/phc2603/ros/build/minebot_playground/share/minebot_playground/hook/pythonpath_develop.sh'
[6.603s] Level 1:colcon.colcon_core.environment:checking '/home/phc2603/ros/install/minebot_playground' for CMake module files
[6.606s] Level 1:colcon.colcon_core.environment:checking '/home/phc2603/ros/install/minebot_playground' for CMake config files
[6.616s] Level 1:colcon.colcon_core.environment:checking '/home/phc2603/ros/install/minebot_playground/lib'
[6.616s] Level 1:colcon.colcon_core.environment:checking '/home/phc2603/ros/install/minebot_playground/bin'
[6.617s] Level 1:colcon.colcon_core.environment:checking '/home/phc2603/ros/install/minebot_playground/lib/pkgconfig/minebot_playground.pc'
[6.617s] Level 1:colcon.colcon_core.environment:checking '/home/phc2603/ros/install/minebot_playground/lib/python3.12/site-packages'
[6.617s] Level 1:colcon.colcon_core.shell:create_environment_hook('minebot_playground', 'pythonpath')
[6.618s] INFO:colcon.colcon_core.shell:Creating environment hook '/home/phc2603/ros/install/minebot_playground/share/minebot_playground/hook/pythonpath.ps1'
[6.619s] INFO:colcon.colcon_core.shell:Creating environment descriptor '/home/phc2603/ros/install/minebot_playground/share/minebot_playground/hook/pythonpath.dsv'
[6.620s] INFO:colcon.colcon_core.shell:Creating environment hook '/home/phc2603/ros/install/minebot_playground/share/minebot_playground/hook/pythonpath.sh'
[6.621s] Level 1:colcon.colcon_core.environment:checking '/home/phc2603/ros/install/minebot_playground/bin'
[6.621s] Level 1:colcon.colcon_core.environment:create_environment_scripts_only(minebot_playground)
[6.622s] INFO:colcon.colcon_core.shell:Creating package script '/home/phc2603/ros/install/minebot_playground/share/minebot_playground/package.ps1'
[6.623s] INFO:colcon.colcon_core.shell:Creating package descriptor '/home/phc2603/ros/install/minebot_playground/share/minebot_playground/package.dsv'
[6.624s] INFO:colcon.colcon_core.shell:Creating package script '/home/phc2603/ros/install/minebot_playground/share/minebot_playground/package.sh'
[6.625s] INFO:colcon.colcon_core.shell:Creating package script '/home/phc2603/ros/install/minebot_playground/share/minebot_playground/package.bash'
[6.625s] INFO:colcon.colcon_core.shell:Creating package script '/home/phc2603/ros/install/minebot_playground/share/minebot_playground/package.zsh'
[6.626s] Level 1:colcon.colcon_core.environment:create_file_with_runtime_dependencies(/home/phc2603/ros/install/minebot_playground/share/colcon-core/packages/minebot_playground)
[6.627s] Level 1:colcon.colcon_core.shell:create_environment_hook('initials_ros', 'pythonpath_develop')
[6.628s] INFO:colcon.colcon_core.shell:Creating environment hook '/home/phc2603/ros/build/initials_ros/share/initials_ros/hook/pythonpath_develop.ps1'
[6.631s] INFO:colcon.colcon_core.shell:Creating environment descriptor '/home/phc2603/ros/build/initials_ros/share/initials_ros/hook/pythonpath_develop.dsv'
[6.633s] DEBUG:colcon.colcon_core.event_handler.log_command:Invoked command in '/home/phc2603/ros/build/initials_ros' returned '0': PYTHONPATH=/home/phc2603/ros/build/initials_ros/prefix_override:/usr/lib/python3/dist-packages/colcon_core/task/python/colcon_distutils_commands:/home/phc2603/ros/install/initials_ros/lib/python3.12/site-packages:${PYTHONPATH} /usr/bin/python3 -W ignore:setup.py install is deprecated -W ignore:easy_install command is deprecated setup.py develop --editable --build-directory /home/phc2603/ros/build/initials_ros/build --no-deps symlink_data
[6.634s] INFO:colcon.colcon_core.shell:Creating environment hook '/home/phc2603/ros/build/initials_ros/share/initials_ros/hook/pythonpath_develop.sh'
[6.635s] Level 1:colcon.colcon_core.environment:checking '/home/phc2603/ros/install/initials_ros' for CMake module files
[6.637s] Level 1:colcon.colcon_core.environment:checking '/home/phc2603/ros/install/initials_ros' for CMake config files
[6.645s] Level 1:colcon.colcon_core.environment:checking '/home/phc2603/ros/install/initials_ros/lib'
[6.646s] Level 1:colcon.colcon_core.environment:checking '/home/phc2603/ros/install/initials_ros/bin'
[6.646s] Level 1:colcon.colcon_core.environment:checking '/home/phc2603/ros/install/initials_ros/lib/pkgconfig/initials_ros.pc'
[6.646s] Level 1:colcon.colcon_core.environment:checking '/home/phc2603/ros/install/initials_ros/lib/python3.12/site-packages'
[6.646s] Level 1:colcon.colcon_core.shell:create_environment_hook('initials_ros', 'pythonpath')
[6.646s] INFO:colcon.colcon_core.shell:Creating environment hook '/home/phc2603/ros/install/initials_ros/share/initials_ros/hook/pythonpath.ps1'
[6.647s] INFO:colcon.colcon_core.shell:Creating environment descriptor '/home/phc2603/ros/install/initials_ros/share/initials_ros/hook/pythonpath.dsv'
[6.648s] INFO:colcon.colcon_core.shell:Creating environment hook '/home/phc2603/ros/install/initials_ros/share/initials_ros/hook/pythonpath.sh'
[6.651s] Level 1:colcon.colcon_core.environment:checking '/home/phc2603/ros/install/initials_ros/bin'
[6.651s] Level 1:colcon.colcon_core.environment:create_environment_scripts_only(initials_ros)
[6.652s] INFO:colcon.colcon_core.shell:Creating package script '/home/phc2603/ros/install/initials_ros/share/initials_ros/package.ps1'
[6.653s] INFO:colcon.colcon_core.shell:Creating package descriptor '/home/phc2603/ros/install/initials_ros/share/initials_ros/package.dsv'
[6.654s] INFO:colcon.colcon_core.shell:Creating package script '/home/phc2603/ros/install/initials_ros/share/initials_ros/package.sh'
[6.655s] INFO:colcon.colcon_core.shell:Creating package script '/home/phc2603/ros/install/initials_ros/share/initials_ros/package.bash'
[6.656s] INFO:colcon.colcon_core.shell:Creating package script '/home/phc2603/ros/install/initials_ros/share/initials_ros/package.zsh'
[6.657s] Level 1:colcon.colcon_core.environment:create_file_with_runtime_dependencies(/home/phc2603/ros/install/initials_ros/share/colcon-core/packages/initials_ros)
[6.658s] DEBUG:colcon.colcon_parallel_executor.executor.parallel:closing loop
[6.660s] DEBUG:colcon.colcon_parallel_executor.executor.parallel:loop closed
[6.661s] DEBUG:colcon.colcon_parallel_executor.executor.parallel:run_until_complete finished with '0'
[6.661s] DEBUG:colcon.colcon_core.event_reactor:joining thread
[6.834s] INFO:colcon.colcon_core.plugin_system:Skipping extension 'colcon_notification.desktop_notification.notify_send': Could not find 'notify-send'
[6.834s] INFO:colcon.colcon_core.plugin_system:Skipping extension 'colcon_notification.desktop_notification.terminal_notifier': Not used on non-Darwin systems
[6.834s] INFO:colcon.colcon_core.plugin_system:Skipping extension 'colcon_notification.desktop_notification.win32': Not used on non-Windows systems
[6.834s] INFO:colcon.colcon_notification.desktop_notification:Sending desktop notification using 'notify2'
[6.853s] DEBUG:colcon.colcon_notification.desktop_notification.notify2:Failed to initialize notify2: org.freedesktop.DBus.Error.ServiceUnknown: The name org.freedesktop.Notifications was not provided by any .service files
[6.854s] DEBUG:colcon.colcon_core.event_reactor:joined thread
[6.854s] INFO:colcon.colcon_core.shell:Creating prefix script '/home/phc2603/ros/install/local_setup.ps1'
[6.856s] INFO:colcon.colcon_core.shell:Creating prefix util module '/home/phc2603/ros/install/_local_setup_util_ps1.py'
[6.859s] INFO:colcon.colcon_core.shell:Creating prefix chain script '/home/phc2603/ros/install/setup.ps1'
[6.862s] INFO:colcon.colcon_core.shell:Creating prefix script '/home/phc2603/ros/install/local_setup.sh'
[6.863s] INFO:colcon.colcon_core.shell:Creating prefix util module '/home/phc2603/ros/install/_local_setup_util_sh.py'
[6.864s] INFO:colcon.colcon_core.shell:Creating prefix chain script '/home/phc2603/ros/install/setup.sh'
[6.866s] INFO:colcon.colcon_core.shell:Creating prefix script '/home/phc2603/ros/install/local_setup.bash'
[6.868s] INFO:colcon.colcon_core.shell:Creating prefix chain script '/home/phc2603/ros/install/setup.bash'
[6.871s] INFO:colcon.colcon_core.shell:Creating prefix script '/home/phc2603/ros/install/local_setup.zsh'
[6.873s] INFO:colcon.colcon_core.shell:Creating prefix chain script '/home/phc2603/ros/install/setup.zsh'
