[2.112s] Invoking command in '/home/phc2603/ros/build/minebot_playground': PYTHONPATH=/home/phc2603/ros/build/minebot_playground/prefix_override:/usr/lib/python3/dist-packages/colcon_core/task/python/colcon_distutils_commands:/home/phc2603/ros/install/minebot_playground/lib/python3.12/site-packages:${PYTHONPATH} /usr/bin/python3 -W ignore:setup.py install is deprecated -W ignore:easy_install command is deprecated setup.py develop --editable --build-directory /home/phc2603/ros/build/minebot_playground/build --no-deps symlink_data
[2.601s] running develop
[2.908s] running egg_info
[2.937s] writing minebot_playground.egg-info/PKG-INFO
[2.937s] writing dependency_links to minebot_playground.egg-info/dependency_links.txt
[2.937s] writing entry points to minebot_playground.egg-info/entry_points.txt
[2.938s] writing requirements to minebot_playground.egg-info/requires.txt
[2.939s] writing top-level names to minebot_playground.egg-info/top_level.txt
[2.994s] reading manifest file 'minebot_playground.egg-info/SOURCES.txt'
[2.997s] writing manifest file 'minebot_playground.egg-info/SOURCES.txt'
[3.027s] running build_ext
[3.028s] Creating /home/phc2603/ros/install/minebot_playground/lib/python3.12/site-packages/minebot-playground.egg-link (link to .)
[3.028s] Installing camera_pub script to /home/phc2603/ros/install/minebot_playground/lib/minebot_playground
[3.029s] Installing control_auto script to /home/phc2603/ros/install/minebot_playground/lib/minebot_playground
[3.030s] Installing gas_mock_pub script to /home/phc2603/ros/install/minebot_playground/lib/minebot_playground
[3.030s] Installing ip_stream_node script to /home/phc2603/ros/install/minebot_playground/lib/minebot_playground
[3.031s] Installing usbcam_node script to /home/phc2603/ros/install/minebot_playground/lib/minebot_playground
[3.034s] Installing user_controller script to /home/phc2603/ros/install/minebot_playground/lib/minebot_playground
[3.034s] Installing webcam_node script to /home/phc2603/ros/install/minebot_playground/lib/minebot_playground
[3.034s] 
[3.035s] Installed /home/phc2603/ros/build/minebot_playground
[3.035s] running symlink_data
[3.190s] Invoked command in '/home/phc2603/ros/build/minebot_playground' returned '0': PYTHONPATH=/home/phc2603/ros/build/minebot_playground/prefix_override:/usr/lib/python3/dist-packages/colcon_core/task/python/colcon_distutils_commands:/home/phc2603/ros/install/minebot_playground/lib/python3.12/site-packages:${PYTHONPATH} /usr/bin/python3 -W ignore:setup.py install is deprecated -W ignore:easy_install command is deprecated setup.py develop --editable --build-directory /home/phc2603/ros/build/minebot_playground/build --no-deps symlink_data
