[2.243s] Invoking command in '/home/phc2603/ros/build/minebot_playground': PYTHONPATH=/home/phc2603/ros/build/minebot_playground/prefix_override:/usr/lib/python3/dist-packages/colcon_core/task/python/colcon_distutils_commands:/home/phc2603/ros/install/minebot_playground/lib/python3.12/site-packages:${PYTHONPATH} /usr/bin/python3 -W ignore:setup.py install is deprecated -W ignore:easy_install command is deprecated setup.py develop --editable --build-directory /home/phc2603/ros/build/minebot_playground/build --no-deps symlink_data
[2.746s] running develop
[3.037s] running egg_info
[3.062s] writing minebot_playground.egg-info/PKG-INFO
[3.064s] writing dependency_links to minebot_playground.egg-info/dependency_links.txt
[3.065s] writing entry points to minebot_playground.egg-info/entry_points.txt
[3.066s] writing requirements to minebot_playground.egg-info/requires.txt
[3.067s] writing top-level names to minebot_playground.egg-info/top_level.txt
[3.127s] reading manifest file 'minebot_playground.egg-info/SOURCES.txt'
[3.130s] writing manifest file 'minebot_playground.egg-info/SOURCES.txt'
[3.159s] running build_ext
[3.159s] Creating /home/phc2603/ros/install/minebot_playground/lib/python3.12/site-packages/minebot-playground.egg-link (link to .)
[3.163s] Installing camera_pub script to /home/phc2603/ros/install/minebot_playground/lib/minebot_playground
[3.166s] Installing control_auto script to /home/phc2603/ros/install/minebot_playground/lib/minebot_playground
[3.168s] Installing gas_mock_pub script to /home/phc2603/ros/install/minebot_playground/lib/minebot_playground
[3.169s] Installing ip_stream_node script to /home/phc2603/ros/install/minebot_playground/lib/minebot_playground
[3.170s] Installing usbcam_node script to /home/phc2603/ros/install/minebot_playground/lib/minebot_playground
[3.173s] Installing user_controller script to /home/phc2603/ros/install/minebot_playground/lib/minebot_playground
[3.174s] Installing webcam_node script to /home/phc2603/ros/install/minebot_playground/lib/minebot_playground
[3.175s] 
[3.175s] Installed /home/phc2603/ros/build/minebot_playground
[3.175s] running symlink_data
[3.271s] Invoked command in '/home/phc2603/ros/build/minebot_playground' returned '0': PYTHONPATH=/home/phc2603/ros/build/minebot_playground/prefix_override:/usr/lib/python3/dist-packages/colcon_core/task/python/colcon_distutils_commands:/home/phc2603/ros/install/minebot_playground/lib/python3.12/site-packages:${PYTHONPATH} /usr/bin/python3 -W ignore:setup.py install is deprecated -W ignore:easy_install command is deprecated setup.py develop --editable --build-directory /home/phc2603/ros/build/minebot_playground/build --no-deps symlink_data
