[1.478s] Invoking command in '/home/phc2603/ros/build/minebot_playground': PYTHONPATH=/home/phc2603/ros/build/minebot_playground/prefix_override:/usr/lib/python3/dist-packages/colcon_core/task/python/colcon_distutils_commands:/home/phc2603/ros/install/minebot_playground/lib/python3.12/site-packages:${PYTHONPATH} /usr/bin/python3 -W ignore:setup.py install is deprecated -W ignore:easy_install command is deprecated setup.py develop --editable --build-directory /home/phc2603/ros/build/minebot_playground/build --no-deps symlink_data
[1.846s] running develop
[2.107s] running egg_info
[2.135s] writing minebot_playground.egg-info/PKG-INFO
[2.136s] writing dependency_links to minebot_playground.egg-info/dependency_links.txt
[2.136s] writing entry points to minebot_playground.egg-info/entry_points.txt
[2.137s] writing requirements to minebot_playground.egg-info/requires.txt
[2.138s] writing top-level names to minebot_playground.egg-info/top_level.txt
[2.193s] reading manifest file 'minebot_playground.egg-info/SOURCES.txt'
[2.194s] writing manifest file 'minebot_playground.egg-info/SOURCES.txt'
[2.220s] running build_ext
[2.220s] Creating /home/phc2603/ros/install/minebot_playground/lib/python3.12/site-packages/minebot-playground.egg-link (link to .)
[2.222s] Installing camera_pub script to /home/phc2603/ros/install/minebot_playground/lib/minebot_playground
[2.222s] Installing control_auto script to /home/phc2603/ros/install/minebot_playground/lib/minebot_playground
[2.223s] Installing gas_mock_pub script to /home/phc2603/ros/install/minebot_playground/lib/minebot_playground
[2.224s] Installing ip_stream_node script to /home/phc2603/ros/install/minebot_playground/lib/minebot_playground
[2.225s] Installing usbcam_node script to /home/phc2603/ros/install/minebot_playground/lib/minebot_playground
[2.225s] Installing user_controller script to /home/phc2603/ros/install/minebot_playground/lib/minebot_playground
[2.226s] Installing webcam_node script to /home/phc2603/ros/install/minebot_playground/lib/minebot_playground
[2.227s] 
[2.227s] Installed /home/phc2603/ros/build/minebot_playground
[2.227s] running symlink_data
[2.330s] Invoked command in '/home/phc2603/ros/build/minebot_playground' returned '0': PYTHONPATH=/home/phc2603/ros/build/minebot_playground/prefix_override:/usr/lib/python3/dist-packages/colcon_core/task/python/colcon_distutils_commands:/home/phc2603/ros/install/minebot_playground/lib/python3.12/site-packages:${PYTHONPATH} /usr/bin/python3 -W ignore:setup.py install is deprecated -W ignore:easy_install command is deprecated setup.py develop --editable --build-directory /home/phc2603/ros/build/minebot_playground/build --no-deps symlink_data
