[1.008s] Invoking command in '/home/phc2603/ros/build/minebot_playground': PYTHONPATH=/home/phc2603/ros/build/minebot_playground/prefix_override:/usr/lib/python3/dist-packages/colcon_core/task/python/colcon_distutils_commands:/home/phc2603/ros/install/minebot_playground/lib/python3.12/site-packages:${PYTHONPATH} /usr/bin/python3 -W ignore:setup.py install is deprecated -W ignore:easy_install command is deprecated setup.py develop --editable --build-directory /home/phc2603/ros/build/minebot_playground/build --no-deps symlink_data
[1.383s] running develop
[1.626s] running egg_info
[1.650s] writing minebot_playground.egg-info/PKG-INFO
[1.650s] writing dependency_links to minebot_playground.egg-info/dependency_links.txt
[1.651s] writing entry points to minebot_playground.egg-info/entry_points.txt
[1.651s] writing requirements to minebot_playground.egg-info/requires.txt
[1.651s] writing top-level names to minebot_playground.egg-info/top_level.txt
[1.699s] reading manifest file 'minebot_playground.egg-info/SOURCES.txt'
[1.699s] writing manifest file 'minebot_playground.egg-info/SOURCES.txt'
[1.722s] running build_ext
[1.723s] Creating /home/phc2603/ros/install/minebot_playground/lib/python3.12/site-packages/minebot-playground.egg-link (link to .)
[1.724s] Installing control_auto script to /home/phc2603/ros/install/minebot_playground/lib/minebot_playground
[1.724s] Installing gas_mock script to /home/phc2603/ros/install/minebot_playground/lib/minebot_playground
[1.724s] Installing raspi_camera_publisher_compressed script to /home/phc2603/ros/install/minebot_playground/lib/minebot_playground
[1.725s] Installing usbcam_node script to /home/phc2603/ros/install/minebot_playground/lib/minebot_playground
[1.725s] Installing user_controller script to /home/phc2603/ros/install/minebot_playground/lib/minebot_playground
[1.726s] 
[1.726s] Installed /home/phc2603/ros/build/minebot_playground
[1.726s] running symlink_data
[1.788s] Invoked command in '/home/phc2603/ros/build/minebot_playground' returned '0': PYTHONPATH=/home/phc2603/ros/build/minebot_playground/prefix_override:/usr/lib/python3/dist-packages/colcon_core/task/python/colcon_distutils_commands:/home/phc2603/ros/install/minebot_playground/lib/python3.12/site-packages:${PYTHONPATH} /usr/bin/python3 -W ignore:setup.py install is deprecated -W ignore:easy_install command is deprecated setup.py develop --editable --build-directory /home/phc2603/ros/build/minebot_playground/build --no-deps symlink_data
