[1.221s] Invoking command in '/home/phc2603/ros/build/minebot_playground': PYTHONPATH=/home/phc2603/ros/build/minebot_playground/prefix_override:/usr/lib/python3/dist-packages/colcon_core/task/python/colcon_distutils_commands:/home/phc2603/ros/install/minebot_playground/lib/python3.12/site-packages:${PYTHONPATH} /usr/bin/python3 -W ignore:setup.py install is deprecated -W ignore:easy_install command is deprecated setup.py develop --editable --build-directory /home/phc2603/ros/build/minebot_playground/build --no-deps symlink_data
[1.627s] running develop
[1.866s] running egg_info
[1.887s] writing minebot_playground.egg-info/PKG-INFO
[1.888s] writing dependency_links to minebot_playground.egg-info/dependency_links.txt
[1.888s] writing entry points to minebot_playground.egg-info/entry_points.txt
[1.889s] writing requirements to minebot_playground.egg-info/requires.txt
[1.889s] writing top-level names to minebot_playground.egg-info/top_level.txt
[1.931s] reading manifest file 'minebot_playground.egg-info/SOURCES.txt'
[1.932s] writing manifest file 'minebot_playground.egg-info/SOURCES.txt'
[1.955s] running build_ext
[1.955s] Creating /home/phc2603/ros/install/minebot_playground/lib/python3.12/site-packages/minebot-playground.egg-link (link to .)
[1.957s] Installing camera_gazebo script to /home/phc2603/ros/install/minebot_playground/lib/minebot_playground
[1.957s] Installing control_auto script to /home/phc2603/ros/install/minebot_playground/lib/minebot_playground
[1.958s] Installing gas_mock script to /home/phc2603/ros/install/minebot_playground/lib/minebot_playground
[1.958s] Installing raspi_camera_publisher_compressed script to /home/phc2603/ros/install/minebot_playground/lib/minebot_playground
[1.958s] Installing usbcam_node script to /home/phc2603/ros/install/minebot_playground/lib/minebot_playground
[1.958s] Installing user_controller script to /home/phc2603/ros/install/minebot_playground/lib/minebot_playground
[1.959s] 
[1.959s] Installed /home/phc2603/ros/build/minebot_playground
[1.959s] running symlink_data
[2.021s] Invoked command in '/home/phc2603/ros/build/minebot_playground' returned '0': PYTHONPATH=/home/phc2603/ros/build/minebot_playground/prefix_override:/usr/lib/python3/dist-packages/colcon_core/task/python/colcon_distutils_commands:/home/phc2603/ros/install/minebot_playground/lib/python3.12/site-packages:${PYTHONPATH} /usr/bin/python3 -W ignore:setup.py install is deprecated -W ignore:easy_install command is deprecated setup.py develop --editable --build-directory /home/phc2603/ros/build/minebot_playground/build --no-deps symlink_data
