[3.784s] Invoking command in '/home/phc2603/ros/build/my_camera': PYTHONPATH=/home/phc2603/ros/build/my_camera/prefix_override:/usr/lib/python3/dist-packages/colcon_core/task/python/colcon_distutils_commands:/home/phc2603/ros/install/my_camera/lib/python3.12/site-packages:${PYTHONPATH} /usr/bin/python3 -W ignore:setup.py install is deprecated -W ignore:easy_install command is deprecated setup.py develop --editable --build-directory /home/phc2603/ros/build/my_camera/build --no-deps symlink_data
[4.593s] running develop
[5.079s] running egg_info
[5.079s] creating my_camera.egg-info
[5.127s] writing my_camera.egg-info/PKG-INFO
[5.128s] writing dependency_links to my_camera.egg-info/dependency_links.txt
[5.129s] writing entry points to my_camera.egg-info/entry_points.txt
[5.129s] writing requirements to my_camera.egg-info/requires.txt
[5.130s] writing top-level names to my_camera.egg-info/top_level.txt
[5.130s] writing manifest file 'my_camera.egg-info/SOURCES.txt'
[5.236s] reading manifest file 'my_camera.egg-info/SOURCES.txt'
[5.237s] writing manifest file 'my_camera.egg-info/SOURCES.txt'
[5.299s] running build_ext
[5.300s] Creating /home/phc2603/ros/install/my_camera/lib/python3.12/site-packages/my-camera.egg-link (link to .)
[5.301s] Installing ip_stream_node script to /home/phc2603/ros/install/my_camera/lib/my_camera
[5.304s] Installing usbcam_node script to /home/phc2603/ros/install/my_camera/lib/my_camera
[5.305s] Installing webcam_node script to /home/phc2603/ros/install/my_camera/lib/my_camera
[5.306s] 
[5.306s] Installed /home/phc2603/ros/build/my_camera
[5.307s] running symlink_data
[5.307s] creating /home/phc2603/ros/install/my_camera/share/ament_index
[5.308s] creating /home/phc2603/ros/install/my_camera/share/ament_index/resource_index
[5.310s] creating /home/phc2603/ros/install/my_camera/share/ament_index/resource_index/packages
[5.313s] symbolically linking /home/phc2603/ros/build/my_camera/resource/my_camera -> /home/phc2603/ros/install/my_camera/share/ament_index/resource_index/packages
[5.313s] symbolically linking /home/phc2603/ros/build/my_camera/package.xml -> /home/phc2603/ros/install/my_camera/share/my_camera
[5.482s] Invoked command in '/home/phc2603/ros/build/my_camera' returned '0': PYTHONPATH=/home/phc2603/ros/build/my_camera/prefix_override:/usr/lib/python3/dist-packages/colcon_core/task/python/colcon_distutils_commands:/home/phc2603/ros/install/my_camera/lib/python3.12/site-packages:${PYTHONPATH} /usr/bin/python3 -W ignore:setup.py install is deprecated -W ignore:easy_install command is deprecated setup.py develop --editable --build-directory /home/phc2603/ros/build/my_camera/build --no-deps symlink_data
