[1.836s] Invoking command in '/home/phc2603/ros/build/minebot_playground': PYTHONPATH=/home/phc2603/ros/build/minebot_playground/prefix_override:/usr/lib/python3/dist-packages/colcon_core/task/python/colcon_distutils_commands:/home/phc2603/ros/install/minebot_playground/lib/python3.12/site-packages:${PYTHONPATH} /usr/bin/python3 -W ignore:setup.py install is deprecated -W ignore:easy_install command is deprecated setup.py develop --editable --build-directory /home/phc2603/ros/build/minebot_playground/build --no-deps symlink_data
[2.461s] running develop
[2.841s] running egg_info
[2.882s] writing minebot_playground.egg-info/PKG-INFO
[2.883s] writing dependency_links to minebot_playground.egg-info/dependency_links.txt
[2.884s] writing entry points to minebot_playground.egg-info/entry_points.txt
[2.885s] writing requirements to minebot_playground.egg-info/requires.txt
[2.885s] writing top-level names to minebot_playground.egg-info/top_level.txt
[2.959s] reading manifest file 'minebot_playground.egg-info/SOURCES.txt'
[2.982s] writing manifest file 'minebot_playground.egg-info/SOURCES.txt'
[3.019s] running build_ext
[3.020s] Creating /home/phc2603/ros/install/minebot_playground/lib/python3.12/site-packages/minebot-playground.egg-link (link to .)
[3.025s] Installing control_auto script to /home/phc2603/ros/install/minebot_playground/lib/minebot_playground
[3.025s] Installing gas_mock script to /home/phc2603/ros/install/minebot_playground/lib/minebot_playground
[3.027s] Installing usbcam_node script to /home/phc2603/ros/install/minebot_playground/lib/minebot_playground
[3.029s] Installing user_controller script to /home/phc2603/ros/install/minebot_playground/lib/minebot_playground
[3.030s] 
[3.031s] Installed /home/phc2603/ros/build/minebot_playground
[3.031s] running symlink_data
[3.152s] Invoked command in '/home/phc2603/ros/build/minebot_playground' returned '0': PYTHONPATH=/home/phc2603/ros/build/minebot_playground/prefix_override:/usr/lib/python3/dist-packages/colcon_core/task/python/colcon_distutils_commands:/home/phc2603/ros/install/minebot_playground/lib/python3.12/site-packages:${PYTHONPATH} /usr/bin/python3 -W ignore:setup.py install is deprecated -W ignore:easy_install command is deprecated setup.py develop --editable --build-directory /home/phc2603/ros/build/minebot_playground/build --no-deps symlink_data
