[1.115s] DEBUG:colcon:Command line arguments: ['/usr/bin/colcon', 'build', '--symlink-install']
[1.115s] DEBUG:colcon:Parsed command line arguments: Namespace(log_base=None, log_level=None, verb_name='build', build_base='build', install_base='install', merge_install=False, symlink_install=True, test_result_base=None, continue_on_error=False, executor='parallel', parallel_workers=16, event_handlers=None, ignore_user_meta=False, metas=['./colcon.meta'], base_paths=['.'], packages_ignore=None, packages_ignore_regex=None, paths=None, packages_up_to=None, packages_up_to_regex=None, packages_above=None, packages_above_and_dependencies=None, packages_above_depth=None, packages_select_by_dep=None, packages_skip_by_dep=None, packages_skip_up_to=None, packages_select_build_failed=False, packages_skip_build_finished=False, packages_select_test_failures=False, packages_skip_test_passed=False, packages_select=None, packages_skip=None, packages_select_regex=None, packages_skip_regex=None, packages_start=None, packages_end=None, allow_overriding=[], cmake_args=None, cmake_target=None, cmake_target_skip_unavailable=False, cmake_clean_cache=False, cmake_clean_first=False, cmake_force_configure=False, ament_cmake_args=None, catkin_cmake_args=None, catkin_skip_building_tests=False, mixin_files=None, mixin=None, verb_parser=<colcon_mixin.mixin.mixin_argument.MixinArgumentDecorator object at 0x700343288ec0>, verb_extension=<colcon_core.verb.build.BuildVerb object at 0x7003432882f0>, main=<bound method BuildVerb.main of <colcon_core.verb.build.BuildVerb object at 0x7003432882f0>>, mixin_verb=('build',))
[1.289s] Level 1:colcon.colcon_core.package_discovery:discover_packages(colcon_meta) check parameters
[1.290s] Level 1:colcon.colcon_core.package_discovery:discover_packages(recursive) check parameters
[1.290s] Level 1:colcon.colcon_core.package_discovery:discover_packages(ignore) check parameters
[1.290s] Level 1:colcon.colcon_core.package_discovery:discover_packages(path) check parameters
[1.290s] Level 1:colcon.colcon_core.package_discovery:discover_packages(colcon_meta) discover
[1.291s] Level 1:colcon.colcon_core.package_discovery:discover_packages(recursive) discover
[1.291s] INFO:colcon.colcon_core.package_discovery:Crawling recursively for packages in '/home/phc2603/ros'
[1.291s] Level 1:colcon.colcon_core.package_identification:_identify(.) by extensions ['ignore', 'ignore_ament_install']
[1.291s] Level 1:colcon.colcon_core.package_identification:_identify(.) by extension 'ignore'
[1.291s] Level 1:colcon.colcon_core.package_identification:_identify(.) by extension 'ignore_ament_install'
[1.292s] Level 1:colcon.colcon_core.package_identification:_identify(.) by extensions ['colcon_pkg']
[1.292s] Level 1:colcon.colcon_core.package_identification:_identify(.) by extension 'colcon_pkg'
[1.292s] Level 1:colcon.colcon_core.package_identification:_identify(.) by extensions ['colcon_meta']
[1.292s] Level 1:colcon.colcon_core.package_identification:_identify(.) by extension 'colcon_meta'
[1.292s] Level 1:colcon.colcon_core.package_identification:_identify(.) by extensions ['ros']
[1.292s] Level 1:colcon.colcon_core.package_identification:_identify(.) by extension 'ros'
[1.376s] Level 1:colcon.colcon_core.package_identification:_identify(.) by extensions ['cmake', 'python']
[1.377s] Level 1:colcon.colcon_core.package_identification:_identify(.) by extension 'cmake'
[1.377s] Level 1:colcon.colcon_core.package_identification:_identify(.) by extension 'python'
[1.377s] Level 1:colcon.colcon_core.package_identification:_identify(.) by extensions ['python_setup_py']
[1.377s] Level 1:colcon.colcon_core.package_identification:_identify(.) by extension 'python_setup_py'
[1.378s] Level 1:colcon.colcon_core.package_identification:_identify(build) by extensions ['ignore', 'ignore_ament_install']
[1.379s] Level 1:colcon.colcon_core.package_identification:_identify(build) by extension 'ignore'
[1.379s] Level 1:colcon.colcon_core.package_identification:_identify(build) ignored
[1.380s] Level 1:colcon.colcon_core.package_identification:_identify(install) by extensions ['ignore', 'ignore_ament_install']
[1.381s] Level 1:colcon.colcon_core.package_identification:_identify(install) by extension 'ignore'
[1.381s] Level 1:colcon.colcon_core.package_identification:_identify(install) ignored
[1.382s] Level 1:colcon.colcon_core.package_identification:_identify(log) by extensions ['ignore', 'ignore_ament_install']
[1.382s] Level 1:colcon.colcon_core.package_identification:_identify(log) by extension 'ignore'
[1.382s] Level 1:colcon.colcon_core.package_identification:_identify(log) ignored
[1.382s] Level 1:colcon.colcon_core.package_identification:_identify(my_camera) by extensions ['ignore', 'ignore_ament_install']
[1.383s] Level 1:colcon.colcon_core.package_identification:_identify(my_camera) by extension 'ignore'
[1.383s] Level 1:colcon.colcon_core.package_identification:_identify(my_camera) by extension 'ignore_ament_install'
[1.383s] Level 1:colcon.colcon_core.package_identification:_identify(my_camera) by extensions ['colcon_pkg']
[1.383s] Level 1:colcon.colcon_core.package_identification:_identify(my_camera) by extension 'colcon_pkg'
[1.383s] Level 1:colcon.colcon_core.package_identification:_identify(my_camera) by extensions ['colcon_meta']
[1.383s] Level 1:colcon.colcon_core.package_identification:_identify(my_camera) by extension 'colcon_meta'
[1.383s] Level 1:colcon.colcon_core.package_identification:_identify(my_camera) by extensions ['ros']
[1.383s] Level 1:colcon.colcon_core.package_identification:_identify(my_camera) by extension 'ros'
[1.392s] DEBUG:colcon.colcon_core.package_identification:Package 'my_camera' with type 'ros.ament_python' and name 'my_camera'
[1.392s] Level 1:colcon.colcon_core.package_identification:_identify(src) by extensions ['ignore', 'ignore_ament_install']
[1.393s] Level 1:colcon.colcon_core.package_identification:_identify(src) by extension 'ignore'
[1.393s] Level 1:colcon.colcon_core.package_identification:_identify(src) by extension 'ignore_ament_install'
[1.393s] Level 1:colcon.colcon_core.package_identification:_identify(src) by extensions ['colcon_pkg']
[1.393s] Level 1:colcon.colcon_core.package_identification:_identify(src) by extension 'colcon_pkg'
[1.393s] Level 1:colcon.colcon_core.package_identification:_identify(src) by extensions ['colcon_meta']
[1.393s] Level 1:colcon.colcon_core.package_identification:_identify(src) by extension 'colcon_meta'
[1.393s] Level 1:colcon.colcon_core.package_identification:_identify(src) by extensions ['ros']
[1.394s] Level 1:colcon.colcon_core.package_identification:_identify(src) by extension 'ros'
[1.394s] Level 1:colcon.colcon_core.package_identification:_identify(src) by extensions ['cmake', 'python']
[1.394s] Level 1:colcon.colcon_core.package_identification:_identify(src) by extension 'cmake'
[1.394s] Level 1:colcon.colcon_core.package_identification:_identify(src) by extension 'python'
[1.394s] Level 1:colcon.colcon_core.package_identification:_identify(src) by extensions ['python_setup_py']
[1.394s] Level 1:colcon.colcon_core.package_identification:_identify(src) by extension 'python_setup_py'
[1.395s] Level 1:colcon.colcon_core.package_identification:_identify(src/build) by extensions ['ignore', 'ignore_ament_install']
[1.396s] Level 1:colcon.colcon_core.package_identification:_identify(src/build) by extension 'ignore'
[1.396s] Level 1:colcon.colcon_core.package_identification:_identify(src/build) ignored
[1.397s] Level 1:colcon.colcon_core.package_identification:_identify(src/initials_ros) by extensions ['ignore', 'ignore_ament_install']
[1.397s] Level 1:colcon.colcon_core.package_identification:_identify(src/initials_ros) by extension 'ignore'
[1.397s] Level 1:colcon.colcon_core.package_identification:_identify(src/initials_ros) by extension 'ignore_ament_install'
[1.397s] Level 1:colcon.colcon_core.package_identification:_identify(src/initials_ros) by extensions ['colcon_pkg']
[1.398s] Level 1:colcon.colcon_core.package_identification:_identify(src/initials_ros) by extension 'colcon_pkg'
[1.398s] Level 1:colcon.colcon_core.package_identification:_identify(src/initials_ros) by extensions ['colcon_meta']
[1.398s] Level 1:colcon.colcon_core.package_identification:_identify(src/initials_ros) by extension 'colcon_meta'
[1.398s] Level 1:colcon.colcon_core.package_identification:_identify(src/initials_ros) by extensions ['ros']
[1.398s] Level 1:colcon.colcon_core.package_identification:_identify(src/initials_ros) by extension 'ros'
[1.400s] DEBUG:colcon.colcon_core.package_identification:Package 'src/initials_ros' with type 'ros.ament_python' and name 'initials_ros'
[1.401s] Level 1:colcon.colcon_core.package_identification:_identify(src/install) by extensions ['ignore', 'ignore_ament_install']
[1.401s] Level 1:colcon.colcon_core.package_identification:_identify(src/install) by extension 'ignore'
[1.401s] Level 1:colcon.colcon_core.package_identification:_identify(src/install) ignored
[1.402s] Level 1:colcon.colcon_core.package_identification:_identify(src/log) by extensions ['ignore', 'ignore_ament_install']
[1.403s] Level 1:colcon.colcon_core.package_identification:_identify(src/log) by extension 'ignore'
[1.403s] Level 1:colcon.colcon_core.package_identification:_identify(src/log) ignored
[1.403s] Level 1:colcon.colcon_core.package_identification:_identify(src/minebot_playground) by extensions ['ignore', 'ignore_ament_install']
[1.403s] Level 1:colcon.colcon_core.package_identification:_identify(src/minebot_playground) by extension 'ignore'
[1.404s] Level 1:colcon.colcon_core.package_identification:_identify(src/minebot_playground) by extension 'ignore_ament_install'
[1.404s] Level 1:colcon.colcon_core.package_identification:_identify(src/minebot_playground) by extensions ['colcon_pkg']
[1.404s] Level 1:colcon.colcon_core.package_identification:_identify(src/minebot_playground) by extension 'colcon_pkg'
[1.404s] Level 1:colcon.colcon_core.package_identification:_identify(src/minebot_playground) by extensions ['colcon_meta']
[1.404s] Level 1:colcon.colcon_core.package_identification:_identify(src/minebot_playground) by extension 'colcon_meta'
[1.404s] Level 1:colcon.colcon_core.package_identification:_identify(src/minebot_playground) by extensions ['ros']
[1.404s] Level 1:colcon.colcon_core.package_identification:_identify(src/minebot_playground) by extension 'ros'
[1.406s] DEBUG:colcon.colcon_core.package_identification:Package 'src/minebot_playground' with type 'ros.ament_python' and name 'minebot_playground'
[1.406s] Level 1:colcon.colcon_core.package_identification:_identify(~) by extensions ['ignore', 'ignore_ament_install']
[1.406s] Level 1:colcon.colcon_core.package_identification:_identify(~) by extension 'ignore'
[1.406s] Level 1:colcon.colcon_core.package_identification:_identify(~) by extension 'ignore_ament_install'
[1.406s] Level 1:colcon.colcon_core.package_identification:_identify(~) by extensions ['colcon_pkg']
[1.406s] Level 1:colcon.colcon_core.package_identification:_identify(~) by extension 'colcon_pkg'
[1.406s] Level 1:colcon.colcon_core.package_identification:_identify(~) by extensions ['colcon_meta']
[1.406s] Level 1:colcon.colcon_core.package_identification:_identify(~) by extension 'colcon_meta'
[1.406s] Level 1:colcon.colcon_core.package_identification:_identify(~) by extensions ['ros']
[1.407s] Level 1:colcon.colcon_core.package_identification:_identify(~) by extension 'ros'
[1.407s] Level 1:colcon.colcon_core.package_identification:_identify(~) by extensions ['cmake', 'python']
[1.407s] Level 1:colcon.colcon_core.package_identification:_identify(~) by extension 'cmake'
[1.407s] Level 1:colcon.colcon_core.package_identification:_identify(~) by extension 'python'
[1.407s] Level 1:colcon.colcon_core.package_identification:_identify(~) by extensions ['python_setup_py']
[1.407s] Level 1:colcon.colcon_core.package_identification:_identify(~) by extension 'python_setup_py'
[1.407s] Level 1:colcon.colcon_core.package_discovery:discover_packages(recursive) using defaults
[1.407s] Level 1:colcon.colcon_core.package_discovery:discover_packages(ignore) discover
[1.407s] Level 1:colcon.colcon_core.package_discovery:discover_packages(ignore) using defaults
[1.407s] Level 1:colcon.colcon_core.package_discovery:discover_packages(path) discover
[1.407s] Level 1:colcon.colcon_core.package_discovery:discover_packages(path) using defaults
[1.480s] Level 1:colcon.colcon_core.package_discovery:discover_packages(prefix_path) check parameters
[1.480s] Level 1:colcon.colcon_core.package_discovery:discover_packages(prefix_path) discover
[1.496s] DEBUG:colcon.colcon_installed_package_information.package_discovery:Found 288 installed packages in /opt/ros/jazzy
[1.498s] Level 1:colcon.colcon_core.package_discovery:discover_packages(prefix_path) using defaults
[1.737s] Level 5:colcon.colcon_core.verb:set package 'initials_ros' build argument 'cmake_args' from command line to 'None'
[1.737s] Level 5:colcon.colcon_core.verb:set package 'initials_ros' build argument 'cmake_target' from command line to 'None'
[1.737s] Level 5:colcon.colcon_core.verb:set package 'initials_ros' build argument 'cmake_target_skip_unavailable' from command line to 'False'
[1.738s] Level 5:colcon.colcon_core.verb:set package 'initials_ros' build argument 'cmake_clean_cache' from command line to 'False'
[1.738s] Level 5:colcon.colcon_core.verb:set package 'initials_ros' build argument 'cmake_clean_first' from command line to 'False'
[1.738s] Level 5:colcon.colcon_core.verb:set package 'initials_ros' build argument 'cmake_force_configure' from command line to 'False'
[1.738s] Level 5:colcon.colcon_core.verb:set package 'initials_ros' build argument 'ament_cmake_args' from command line to 'None'
[1.738s] Level 5:colcon.colcon_core.verb:set package 'initials_ros' build argument 'catkin_cmake_args' from command line to 'None'
[1.738s] Level 5:colcon.colcon_core.verb:set package 'initials_ros' build argument 'catkin_skip_building_tests' from command line to 'False'
[1.738s] DEBUG:colcon.colcon_core.verb:Building package 'initials_ros' with the following arguments: {'ament_cmake_args': None, 'build_base': '/home/phc2603/ros/build/initials_ros', 'catkin_cmake_args': None, 'catkin_skip_building_tests': False, 'cmake_args': None, 'cmake_clean_cache': False, 'cmake_clean_first': False, 'cmake_force_configure': False, 'cmake_target': None, 'cmake_target_skip_unavailable': False, 'install_base': '/home/phc2603/ros/install/initials_ros', 'merge_install': False, 'path': '/home/phc2603/ros/src/initials_ros', 'symlink_install': True, 'test_result_base': None}
[1.738s] Level 5:colcon.colcon_core.verb:set package 'minebot_playground' build argument 'cmake_args' from command line to 'None'
[1.738s] Level 5:colcon.colcon_core.verb:set package 'minebot_playground' build argument 'cmake_target' from command line to 'None'
[1.738s] Level 5:colcon.colcon_core.verb:set package 'minebot_playground' build argument 'cmake_target_skip_unavailable' from command line to 'False'
[1.739s] Level 5:colcon.colcon_core.verb:set package 'minebot_playground' build argument 'cmake_clean_cache' from command line to 'False'
[1.739s] Level 5:colcon.colcon_core.verb:set package 'minebot_playground' build argument 'cmake_clean_first' from command line to 'False'
[1.739s] Level 5:colcon.colcon_core.verb:set package 'minebot_playground' build argument 'cmake_force_configure' from command line to 'False'
[1.739s] Level 5:colcon.colcon_core.verb:set package 'minebot_playground' build argument 'ament_cmake_args' from command line to 'None'
[1.739s] Level 5:colcon.colcon_core.verb:set package 'minebot_playground' build argument 'catkin_cmake_args' from command line to 'None'
[1.739s] Level 5:colcon.colcon_core.verb:set package 'minebot_playground' build argument 'catkin_skip_building_tests' from command line to 'False'
[1.739s] DEBUG:colcon.colcon_core.verb:Building package 'minebot_playground' with the following arguments: {'ament_cmake_args': None, 'build_base': '/home/phc2603/ros/build/minebot_playground', 'catkin_cmake_args': None, 'catkin_skip_building_tests': False, 'cmake_args': None, 'cmake_clean_cache': False, 'cmake_clean_first': False, 'cmake_force_configure': False, 'cmake_target': None, 'cmake_target_skip_unavailable': False, 'install_base': '/home/phc2603/ros/install/minebot_playground', 'merge_install': False, 'path': '/home/phc2603/ros/src/minebot_playground', 'symlink_install': True, 'test_result_base': None}
[1.740s] Level 5:colcon.colcon_core.verb:set package 'my_camera' build argument 'cmake_args' from command line to 'None'
[1.740s] Level 5:colcon.colcon_core.verb:set package 'my_camera' build argument 'cmake_target' from command line to 'None'
[1.740s] Level 5:colcon.colcon_core.verb:set package 'my_camera' build argument 'cmake_target_skip_unavailable' from command line to 'False'
[1.740s] Level 5:colcon.colcon_core.verb:set package 'my_camera' build argument 'cmake_clean_cache' from command line to 'False'
[1.740s] Level 5:colcon.colcon_core.verb:set package 'my_camera' build argument 'cmake_clean_first' from command line to 'False'
[1.740s] Level 5:colcon.colcon_core.verb:set package 'my_camera' build argument 'cmake_force_configure' from command line to 'False'
[1.740s] Level 5:colcon.colcon_core.verb:set package 'my_camera' build argument 'ament_cmake_args' from command line to 'None'
[1.740s] Level 5:colcon.colcon_core.verb:set package 'my_camera' build argument 'catkin_cmake_args' from command line to 'None'
[1.740s] Level 5:colcon.colcon_core.verb:set package 'my_camera' build argument 'catkin_skip_building_tests' from command line to 'False'
[1.740s] DEBUG:colcon.colcon_core.verb:Building package 'my_camera' with the following arguments: {'ament_cmake_args': None, 'build_base': '/home/phc2603/ros/build/my_camera', 'catkin_cmake_args': None, 'catkin_skip_building_tests': False, 'cmake_args': None, 'cmake_clean_cache': False, 'cmake_clean_first': False, 'cmake_force_configure': False, 'cmake_target': None, 'cmake_target_skip_unavailable': False, 'install_base': '/home/phc2603/ros/install/my_camera', 'merge_install': False, 'path': '/home/phc2603/ros/my_camera', 'symlink_install': True, 'test_result_base': None}
[1.741s] INFO:colcon.colcon_core.executor:Executing jobs using 'parallel' executor
[1.743s] DEBUG:colcon.colcon_parallel_executor.executor.parallel:run_until_complete
[1.743s] INFO:colcon.colcon_ros.task.ament_python.build:Building ROS package in '/home/phc2603/ros/src/initials_ros' with build type 'ament_python'
[1.744s] Level 1:colcon.colcon_core.shell:create_environment_hook('initials_ros', 'ament_prefix_path')
[1.761s] INFO:colcon.colcon_core.plugin_system:Skipping extension 'colcon_core.shell.bat': Not used on non-Windows systems
[1.762s] INFO:colcon.colcon_core.shell:Creating environment hook '/home/phc2603/ros/install/initials_ros/share/initials_ros/hook/ament_prefix_path.ps1'
[1.765s] INFO:colcon.colcon_core.shell:Creating environment descriptor '/home/phc2603/ros/install/initials_ros/share/initials_ros/hook/ament_prefix_path.dsv'
[1.768s] INFO:colcon.colcon_core.shell:Creating environment hook '/home/phc2603/ros/install/initials_ros/share/initials_ros/hook/ament_prefix_path.sh'
[1.774s] INFO:colcon.colcon_core.shell:Skip shell extension 'powershell' for command environment: Not usable outside of PowerShell
[1.774s] DEBUG:colcon.colcon_core.shell:Skip shell extension 'dsv' for command environment
[1.786s] INFO:colcon.colcon_ros.task.ament_python.build:Building ROS package in '/home/phc2603/ros/src/minebot_playground' with build type 'ament_python'
[1.786s] Level 1:colcon.colcon_core.shell:create_environment_hook('minebot_playground', 'ament_prefix_path')
[1.787s] INFO:colcon.colcon_core.shell:Creating environment hook '/home/phc2603/ros/install/minebot_playground/share/minebot_playground/hook/ament_prefix_path.ps1'
[1.792s] INFO:colcon.colcon_core.shell:Creating environment descriptor '/home/phc2603/ros/install/minebot_playground/share/minebot_playground/hook/ament_prefix_path.dsv'
[1.794s] INFO:colcon.colcon_core.shell:Creating environment hook '/home/phc2603/ros/install/minebot_playground/share/minebot_playground/hook/ament_prefix_path.sh'
[1.796s] INFO:colcon.colcon_core.shell:Skip shell extension 'powershell' for command environment: Not usable outside of PowerShell
[1.797s] DEBUG:colcon.colcon_core.shell:Skip shell extension 'dsv' for command environment
[1.804s] INFO:colcon.colcon_ros.task.ament_python.build:Building ROS package in '/home/phc2603/ros/my_camera' with build type 'ament_python'
[1.804s] Level 1:colcon.colcon_core.shell:create_environment_hook('my_camera', 'ament_prefix_path')
[1.806s] INFO:colcon.colcon_core.shell:Creating environment hook '/home/phc2603/ros/install/my_camera/share/my_camera/hook/ament_prefix_path.ps1'
[1.808s] INFO:colcon.colcon_core.shell:Creating environment descriptor '/home/phc2603/ros/install/my_camera/share/my_camera/hook/ament_prefix_path.dsv'
[1.812s] INFO:colcon.colcon_core.shell:Creating environment hook '/home/phc2603/ros/install/my_camera/share/my_camera/hook/ament_prefix_path.sh'
[1.815s] INFO:colcon.colcon_core.shell:Skip shell extension 'powershell' for command environment: Not usable outside of PowerShell
[1.815s] DEBUG:colcon.colcon_core.shell:Skip shell extension 'dsv' for command environment
[2.312s] INFO:colcon.colcon_core.task.python.build:Building Python package in '/home/phc2603/ros/src/initials_ros'
[2.312s] INFO:colcon.colcon_core.shell:Skip shell extension 'powershell' for command environment: Not usable outside of PowerShell
[2.313s] DEBUG:colcon.colcon_core.shell:Skip shell extension 'dsv' for command environment
[2.732s] INFO:colcon.colcon_core.task.python.build:Building Python package in '/home/phc2603/ros/src/minebot_playground'
[2.733s] INFO:colcon.colcon_core.shell:Skip shell extension 'powershell' for command environment: Not usable outside of PowerShell
[2.734s] DEBUG:colcon.colcon_core.shell:Skip shell extension 'dsv' for command environment
[3.163s] INFO:colcon.colcon_core.task.python.build:Building Python package in '/home/phc2603/ros/my_camera'
[3.163s] INFO:colcon.colcon_core.shell:Skip shell extension 'powershell' for command environment: Not usable outside of PowerShell
[3.163s] DEBUG:colcon.colcon_core.shell:Skip shell extension 'dsv' for command environment
[5.424s] DEBUG:colcon.colcon_core.event_handler.log_command:Invoking command in '/home/phc2603/ros/build/my_camera': PYTHONPATH=/home/phc2603/ros/build/my_camera/prefix_override:/usr/lib/python3/dist-packages/colcon_core/task/python/colcon_distutils_commands:/home/phc2603/ros/install/my_camera/lib/python3.12/site-packages:${PYTHONPATH} /usr/bin/python3 -W ignore:setup.py install is deprecated -W ignore:easy_install command is deprecated setup.py develop --editable --build-directory /home/phc2603/ros/build/my_camera/build --no-deps symlink_data
[5.436s] DEBUG:colcon.colcon_core.event_handler.log_command:Invoking command in '/home/phc2603/ros/build/initials_ros': PYTHONPATH=/home/phc2603/ros/build/initials_ros/prefix_override:/usr/lib/python3/dist-packages/colcon_core/task/python/colcon_distutils_commands:/home/phc2603/ros/install/initials_ros/lib/python3.12/site-packages:${PYTHONPATH} /usr/bin/python3 -W ignore:setup.py install is deprecated -W ignore:easy_install command is deprecated setup.py develop --editable --build-directory /home/phc2603/ros/build/initials_ros/build --no-deps symlink_data
[5.448s] DEBUG:colcon.colcon_core.task.python.build:While undoing a previous installation files outside the Python library path are being ignored: /home/phc2603/ros/install/minebot_playground/share/ament_index/resource_index/packages/minebot_playground
[5.448s] DEBUG:colcon.colcon_core.task.python.build:While undoing a previous installation files outside the Python library path are being ignored: /home/phc2603/ros/install/minebot_playground/share/minebot_playground/package.xml
[5.449s] DEBUG:colcon.colcon_core.task.python.build:While undoing a previous installation files outside the Python library path are being ignored: /home/phc2603/ros/install/minebot_playground/lib/minebot_playground/camera_pub
[5.449s] DEBUG:colcon.colcon_core.task.python.build:While undoing a previous installation files outside the Python library path are being ignored: /home/phc2603/ros/install/minebot_playground/lib/minebot_playground/control_auto
[5.449s] DEBUG:colcon.colcon_core.task.python.build:While undoing a previous installation files outside the Python library path are being ignored: /home/phc2603/ros/install/minebot_playground/lib/minebot_playground/gas_mock_pub
[5.449s] DEBUG:colcon.colcon_core.task.python.build:While undoing a previous installation files outside the Python library path are being ignored: /home/phc2603/ros/install/minebot_playground/lib/minebot_playground/ip_stream_node
[5.449s] DEBUG:colcon.colcon_core.task.python.build:While undoing a previous installation files outside the Python library path are being ignored: /home/phc2603/ros/install/minebot_playground/lib/minebot_playground/usbcam_node
[5.449s] DEBUG:colcon.colcon_core.task.python.build:While undoing a previous installation files outside the Python library path are being ignored: /home/phc2603/ros/install/minebot_playground/lib/minebot_playground/user_controller
[5.449s] DEBUG:colcon.colcon_core.task.python.build:While undoing a previous installation files outside the Python library path are being ignored: /home/phc2603/ros/install/minebot_playground/lib/minebot_playground/webcam_node
[5.465s] DEBUG:colcon.colcon_core.event_handler.log_command:Invoking command in '/home/phc2603/ros/build/minebot_playground': PYTHONPATH=/home/phc2603/ros/build/minebot_playground/prefix_override:/usr/lib/python3/dist-packages/colcon_core/task/python/colcon_distutils_commands:/home/phc2603/ros/install/minebot_playground/lib/python3.12/site-packages:${PYTHONPATH} /usr/bin/python3 -W ignore:setup.py install is deprecated -W ignore:easy_install command is deprecated setup.py develop --editable --build-directory /home/phc2603/ros/build/minebot_playground/build --no-deps symlink_data --force
[6.900s] Level 1:colcon.colcon_core.shell:create_environment_hook('minebot_playground', 'pythonpath_develop')
[6.901s] INFO:colcon.colcon_core.shell:Creating environment hook '/home/phc2603/ros/build/minebot_playground/share/minebot_playground/hook/pythonpath_develop.ps1'
[6.902s] DEBUG:colcon.colcon_core.event_handler.log_command:Invoked command in '/home/phc2603/ros/build/minebot_playground' returned '0': PYTHONPATH=/home/phc2603/ros/build/minebot_playground/prefix_override:/usr/lib/python3/dist-packages/colcon_core/task/python/colcon_distutils_commands:/home/phc2603/ros/install/minebot_playground/lib/python3.12/site-packages:${PYTHONPATH} /usr/bin/python3 -W ignore:setup.py install is deprecated -W ignore:easy_install command is deprecated setup.py develop --editable --build-directory /home/phc2603/ros/build/minebot_playground/build --no-deps symlink_data --force
[6.907s] INFO:colcon.colcon_core.shell:Creating environment descriptor '/home/phc2603/ros/build/minebot_playground/share/minebot_playground/hook/pythonpath_develop.dsv'
[6.909s] INFO:colcon.colcon_core.shell:Creating environment hook '/home/phc2603/ros/build/minebot_playground/share/minebot_playground/hook/pythonpath_develop.sh'
[6.930s] Level 1:colcon.colcon_core.environment:checking '/home/phc2603/ros/install/minebot_playground' for CMake module files
[6.932s] Level 1:colcon.colcon_core.environment:checking '/home/phc2603/ros/install/minebot_playground' for CMake config files
[6.938s] Level 1:colcon.colcon_core.environment:checking '/home/phc2603/ros/install/minebot_playground/lib'
[6.939s] Level 1:colcon.colcon_core.environment:checking '/home/phc2603/ros/install/minebot_playground/bin'
[6.939s] Level 1:colcon.colcon_core.environment:checking '/home/phc2603/ros/install/minebot_playground/lib/pkgconfig/minebot_playground.pc'
[6.940s] Level 1:colcon.colcon_core.environment:checking '/home/phc2603/ros/install/minebot_playground/lib/python3.12/site-packages'
[6.941s] Level 1:colcon.colcon_core.shell:create_environment_hook('minebot_playground', 'pythonpath')
[6.941s] INFO:colcon.colcon_core.shell:Creating environment hook '/home/phc2603/ros/install/minebot_playground/share/minebot_playground/hook/pythonpath.ps1'
[6.943s] INFO:colcon.colcon_core.shell:Creating environment descriptor '/home/phc2603/ros/install/minebot_playground/share/minebot_playground/hook/pythonpath.dsv'
[6.944s] INFO:colcon.colcon_core.shell:Creating environment hook '/home/phc2603/ros/install/minebot_playground/share/minebot_playground/hook/pythonpath.sh'
[6.947s] Level 1:colcon.colcon_core.environment:checking '/home/phc2603/ros/install/minebot_playground/bin'
[6.947s] Level 1:colcon.colcon_core.environment:create_environment_scripts_only(minebot_playground)
[6.948s] INFO:colcon.colcon_core.shell:Creating package script '/home/phc2603/ros/install/minebot_playground/share/minebot_playground/package.ps1'
[6.951s] INFO:colcon.colcon_core.shell:Creating package descriptor '/home/phc2603/ros/install/minebot_playground/share/minebot_playground/package.dsv'
[6.953s] INFO:colcon.colcon_core.shell:Creating package script '/home/phc2603/ros/install/minebot_playground/share/minebot_playground/package.sh'
[6.955s] INFO:colcon.colcon_core.shell:Creating package script '/home/phc2603/ros/install/minebot_playground/share/minebot_playground/package.bash'
[6.957s] INFO:colcon.colcon_core.shell:Creating package script '/home/phc2603/ros/install/minebot_playground/share/minebot_playground/package.zsh'
[6.959s] Level 1:colcon.colcon_core.environment:create_file_with_runtime_dependencies(/home/phc2603/ros/install/minebot_playground/share/colcon-core/packages/minebot_playground)
[6.965s] Level 1:colcon.colcon_core.shell:create_environment_hook('initials_ros', 'pythonpath_develop')
[6.965s] INFO:colcon.colcon_core.shell:Creating environment hook '/home/phc2603/ros/build/initials_ros/share/initials_ros/hook/pythonpath_develop.ps1'
[6.967s] DEBUG:colcon.colcon_core.event_handler.log_command:Invoked command in '/home/phc2603/ros/build/initials_ros' returned '0': PYTHONPATH=/home/phc2603/ros/build/initials_ros/prefix_override:/usr/lib/python3/dist-packages/colcon_core/task/python/colcon_distutils_commands:/home/phc2603/ros/install/initials_ros/lib/python3.12/site-packages:${PYTHONPATH} /usr/bin/python3 -W ignore:setup.py install is deprecated -W ignore:easy_install command is deprecated setup.py develop --editable --build-directory /home/phc2603/ros/build/initials_ros/build --no-deps symlink_data
[6.968s] INFO:colcon.colcon_core.shell:Creating environment descriptor '/home/phc2603/ros/build/initials_ros/share/initials_ros/hook/pythonpath_develop.dsv'
[6.969s] INFO:colcon.colcon_core.shell:Creating environment hook '/home/phc2603/ros/build/initials_ros/share/initials_ros/hook/pythonpath_develop.sh'
[6.970s] Level 1:colcon.colcon_core.environment:checking '/home/phc2603/ros/install/initials_ros' for CMake module files
[6.974s] Level 1:colcon.colcon_core.environment:checking '/home/phc2603/ros/install/initials_ros' for CMake config files
[6.980s] Level 1:colcon.colcon_core.environment:checking '/home/phc2603/ros/install/initials_ros/lib'
[6.980s] Level 1:colcon.colcon_core.environment:checking '/home/phc2603/ros/install/initials_ros/bin'
[6.980s] Level 1:colcon.colcon_core.environment:checking '/home/phc2603/ros/install/initials_ros/lib/pkgconfig/initials_ros.pc'
[6.981s] Level 1:colcon.colcon_core.environment:checking '/home/phc2603/ros/install/initials_ros/lib/python3.12/site-packages'
[6.981s] Level 1:colcon.colcon_core.shell:create_environment_hook('initials_ros', 'pythonpath')
[6.981s] INFO:colcon.colcon_core.shell:Creating environment hook '/home/phc2603/ros/install/initials_ros/share/initials_ros/hook/pythonpath.ps1'
[6.982s] INFO:colcon.colcon_core.shell:Creating environment descriptor '/home/phc2603/ros/install/initials_ros/share/initials_ros/hook/pythonpath.dsv'
[6.983s] INFO:colcon.colcon_core.shell:Creating environment hook '/home/phc2603/ros/install/initials_ros/share/initials_ros/hook/pythonpath.sh'
[6.986s] Level 1:colcon.colcon_core.environment:checking '/home/phc2603/ros/install/initials_ros/bin'
[6.986s] Level 1:colcon.colcon_core.environment:create_environment_scripts_only(initials_ros)
[6.986s] INFO:colcon.colcon_core.shell:Creating package script '/home/phc2603/ros/install/initials_ros/share/initials_ros/package.ps1'
[6.988s] INFO:colcon.colcon_core.shell:Creating package descriptor '/home/phc2603/ros/install/initials_ros/share/initials_ros/package.dsv'
[6.990s] INFO:colcon.colcon_core.shell:Creating package script '/home/phc2603/ros/install/initials_ros/share/initials_ros/package.sh'
[6.991s] INFO:colcon.colcon_core.shell:Creating package script '/home/phc2603/ros/install/initials_ros/share/initials_ros/package.bash'
[6.992s] INFO:colcon.colcon_core.shell:Creating package script '/home/phc2603/ros/install/initials_ros/share/initials_ros/package.zsh'
[6.993s] Level 1:colcon.colcon_core.environment:create_file_with_runtime_dependencies(/home/phc2603/ros/install/initials_ros/share/colcon-core/packages/initials_ros)
[6.993s] Level 1:colcon.colcon_core.shell:create_environment_hook('my_camera', 'pythonpath_develop')
[6.995s] INFO:colcon.colcon_core.shell:Creating environment hook '/home/phc2603/ros/build/my_camera/share/my_camera/hook/pythonpath_develop.ps1'
[6.998s] DEBUG:colcon.colcon_core.event_handler.log_command:Invoked command in '/home/phc2603/ros/build/my_camera' returned '0': PYTHONPATH=/home/phc2603/ros/build/my_camera/prefix_override:/usr/lib/python3/dist-packages/colcon_core/task/python/colcon_distutils_commands:/home/phc2603/ros/install/my_camera/lib/python3.12/site-packages:${PYTHONPATH} /usr/bin/python3 -W ignore:setup.py install is deprecated -W ignore:easy_install command is deprecated setup.py develop --editable --build-directory /home/phc2603/ros/build/my_camera/build --no-deps symlink_data
[6.998s] INFO:colcon.colcon_core.shell:Creating environment descriptor '/home/phc2603/ros/build/my_camera/share/my_camera/hook/pythonpath_develop.dsv'
[7.000s] INFO:colcon.colcon_core.shell:Creating environment hook '/home/phc2603/ros/build/my_camera/share/my_camera/hook/pythonpath_develop.sh'
[7.002s] Level 1:colcon.colcon_core.environment:checking '/home/phc2603/ros/install/my_camera' for CMake module files
[7.005s] Level 1:colcon.colcon_core.environment:checking '/home/phc2603/ros/install/my_camera' for CMake config files
[7.010s] Level 1:colcon.colcon_core.environment:checking '/home/phc2603/ros/install/my_camera/lib'
[7.010s] Level 1:colcon.colcon_core.environment:checking '/home/phc2603/ros/install/my_camera/bin'
[7.011s] Level 1:colcon.colcon_core.environment:checking '/home/phc2603/ros/install/my_camera/lib/pkgconfig/my_camera.pc'
[7.011s] Level 1:colcon.colcon_core.environment:checking '/home/phc2603/ros/install/my_camera/lib/python3.12/site-packages'
[7.011s] Level 1:colcon.colcon_core.shell:create_environment_hook('my_camera', 'pythonpath')
[7.012s] INFO:colcon.colcon_core.shell:Creating environment hook '/home/phc2603/ros/install/my_camera/share/my_camera/hook/pythonpath.ps1'
[7.014s] INFO:colcon.colcon_core.shell:Creating environment descriptor '/home/phc2603/ros/install/my_camera/share/my_camera/hook/pythonpath.dsv'
[7.016s] INFO:colcon.colcon_core.shell:Creating environment hook '/home/phc2603/ros/install/my_camera/share/my_camera/hook/pythonpath.sh'
[7.018s] Level 1:colcon.colcon_core.environment:checking '/home/phc2603/ros/install/my_camera/bin'
[7.018s] Level 1:colcon.colcon_core.environment:create_environment_scripts_only(my_camera)
[7.019s] INFO:colcon.colcon_core.shell:Creating package script '/home/phc2603/ros/install/my_camera/share/my_camera/package.ps1'
[7.021s] INFO:colcon.colcon_core.shell:Creating package descriptor '/home/phc2603/ros/install/my_camera/share/my_camera/package.dsv'
[7.022s] INFO:colcon.colcon_core.shell:Creating package script '/home/phc2603/ros/install/my_camera/share/my_camera/package.sh'
[7.026s] INFO:colcon.colcon_core.shell:Creating package script '/home/phc2603/ros/install/my_camera/share/my_camera/package.bash'
[7.027s] INFO:colcon.colcon_core.shell:Creating package script '/home/phc2603/ros/install/my_camera/share/my_camera/package.zsh'
[7.029s] Level 1:colcon.colcon_core.environment:create_file_with_runtime_dependencies(/home/phc2603/ros/install/my_camera/share/colcon-core/packages/my_camera)
[7.029s] DEBUG:colcon.colcon_parallel_executor.executor.parallel:closing loop
[7.031s] DEBUG:colcon.colcon_parallel_executor.executor.parallel:loop closed
[7.032s] DEBUG:colcon.colcon_parallel_executor.executor.parallel:run_until_complete finished with '0'
[7.033s] DEBUG:colcon.colcon_core.event_reactor:joining thread
[7.236s] INFO:colcon.colcon_core.plugin_system:Skipping extension 'colcon_notification.desktop_notification.notify_send': Could not find 'notify-send'
[7.236s] INFO:colcon.colcon_core.plugin_system:Skipping extension 'colcon_notification.desktop_notification.terminal_notifier': Not used on non-Darwin systems
[7.236s] INFO:colcon.colcon_core.plugin_system:Skipping extension 'colcon_notification.desktop_notification.win32': Not used on non-Windows systems
[7.236s] INFO:colcon.colcon_notification.desktop_notification:Sending desktop notification using 'notify2'
[7.311s] DEBUG:colcon.colcon_notification.desktop_notification.notify2:Failed to initialize notify2: org.freedesktop.DBus.Error.ServiceUnknown: The name org.freedesktop.Notifications was not provided by any .service files
[7.311s] DEBUG:colcon.colcon_core.event_reactor:joined thread
[7.312s] INFO:colcon.colcon_core.shell:Creating prefix script '/home/phc2603/ros/install/local_setup.ps1'
[7.314s] INFO:colcon.colcon_core.shell:Creating prefix util module '/home/phc2603/ros/install/_local_setup_util_ps1.py'
[7.317s] INFO:colcon.colcon_core.shell:Creating prefix chain script '/home/phc2603/ros/install/setup.ps1'
[7.320s] INFO:colcon.colcon_core.shell:Creating prefix script '/home/phc2603/ros/install/local_setup.sh'
[7.321s] INFO:colcon.colcon_core.shell:Creating prefix util module '/home/phc2603/ros/install/_local_setup_util_sh.py'
[7.322s] INFO:colcon.colcon_core.shell:Creating prefix chain script '/home/phc2603/ros/install/setup.sh'
[7.325s] INFO:colcon.colcon_core.shell:Creating prefix script '/home/phc2603/ros/install/local_setup.bash'
[7.327s] INFO:colcon.colcon_core.shell:Creating prefix chain script '/home/phc2603/ros/install/setup.bash'
[7.330s] INFO:colcon.colcon_core.shell:Creating prefix script '/home/phc2603/ros/install/local_setup.zsh'
[7.332s] INFO:colcon.colcon_core.shell:Creating prefix chain script '/home/phc2603/ros/install/setup.zsh'
