running develop
running egg_info
creating initials_ros.egg-info
writing initials_ros.egg-info/PKG-INFO
writing dependency_links to initials_ros.egg-info/dependency_links.txt
writing entry points to initials_ros.egg-info/entry_points.txt
writing requirements to initials_ros.egg-info/requires.txt
writing top-level names to initials_ros.egg-info/top_level.txt
writing manifest file 'initials_ros.egg-info/SOURCES.txt'
reading manifest file 'initials_ros.egg-info/SOURCES.txt'
writing manifest file 'initials_ros.egg-info/SOURCES.txt'
running build_ext
Creating /home/phc2603/ros/install/initials_ros/lib/python3.12/site-packages/initials-ros.egg-link (link to .)
Installing talker script to /home/phc2603/ros/install/initials_ros/lib/initials_ros

Installed /home/phc2603/ros/build/initials_ros
running symlink_data
creating /home/phc2603/ros/install/initials_ros/share/ament_index
creating /home/phc2603/ros/install/initials_ros/share/ament_index/resource_index
creating /home/phc2603/ros/install/initials_ros/share/ament_index/resource_index/packages
symbolically linking /home/phc2603/ros/build/initials_ros/resource/initials_ros -> /home/phc2603/ros/install/initials_ros/share/ament_index/resource_index/packages
symbolically linking /home/phc2603/ros/build/initials_ros/package.xml -> /home/phc2603/ros/install/initials_ros/share/initials_ros
