[3.857s] Invoking command in '/home/phc2603/ros/build/initials_ros': PYTHONPATH=/home/phc2603/ros/build/initials_ros/prefix_override:/usr/lib/python3/dist-packages/colcon_core/task/python/colcon_distutils_commands:/home/phc2603/ros/install/initials_ros/lib/python3.12/site-packages:${PYTHONPATH} /usr/bin/python3 -W ignore:setup.py install is deprecated -W ignore:easy_install command is deprecated setup.py develop --editable --build-directory /home/phc2603/ros/build/initials_ros/build --no-deps symlink_data
[4.627s] running develop
[5.083s] running egg_info
[5.084s] creating initials_ros.egg-info
[5.141s] writing initials_ros.egg-info/PKG-INFO
[5.142s] writing dependency_links to initials_ros.egg-info/dependency_links.txt
[5.143s] writing entry points to initials_ros.egg-info/entry_points.txt
[5.143s] writing requirements to initials_ros.egg-info/requires.txt
[5.144s] writing top-level names to initials_ros.egg-info/top_level.txt
[5.145s] writing manifest file 'initials_ros.egg-info/SOURCES.txt'
[5.193s] reading manifest file 'initials_ros.egg-info/SOURCES.txt'
[5.194s] writing manifest file 'initials_ros.egg-info/SOURCES.txt'
[5.241s] running build_ext
[5.290s] Creating /home/phc2603/ros/install/initials_ros/lib/python3.12/site-packages/initials-ros.egg-link (link to .)
[5.293s] Installing talker script to /home/phc2603/ros/install/initials_ros/lib/initials_ros
[5.296s] 
[5.296s] Installed /home/phc2603/ros/build/initials_ros
[5.297s] running symlink_data
[5.298s] creating /home/phc2603/ros/install/initials_ros/share/ament_index
[5.299s] creating /home/phc2603/ros/install/initials_ros/share/ament_index/resource_index
[5.302s] creating /home/phc2603/ros/install/initials_ros/share/ament_index/resource_index/packages
[5.304s] symbolically linking /home/phc2603/ros/build/initials_ros/resource/initials_ros -> /home/phc2603/ros/install/initials_ros/share/ament_index/resource_index/packages
[5.304s] symbolically linking /home/phc2603/ros/build/initials_ros/package.xml -> /home/phc2603/ros/install/initials_ros/share/initials_ros
[5.421s] Invoked command in '/home/phc2603/ros/build/initials_ros' returned '0': PYTHONPATH=/home/phc2603/ros/build/initials_ros/prefix_override:/usr/lib/python3/dist-packages/colcon_core/task/python/colcon_distutils_commands:/home/phc2603/ros/install/initials_ros/lib/python3.12/site-packages:${PYTHONPATH} /usr/bin/python3 -W ignore:setup.py install is deprecated -W ignore:easy_install command is deprecated setup.py develop --editable --build-directory /home/phc2603/ros/build/initials_ros/build --no-deps symlink_data
