running develop
running egg_info
creating minebot_playground.egg-info
writing minebot_playground.egg-info/PKG-INFO
writing dependency_links to minebot_playground.egg-info/dependency_links.txt
writing entry points to minebot_playground.egg-info/entry_points.txt
writing requirements to minebot_playground.egg-info/requires.txt
writing top-level names to minebot_playground.egg-info/top_level.txt
writing manifest file 'minebot_playground.egg-info/SOURCES.txt'
reading manifest file 'minebot_playground.egg-info/SOURCES.txt'
writing manifest file 'minebot_playground.egg-info/SOURCES.txt'
running build_ext
Creating /home/phc2603/ros/src/minebot_playground/install/minebot_playground/lib/python3.12/site-packages/minebot-playground.egg-link (link to .)
Installing control_auto script to /home/phc2603/ros/src/minebot_playground/install/minebot_playground/lib/minebot_playground
Installing gas_mock script to /home/phc2603/ros/src/minebot_playground/install/minebot_playground/lib/minebot_playground
Installing usbcam_node script to /home/phc2603/ros/src/minebot_playground/install/minebot_playground/lib/minebot_playground
Installing user_controller script to /home/phc2603/ros/src/minebot_playground/install/minebot_playground/lib/minebot_playground

Installed /home/phc2603/ros/src/minebot_playground/build/minebot_playground
running symlink_data
creating /home/phc2603/ros/src/minebot_playground/install/minebot_playground/share/ament_index
creating /home/phc2603/ros/src/minebot_playground/install/minebot_playground/share/ament_index/resource_index
creating /home/phc2603/ros/src/minebot_playground/install/minebot_playground/share/ament_index/resource_index/packages
symbolically linking /home/phc2603/ros/src/minebot_playground/build/minebot_playground/resource/minebot_playground -> /home/phc2603/ros/src/minebot_playground/install/minebot_playground/share/ament_index/resource_index/packages
symbolically linking /home/phc2603/ros/src/minebot_playground/build/minebot_playground/package.xml -> /home/phc2603/ros/src/minebot_playground/install/minebot_playground/share/minebot_playground
