[3.506s] Invoking command in '/home/phc2603/ros/src/minebot_playground/build/minebot_playground': PYTHONPATH=/home/phc2603/ros/src/minebot_playground/build/minebot_playground/prefix_override:/usr/lib/python3/dist-packages/colcon_core/task/python/colcon_distutils_commands:/home/phc2603/ros/src/minebot_playground/install/minebot_playground/lib/python3.12/site-packages:${PYTHONPATH} /usr/bin/python3 -W ignore:setup.py install is deprecated -W ignore:easy_install command is deprecated setup.py develop --editable --build-directory /home/phc2603/ros/src/minebot_playground/build/minebot_playground/build --no-deps symlink_data
[4.329s] running develop
[4.779s] running egg_info
[4.779s] creating minebot_playground.egg-info
[4.824s] writing minebot_playground.egg-info/PKG-INFO
[4.827s] writing dependency_links to minebot_playground.egg-info/dependency_links.txt
[4.828s] writing entry points to minebot_playground.egg-info/entry_points.txt
[4.829s] writing requirements to minebot_playground.egg-info/requires.txt
[4.829s] writing top-level names to minebot_playground.egg-info/top_level.txt
[4.830s] writing manifest file 'minebot_playground.egg-info/SOURCES.txt'
[4.921s] reading manifest file 'minebot_playground.egg-info/SOURCES.txt'
[4.923s] writing manifest file 'minebot_playground.egg-info/SOURCES.txt'
[4.970s] running build_ext
[4.971s] Creating /home/phc2603/ros/src/minebot_playground/install/minebot_playground/lib/python3.12/site-packages/minebot-playground.egg-link (link to .)
[4.975s] Installing control_auto script to /home/phc2603/ros/src/minebot_playground/install/minebot_playground/lib/minebot_playground
[4.979s] Installing gas_mock script to /home/phc2603/ros/src/minebot_playground/install/minebot_playground/lib/minebot_playground
[4.981s] Installing usbcam_node script to /home/phc2603/ros/src/minebot_playground/install/minebot_playground/lib/minebot_playground
[4.982s] Installing user_controller script to /home/phc2603/ros/src/minebot_playground/install/minebot_playground/lib/minebot_playground
[4.984s] 
[4.984s] Installed /home/phc2603/ros/src/minebot_playground/build/minebot_playground
[4.985s] running symlink_data
[4.985s] creating /home/phc2603/ros/src/minebot_playground/install/minebot_playground/share/ament_index
[4.987s] creating /home/phc2603/ros/src/minebot_playground/install/minebot_playground/share/ament_index/resource_index
[4.989s] creating /home/phc2603/ros/src/minebot_playground/install/minebot_playground/share/ament_index/resource_index/packages
[4.991s] symbolically linking /home/phc2603/ros/src/minebot_playground/build/minebot_playground/resource/minebot_playground -> /home/phc2603/ros/src/minebot_playground/install/minebot_playground/share/ament_index/resource_index/packages
[4.993s] symbolically linking /home/phc2603/ros/src/minebot_playground/build/minebot_playground/package.xml -> /home/phc2603/ros/src/minebot_playground/install/minebot_playground/share/minebot_playground
[5.113s] Invoked command in '/home/phc2603/ros/src/minebot_playground/build/minebot_playground' returned '0': PYTHONPATH=/home/phc2603/ros/src/minebot_playground/build/minebot_playground/prefix_override:/usr/lib/python3/dist-packages/colcon_core/task/python/colcon_distutils_commands:/home/phc2603/ros/src/minebot_playground/install/minebot_playground/lib/python3.12/site-packages:${PYTHONPATH} /usr/bin/python3 -W ignore:setup.py install is deprecated -W ignore:easy_install command is deprecated setup.py develop --editable --build-directory /home/phc2603/ros/src/minebot_playground/build/minebot_playground/build --no-deps symlink_data
