[1.687s] Invoking command in '/home/phc2603/ros/build/minebot_playground': PYTHONPATH=/home/phc2603/ros/build/minebot_playground/prefix_override:/usr/lib/python3/dist-packages/colcon_core/task/python/colcon_distutils_commands:/home/phc2603/ros/install/minebot_playground/lib/python3.12/site-packages:${PYTHONPATH} /usr/bin/python3 -W ignore:setup.py install is deprecated -W ignore:easy_install command is deprecated setup.py develop --editable --build-directory /home/phc2603/ros/build/minebot_playground/build --no-deps symlink_data
[2.036s] running develop
[2.262s] running egg_info
[2.281s] writing minebot_playground.egg-info/PKG-INFO
[2.282s] writing dependency_links to minebot_playground.egg-info/dependency_links.txt
[2.282s] writing entry points to minebot_playground.egg-info/entry_points.txt
[2.283s] writing requirements to minebot_playground.egg-info/requires.txt
[2.283s] writing top-level names to minebot_playground.egg-info/top_level.txt
[2.329s] reading manifest file 'minebot_playground.egg-info/SOURCES.txt'
[2.330s] writing manifest file 'minebot_playground.egg-info/SOURCES.txt'
[2.355s] running build_ext
[2.356s] Creating /home/phc2603/ros/install/minebot_playground/lib/python3.12/site-packages/minebot-playground.egg-link (link to .)
[2.357s] Installing camera_pub script to /home/phc2603/ros/install/minebot_playground/lib/minebot_playground
[2.358s] Installing control_auto script to /home/phc2603/ros/install/minebot_playground/lib/minebot_playground
[2.358s] Installing gas_mock_pub script to /home/phc2603/ros/install/minebot_playground/lib/minebot_playground
[2.359s] Installing ip_stream_node script to /home/phc2603/ros/install/minebot_playground/lib/minebot_playground
[2.360s] Installing usbcam_node script to /home/phc2603/ros/install/minebot_playground/lib/minebot_playground
[2.360s] Installing user_controller script to /home/phc2603/ros/install/minebot_playground/lib/minebot_playground
[2.362s] Installing webcam_node script to /home/phc2603/ros/install/minebot_playground/lib/minebot_playground
[2.363s] 
[2.363s] Installed /home/phc2603/ros/build/minebot_playground
[2.363s] running symlink_data
[2.437s] Invoked command in '/home/phc2603/ros/build/minebot_playground' returned '0': PYTHONPATH=/home/phc2603/ros/build/minebot_playground/prefix_override:/usr/lib/python3/dist-packages/colcon_core/task/python/colcon_distutils_commands:/home/phc2603/ros/install/minebot_playground/lib/python3.12/site-packages:${PYTHONPATH} /usr/bin/python3 -W ignore:setup.py install is deprecated -W ignore:easy_install command is deprecated setup.py develop --editable --build-directory /home/phc2603/ros/build/minebot_playground/build --no-deps symlink_data
