[1.428s] DEBUG:colcon:Command line arguments: ['/usr/bin/colcon', 'build', '--symlink-install']
[1.428s] DEBUG:colcon:Parsed command line arguments: Namespace(log_base=None, log_level=None, verb_name='build', build_base='build', install_base='install', merge_install=False, symlink_install=True, test_result_base=None, continue_on_error=False, executor='parallel', parallel_workers=16, event_handlers=None, ignore_user_meta=False, metas=['./colcon.meta'], base_paths=['.'], packages_ignore=None, packages_ignore_regex=None, paths=None, packages_up_to=None, packages_up_to_regex=None, packages_above=None, packages_above_and_dependencies=None, packages_above_depth=None, packages_select_by_dep=None, packages_skip_by_dep=None, packages_skip_up_to=None, packages_select_build_failed=False, packages_skip_build_finished=False, packages_select_test_failures=False, packages_skip_test_passed=False, packages_select=None, packages_skip=None, packages_select_regex=None, packages_skip_regex=None, packages_start=None, packages_end=None, allow_overriding=[], cmake_args=None, cmake_target=None, cmake_target_skip_unavailable=False, cmake_clean_cache=False, cmake_clean_first=False, cmake_force_configure=False, ament_cmake_args=None, catkin_cmake_args=None, catkin_skip_building_tests=False, mixin_files=None, mixin=None, verb_parser=<colcon_mixin.mixin.mixin_argument.MixinArgumentDecorator object at 0x77b7b55427b0>, verb_extension=<colcon_core.verb.build.BuildVerb object at 0x77b7b5615370>, main=<bound method BuildVerb.main of <colcon_core.verb.build.BuildVerb object at 0x77b7b5615370>>, mixin_verb=('build',))
[1.666s] Level 1:colcon.colcon_core.package_discovery:discover_packages(colcon_meta) check parameters
[1.666s] Level 1:colcon.colcon_core.package_discovery:discover_packages(recursive) check parameters
[1.666s] Level 1:colcon.colcon_core.package_discovery:discover_packages(ignore) check parameters
[1.666s] Level 1:colcon.colcon_core.package_discovery:discover_packages(path) check parameters
[1.666s] Level 1:colcon.colcon_core.package_discovery:discover_packages(colcon_meta) discover
[1.667s] Level 1:colcon.colcon_core.package_discovery:discover_packages(recursive) discover
[1.667s] INFO:colcon.colcon_core.package_discovery:Crawling recursively for packages in '/home/phc2603/ros/src/minebot_playground'
[1.667s] Level 1:colcon.colcon_core.package_identification:_identify(.) by extensions ['ignore', 'ignore_ament_install']
[1.668s] Level 1:colcon.colcon_core.package_identification:_identify(.) by extension 'ignore'
[1.668s] Level 1:colcon.colcon_core.package_identification:_identify(.) by extension 'ignore_ament_install'
[1.668s] Level 1:colcon.colcon_core.package_identification:_identify(.) by extensions ['colcon_pkg']
[1.669s] Level 1:colcon.colcon_core.package_identification:_identify(.) by extension 'colcon_pkg'
[1.669s] Level 1:colcon.colcon_core.package_identification:_identify(.) by extensions ['colcon_meta']
[1.669s] Level 1:colcon.colcon_core.package_identification:_identify(.) by extension 'colcon_meta'
[1.669s] Level 1:colcon.colcon_core.package_identification:_identify(.) by extensions ['ros']
[1.669s] Level 1:colcon.colcon_core.package_identification:_identify(.) by extension 'ros'
[1.799s] DEBUG:colcon.colcon_core.package_identification:Package '.' with type 'ros.ament_python' and name 'minebot_playground'
[1.799s] Level 1:colcon.colcon_core.package_discovery:discover_packages(recursive) using defaults
[1.799s] Level 1:colcon.colcon_core.package_discovery:discover_packages(ignore) discover
[1.799s] Level 1:colcon.colcon_core.package_discovery:discover_packages(ignore) using defaults
[1.799s] Level 1:colcon.colcon_core.package_discovery:discover_packages(path) discover
[1.799s] Level 1:colcon.colcon_core.package_discovery:discover_packages(path) using defaults
[1.957s] Level 1:colcon.colcon_core.package_discovery:discover_packages(prefix_path) check parameters
[1.957s] Level 1:colcon.colcon_core.package_discovery:discover_packages(prefix_path) discover
[1.972s] DEBUG:colcon.colcon_installed_package_information.package_discovery:Found 293 installed packages in /opt/ros/jazzy
[1.990s] Level 1:colcon.colcon_core.package_discovery:discover_packages(prefix_path) using defaults
[2.139s] Level 5:colcon.colcon_core.verb:set package 'minebot_playground' build argument 'cmake_args' from command line to 'None'
[2.139s] Level 5:colcon.colcon_core.verb:set package 'minebot_playground' build argument 'cmake_target' from command line to 'None'
[2.139s] Level 5:colcon.colcon_core.verb:set package 'minebot_playground' build argument 'cmake_target_skip_unavailable' from command line to 'False'
[2.139s] Level 5:colcon.colcon_core.verb:set package 'minebot_playground' build argument 'cmake_clean_cache' from command line to 'False'
[2.139s] Level 5:colcon.colcon_core.verb:set package 'minebot_playground' build argument 'cmake_clean_first' from command line to 'False'
[2.139s] Level 5:colcon.colcon_core.verb:set package 'minebot_playground' build argument 'cmake_force_configure' from command line to 'False'
[2.139s] Level 5:colcon.colcon_core.verb:set package 'minebot_playground' build argument 'ament_cmake_args' from command line to 'None'
[2.139s] Level 5:colcon.colcon_core.verb:set package 'minebot_playground' build argument 'catkin_cmake_args' from command line to 'None'
[2.139s] Level 5:colcon.colcon_core.verb:set package 'minebot_playground' build argument 'catkin_skip_building_tests' from command line to 'False'
[2.139s] DEBUG:colcon.colcon_core.verb:Building package 'minebot_playground' with the following arguments: {'ament_cmake_args': None, 'build_base': '/home/phc2603/ros/src/minebot_playground/build/minebot_playground', 'catkin_cmake_args': None, 'catkin_skip_building_tests': False, 'cmake_args': None, 'cmake_clean_cache': False, 'cmake_clean_first': False, 'cmake_force_configure': False, 'cmake_target': None, 'cmake_target_skip_unavailable': False, 'install_base': '/home/phc2603/ros/src/minebot_playground/install/minebot_playground', 'merge_install': False, 'path': '/home/phc2603/ros/src/minebot_playground', 'symlink_install': True, 'test_result_base': None}
[2.139s] INFO:colcon.colcon_core.executor:Executing jobs using 'parallel' executor
[2.141s] DEBUG:colcon.colcon_parallel_executor.executor.parallel:run_until_complete
[2.142s] INFO:colcon.colcon_ros.task.ament_python.build:Building ROS package in '/home/phc2603/ros/src/minebot_playground' with build type 'ament_python'
[2.142s] Level 1:colcon.colcon_core.shell:create_environment_hook('minebot_playground', 'ament_prefix_path')
[2.158s] INFO:colcon.colcon_core.plugin_system:Skipping extension 'colcon_core.shell.bat': Not used on non-Windows systems
[2.159s] INFO:colcon.colcon_core.shell:Creating environment hook '/home/phc2603/ros/src/minebot_playground/install/minebot_playground/share/minebot_playground/hook/ament_prefix_path.ps1'
[2.168s] INFO:colcon.colcon_core.shell:Creating environment descriptor '/home/phc2603/ros/src/minebot_playground/install/minebot_playground/share/minebot_playground/hook/ament_prefix_path.dsv'
[2.170s] INFO:colcon.colcon_core.shell:Creating environment hook '/home/phc2603/ros/src/minebot_playground/install/minebot_playground/share/minebot_playground/hook/ament_prefix_path.sh'
[2.173s] INFO:colcon.colcon_core.shell:Skip shell extension 'powershell' for command environment: Not usable outside of PowerShell
[2.174s] DEBUG:colcon.colcon_core.shell:Skip shell extension 'dsv' for command environment
[2.851s] INFO:colcon.colcon_core.task.python.build:Building Python package in '/home/phc2603/ros/src/minebot_playground'
[2.851s] INFO:colcon.colcon_core.shell:Skip shell extension 'powershell' for command environment: Not usable outside of PowerShell
[2.851s] DEBUG:colcon.colcon_core.shell:Skip shell extension 'dsv' for command environment
[5.649s] DEBUG:colcon.colcon_core.event_handler.log_command:Invoking command in '/home/phc2603/ros/src/minebot_playground/build/minebot_playground': PYTHONPATH=/home/phc2603/ros/src/minebot_playground/build/minebot_playground/prefix_override:/usr/lib/python3/dist-packages/colcon_core/task/python/colcon_distutils_commands:/home/phc2603/ros/src/minebot_playground/install/minebot_playground/lib/python3.12/site-packages:${PYTHONPATH} /usr/bin/python3 -W ignore:setup.py install is deprecated -W ignore:easy_install command is deprecated setup.py develop --editable --build-directory /home/phc2603/ros/src/minebot_playground/build/minebot_playground/build --no-deps symlink_data
[7.254s] Level 1:colcon.colcon_core.shell:create_environment_hook('minebot_playground', 'pythonpath_develop')
[7.255s] INFO:colcon.colcon_core.shell:Creating environment hook '/home/phc2603/ros/src/minebot_playground/build/minebot_playground/share/minebot_playground/hook/pythonpath_develop.ps1'
[7.257s] DEBUG:colcon.colcon_core.event_handler.log_command:Invoked command in '/home/phc2603/ros/src/minebot_playground/build/minebot_playground' returned '0': PYTHONPATH=/home/phc2603/ros/src/minebot_playground/build/minebot_playground/prefix_override:/usr/lib/python3/dist-packages/colcon_core/task/python/colcon_distutils_commands:/home/phc2603/ros/src/minebot_playground/install/minebot_playground/lib/python3.12/site-packages:${PYTHONPATH} /usr/bin/python3 -W ignore:setup.py install is deprecated -W ignore:easy_install command is deprecated setup.py develop --editable --build-directory /home/phc2603/ros/src/minebot_playground/build/minebot_playground/build --no-deps symlink_data
[7.263s] INFO:colcon.colcon_core.shell:Creating environment descriptor '/home/phc2603/ros/src/minebot_playground/build/minebot_playground/share/minebot_playground/hook/pythonpath_develop.dsv'
[7.264s] INFO:colcon.colcon_core.shell:Creating environment hook '/home/phc2603/ros/src/minebot_playground/build/minebot_playground/share/minebot_playground/hook/pythonpath_develop.sh'
[7.285s] Level 1:colcon.colcon_core.environment:checking '/home/phc2603/ros/src/minebot_playground/install/minebot_playground' for CMake module files
[7.286s] Level 1:colcon.colcon_core.environment:checking '/home/phc2603/ros/src/minebot_playground/install/minebot_playground' for CMake config files
[7.288s] Level 1:colcon.colcon_core.environment:checking '/home/phc2603/ros/src/minebot_playground/install/minebot_playground/lib'
[7.288s] Level 1:colcon.colcon_core.environment:checking '/home/phc2603/ros/src/minebot_playground/install/minebot_playground/bin'
[7.288s] Level 1:colcon.colcon_core.environment:checking '/home/phc2603/ros/src/minebot_playground/install/minebot_playground/lib/pkgconfig/minebot_playground.pc'
[7.289s] Level 1:colcon.colcon_core.environment:checking '/home/phc2603/ros/src/minebot_playground/install/minebot_playground/lib/python3.12/site-packages'
[7.289s] Level 1:colcon.colcon_core.shell:create_environment_hook('minebot_playground', 'pythonpath')
[7.291s] INFO:colcon.colcon_core.shell:Creating environment hook '/home/phc2603/ros/src/minebot_playground/install/minebot_playground/share/minebot_playground/hook/pythonpath.ps1'
[7.292s] INFO:colcon.colcon_core.shell:Creating environment descriptor '/home/phc2603/ros/src/minebot_playground/install/minebot_playground/share/minebot_playground/hook/pythonpath.dsv'
[7.294s] INFO:colcon.colcon_core.shell:Creating environment hook '/home/phc2603/ros/src/minebot_playground/install/minebot_playground/share/minebot_playground/hook/pythonpath.sh'
[7.296s] Level 1:colcon.colcon_core.environment:checking '/home/phc2603/ros/src/minebot_playground/install/minebot_playground/bin'
[7.296s] Level 1:colcon.colcon_core.environment:create_environment_scripts_only(minebot_playground)
[7.297s] INFO:colcon.colcon_core.shell:Creating package script '/home/phc2603/ros/src/minebot_playground/install/minebot_playground/share/minebot_playground/package.ps1'
[7.299s] INFO:colcon.colcon_core.shell:Creating package descriptor '/home/phc2603/ros/src/minebot_playground/install/minebot_playground/share/minebot_playground/package.dsv'
[7.301s] INFO:colcon.colcon_core.shell:Creating package script '/home/phc2603/ros/src/minebot_playground/install/minebot_playground/share/minebot_playground/package.sh'
[7.304s] INFO:colcon.colcon_core.shell:Creating package script '/home/phc2603/ros/src/minebot_playground/install/minebot_playground/share/minebot_playground/package.bash'
[7.307s] INFO:colcon.colcon_core.shell:Creating package script '/home/phc2603/ros/src/minebot_playground/install/minebot_playground/share/minebot_playground/package.zsh'
[7.309s] Level 1:colcon.colcon_core.environment:create_file_with_runtime_dependencies(/home/phc2603/ros/src/minebot_playground/install/minebot_playground/share/colcon-core/packages/minebot_playground)
[7.312s] DEBUG:colcon.colcon_parallel_executor.executor.parallel:closing loop
[7.314s] DEBUG:colcon.colcon_parallel_executor.executor.parallel:loop closed
[7.314s] DEBUG:colcon.colcon_parallel_executor.executor.parallel:run_until_complete finished with '0'
[7.314s] DEBUG:colcon.colcon_core.event_reactor:joining thread
[7.510s] INFO:colcon.colcon_core.plugin_system:Skipping extension 'colcon_notification.desktop_notification.notify_send': Could not find 'notify-send'
[7.510s] INFO:colcon.colcon_core.plugin_system:Skipping extension 'colcon_notification.desktop_notification.terminal_notifier': Not used on non-Darwin systems
[7.511s] INFO:colcon.colcon_core.plugin_system:Skipping extension 'colcon_notification.desktop_notification.win32': Not used on non-Windows systems
[7.511s] INFO:colcon.colcon_notification.desktop_notification:Sending desktop notification using 'notify2'
[7.548s] DEBUG:colcon.colcon_notification.desktop_notification.notify2:Failed to initialize notify2: org.freedesktop.DBus.Error.ServiceUnknown: The name org.freedesktop.Notifications was not provided by any .service files
[7.548s] DEBUG:colcon.colcon_core.event_reactor:joined thread
[7.549s] INFO:colcon.colcon_core.shell:Creating prefix script '/home/phc2603/ros/src/minebot_playground/install/local_setup.ps1'
[7.553s] INFO:colcon.colcon_core.shell:Creating prefix util module '/home/phc2603/ros/src/minebot_playground/install/_local_setup_util_ps1.py'
[7.562s] INFO:colcon.colcon_core.shell:Creating prefix chain script '/home/phc2603/ros/src/minebot_playground/install/setup.ps1'
[7.566s] INFO:colcon.colcon_core.shell:Creating prefix script '/home/phc2603/ros/src/minebot_playground/install/local_setup.sh'
[7.569s] INFO:colcon.colcon_core.shell:Creating prefix util module '/home/phc2603/ros/src/minebot_playground/install/_local_setup_util_sh.py'
[7.571s] INFO:colcon.colcon_core.shell:Creating prefix chain script '/home/phc2603/ros/src/minebot_playground/install/setup.sh'
[7.574s] INFO:colcon.colcon_core.shell:Creating prefix script '/home/phc2603/ros/src/minebot_playground/install/local_setup.bash'
[7.577s] INFO:colcon.colcon_core.shell:Creating prefix chain script '/home/phc2603/ros/src/minebot_playground/install/setup.bash'
[7.580s] INFO:colcon.colcon_core.shell:Creating prefix script '/home/phc2603/ros/src/minebot_playground/install/local_setup.zsh'
[7.582s] INFO:colcon.colcon_core.shell:Creating prefix chain script '/home/phc2603/ros/src/minebot_playground/install/setup.zsh'
