[1.037s] Invoking command in '/home/phc2603/ros/build/minebot_playground': PYTHONPATH=/home/phc2603/ros/build/minebot_playground/prefix_override:/usr/lib/python3/dist-packages/colcon_core/task/python/colcon_distutils_commands:/home/phc2603/ros/install/minebot_playground/lib/python3.12/site-packages:${PYTHONPATH} /usr/bin/python3 -W ignore:setup.py install is deprecated -W ignore:easy_install command is deprecated setup.py develop --editable --build-directory /home/phc2603/ros/build/minebot_playground/build --no-deps symlink_data
[1.392s] running develop
[1.615s] running egg_info
[1.636s] writing minebot_playground.egg-info/PKG-INFO
[1.636s] writing dependency_links to minebot_playground.egg-info/dependency_links.txt
[1.637s] writing entry points to minebot_playground.egg-info/entry_points.txt
[1.637s] writing requirements to minebot_playground.egg-info/requires.txt
[1.637s] writing top-level names to minebot_playground.egg-info/top_level.txt
[1.683s] reading manifest file 'minebot_playground.egg-info/SOURCES.txt'
[1.684s] writing manifest file 'minebot_playground.egg-info/SOURCES.txt'
[1.707s] running build_ext
[1.707s] Creating /home/phc2603/ros/install/minebot_playground/lib/python3.12/site-packages/minebot-playground.egg-link (link to .)
[1.707s] Installing control_auto script to /home/phc2603/ros/install/minebot_playground/lib/minebot_playground
[1.708s] Installing gas_mock script to /home/phc2603/ros/install/minebot_playground/lib/minebot_playground
[1.708s] Installing raspi_camera_publisher_compressed script to /home/phc2603/ros/install/minebot_playground/lib/minebot_playground
[1.708s] Installing usbcam_node script to /home/phc2603/ros/install/minebot_playground/lib/minebot_playground
[1.709s] Installing user_controller script to /home/phc2603/ros/install/minebot_playground/lib/minebot_playground
[1.710s] 
[1.710s] Installed /home/phc2603/ros/build/minebot_playground
[1.710s] running symlink_data
[1.773s] Invoked command in '/home/phc2603/ros/build/minebot_playground' returned '0': PYTHONPATH=/home/phc2603/ros/build/minebot_playground/prefix_override:/usr/lib/python3/dist-packages/colcon_core/task/python/colcon_distutils_commands:/home/phc2603/ros/install/minebot_playground/lib/python3.12/site-packages:${PYTHONPATH} /usr/bin/python3 -W ignore:setup.py install is deprecated -W ignore:easy_install command is deprecated setup.py develop --editable --build-directory /home/phc2603/ros/build/minebot_playground/build --no-deps symlink_data
