[2.966s] Invoking command in '/home/phc2603/ros/build/minebot_playground': PYTHONPATH=/home/phc2603/ros/build/minebot_playground/prefix_override:/usr/lib/python3/dist-packages/colcon_core/task/python/colcon_distutils_commands:/home/phc2603/ros/install/minebot_playground/lib/python3.12/site-packages:${PYTHONPATH} /usr/bin/python3 -W ignore:setup.py install is deprecated -W ignore:easy_install command is deprecated setup.py develop --editable --build-directory /home/phc2603/ros/build/minebot_playground/build --no-deps symlink_data
[3.867s] running develop
[4.448s] running egg_info
[4.512s] writing minebot_playground.egg-info/PKG-INFO
[4.514s] writing dependency_links to minebot_playground.egg-info/dependency_links.txt
[4.515s] writing entry points to minebot_playground.egg-info/entry_points.txt
[4.516s] writing requirements to minebot_playground.egg-info/requires.txt
[4.517s] writing top-level names to minebot_playground.egg-info/top_level.txt
[4.666s] reading manifest file 'minebot_playground.egg-info/SOURCES.txt'
[4.671s] writing manifest file 'minebot_playground.egg-info/SOURCES.txt'
[4.746s] running build_ext
[4.747s] Creating /home/phc2603/ros/install/minebot_playground/lib/python3.12/site-packages/minebot-playground.egg-link (link to .)
[4.749s] Installing camera_gazebo script to /home/phc2603/ros/install/minebot_playground/lib/minebot_playground
[4.756s] Installing control_auto script to /home/phc2603/ros/install/minebot_playground/lib/minebot_playground
[4.763s] Installing gas_mock script to /home/phc2603/ros/install/minebot_playground/lib/minebot_playground
[4.765s] Installing raspi_camera_publisher_compressed script to /home/phc2603/ros/install/minebot_playground/lib/minebot_playground
[4.766s] Installing usbcam_node script to /home/phc2603/ros/install/minebot_playground/lib/minebot_playground
[4.768s] Installing user_controller script to /home/phc2603/ros/install/minebot_playground/lib/minebot_playground
[4.772s] 
[4.773s] Installed /home/phc2603/ros/build/minebot_playground
[4.773s] running symlink_data
[4.928s] Invoked command in '/home/phc2603/ros/build/minebot_playground' returned '0': PYTHONPATH=/home/phc2603/ros/build/minebot_playground/prefix_override:/usr/lib/python3/dist-packages/colcon_core/task/python/colcon_distutils_commands:/home/phc2603/ros/install/minebot_playground/lib/python3.12/site-packages:${PYTHONPATH} /usr/bin/python3 -W ignore:setup.py install is deprecated -W ignore:easy_install command is deprecated setup.py develop --editable --build-directory /home/phc2603/ros/build/minebot_playground/build --no-deps symlink_data
