[2.624s] Invoking command in '/home/phc2603/ros/build/minebot_playground': PYTHONPATH=/home/phc2603/ros/build/minebot_playground/prefix_override:/usr/lib/python3/dist-packages/colcon_core/task/python/colcon_distutils_commands:/home/phc2603/ros/install/minebot_playground/lib/python3.12/site-packages:${PYTHONPATH} /usr/bin/python3 -W ignore:setup.py install is deprecated -W ignore:easy_install command is deprecated setup.py develop --editable --build-directory /home/phc2603/ros/build/minebot_playground/build --no-deps symlink_data
[3.129s] running develop
[3.438s] running egg_info
[3.474s] writing minebot_playground.egg-info/PKG-INFO
[3.475s] writing dependency_links to minebot_playground.egg-info/dependency_links.txt
[3.475s] writing entry points to minebot_playground.egg-info/entry_points.txt
[3.476s] writing requirements to minebot_playground.egg-info/requires.txt
[3.477s] writing top-level names to minebot_playground.egg-info/top_level.txt
[3.557s] reading manifest file 'minebot_playground.egg-info/SOURCES.txt'
[3.560s] writing manifest file 'minebot_playground.egg-info/SOURCES.txt'
[3.586s] running build_ext
[3.587s] Creating /home/phc2603/ros/install/minebot_playground/lib/python3.12/site-packages/minebot-playground.egg-link (link to .)
[3.587s] Installing control_auto script to /home/phc2603/ros/install/minebot_playground/lib/minebot_playground
[3.588s] Installing gas_mock_pub script to /home/phc2603/ros/install/minebot_playground/lib/minebot_playground
[3.589s] Installing usbcam_node script to /home/phc2603/ros/install/minebot_playground/lib/minebot_playground
[3.589s] Installing user_controller script to /home/phc2603/ros/install/minebot_playground/lib/minebot_playground
[3.589s] 
[3.589s] Installed /home/phc2603/ros/build/minebot_playground
[3.590s] running symlink_data
[3.704s] Invoked command in '/home/phc2603/ros/build/minebot_playground' returned '0': PYTHONPATH=/home/phc2603/ros/build/minebot_playground/prefix_override:/usr/lib/python3/dist-packages/colcon_core/task/python/colcon_distutils_commands:/home/phc2603/ros/install/minebot_playground/lib/python3.12/site-packages:${PYTHONPATH} /usr/bin/python3 -W ignore:setup.py install is deprecated -W ignore:easy_install command is deprecated setup.py develop --editable --build-directory /home/phc2603/ros/build/minebot_playground/build --no-deps symlink_data
