[1.896s] Invoking command in '/home/phc2603/ros/src/minebot_playground': PYTHONPATH=/home/phc2603/ros/build/minebot_playground/prefix_override:/usr/lib/python3/dist-packages/colcon_core/task/python/colcon_distutils_commands:/home/phc2603/ros/install/minebot_playground/lib/python3.12/site-packages:${PYTHONPATH} /usr/bin/python3 -W ignore:setup.py install is deprecated -W ignore:easy_install command is deprecated setup.py egg_info --egg-base ../../build/minebot_playground build --build-base /home/phc2603/ros/build/minebot_playground/build install --record /home/phc2603/ros/build/minebot_playground/install.log --single-version-externally-managed install_data
[2.423s] running egg_info
[2.476s] writing ../../build/minebot_playground/minebot_playground.egg-info/PKG-INFO
[2.477s] writing dependency_links to ../../build/minebot_playground/minebot_playground.egg-info/dependency_links.txt
[2.479s] writing entry points to ../../build/minebot_playground/minebot_playground.egg-info/entry_points.txt
[2.479s] writing requirements to ../../build/minebot_playground/minebot_playground.egg-info/requires.txt
[2.479s] writing top-level names to ../../build/minebot_playground/minebot_playground.egg-info/top_level.txt
[2.558s] reading manifest file '../../build/minebot_playground/minebot_playground.egg-info/SOURCES.txt'
[2.561s] writing manifest file '../../build/minebot_playground/minebot_playground.egg-info/SOURCES.txt'
[2.562s] running build
[2.562s] running build_py
[2.563s] copying minebot_playground/usbcam_node.py -> /home/phc2603/ros/build/minebot_playground/build/lib/minebot_playground
[2.564s] copying minebot_playground/webcam_node.py -> /home/phc2603/ros/build/minebot_playground/build/lib/minebot_playground
[2.566s] running install
[2.577s] running install_lib
[2.613s] copying /home/phc2603/ros/build/minebot_playground/build/lib/minebot_playground/usbcam_node.py -> /home/phc2603/ros/install/minebot_playground/lib/python3.12/site-packages/minebot_playground
[2.616s] copying /home/phc2603/ros/build/minebot_playground/build/lib/minebot_playground/webcam_node.py -> /home/phc2603/ros/install/minebot_playground/lib/python3.12/site-packages/minebot_playground
[2.624s] byte-compiling /home/phc2603/ros/install/minebot_playground/lib/python3.12/site-packages/minebot_playground/usbcam_node.py to usbcam_node.cpython-312.pyc
[2.670s] byte-compiling /home/phc2603/ros/install/minebot_playground/lib/python3.12/site-packages/minebot_playground/webcam_node.py to webcam_node.cpython-312.pyc
[2.679s] running install_data
[2.679s] running install_egg_info
[2.722s] removing '/home/phc2603/ros/install/minebot_playground/lib/python3.12/site-packages/minebot_playground-0.0.0-py3.12.egg-info' (and everything under it)
[2.725s] Copying ../../build/minebot_playground/minebot_playground.egg-info to /home/phc2603/ros/install/minebot_playground/lib/python3.12/site-packages/minebot_playground-0.0.0-py3.12.egg-info
[2.729s] running install_scripts
[3.006s] Installing camera_pub script to /home/phc2603/ros/install/minebot_playground/lib/minebot_playground
[3.007s] Installing control_auto script to /home/phc2603/ros/install/minebot_playground/lib/minebot_playground
[3.008s] Installing gas_mock_pub script to /home/phc2603/ros/install/minebot_playground/lib/minebot_playground
[3.009s] Installing ip_stream_node script to /home/phc2603/ros/install/minebot_playground/lib/minebot_playground
[3.009s] Installing usbcam_node script to /home/phc2603/ros/install/minebot_playground/lib/minebot_playground
[3.010s] Installing user_controller script to /home/phc2603/ros/install/minebot_playground/lib/minebot_playground
[3.011s] Installing webcam_node script to /home/phc2603/ros/install/minebot_playground/lib/minebot_playground
[3.012s] writing list of installed files to '/home/phc2603/ros/build/minebot_playground/install.log'
[3.081s] Invoked command in '/home/phc2603/ros/src/minebot_playground' returned '0': PYTHONPATH=/home/phc2603/ros/build/minebot_playground/prefix_override:/usr/lib/python3/dist-packages/colcon_core/task/python/colcon_distutils_commands:/home/phc2603/ros/install/minebot_playground/lib/python3.12/site-packages:${PYTHONPATH} /usr/bin/python3 -W ignore:setup.py install is deprecated -W ignore:easy_install command is deprecated setup.py egg_info --egg-base ../../build/minebot_playground build --build-base /home/phc2603/ros/build/minebot_playground/build install --record /home/phc2603/ros/build/minebot_playground/install.log --single-version-externally-managed install_data
