[1.283s] Invoking command in '/home/phc2603/ros/src/minebot_playground': PYTHONPATH=/home/phc2603/ros/build/minebot_playground/prefix_override:/usr/lib/python3/dist-packages/colcon_core/task/python/colcon_distutils_commands:/home/phc2603/ros/install/minebot_playground/lib/python3.12/site-packages:${PYTHONPATH} /usr/bin/python3 -W ignore:setup.py install is deprecated -W ignore:easy_install command is deprecated setup.py egg_info --egg-base ../../build/minebot_playground build --build-base /home/phc2603/ros/build/minebot_playground/build install --record /home/phc2603/ros/build/minebot_playground/install.log --single-version-externally-managed install_data
[1.576s] running egg_info
[1.596s] writing ../../build/minebot_playground/minebot_playground.egg-info/PKG-INFO
[1.596s] writing dependency_links to ../../build/minebot_playground/minebot_playground.egg-info/dependency_links.txt
[1.597s] writing entry points to ../../build/minebot_playground/minebot_playground.egg-info/entry_points.txt
[1.597s] writing requirements to ../../build/minebot_playground/minebot_playground.egg-info/requires.txt
[1.597s] writing top-level names to ../../build/minebot_playground/minebot_playground.egg-info/top_level.txt
[1.640s] reading manifest file '../../build/minebot_playground/minebot_playground.egg-info/SOURCES.txt'
[1.642s] writing manifest file '../../build/minebot_playground/minebot_playground.egg-info/SOURCES.txt'
[1.642s] running build
[1.642s] running build_py
[1.642s] copying minebot_playground/user_controller.py -> /home/phc2603/ros/build/minebot_playground/build/lib/minebot_playground
[1.643s] running install
[1.649s] running install_lib
[1.670s] copying /home/phc2603/ros/build/minebot_playground/build/lib/minebot_playground/user_controller.py -> /home/phc2603/ros/install/minebot_playground/lib/python3.12/site-packages/minebot_playground
[1.672s] byte-compiling /home/phc2603/ros/install/minebot_playground/lib/python3.12/site-packages/minebot_playground/user_controller.py to user_controller.cpython-312.pyc
[1.674s] running install_data
[1.674s] copying launch/display.launch.py -> /home/phc2603/ros/install/minebot_playground/share/minebot_playground/launch
[1.674s] copying urdf/naviq.urdf -> /home/phc2603/ros/install/minebot_playground/share/minebot_playground/urdf
[1.675s] copying worlds/world_mine.sdf -> /home/phc2603/ros/install/minebot_playground/share/minebot_playground/worlds
[1.675s] running install_egg_info
[1.697s] removing '/home/phc2603/ros/install/minebot_playground/lib/python3.12/site-packages/minebot_playground-0.0.0-py3.12.egg-info' (and everything under it)
[1.699s] Copying ../../build/minebot_playground/minebot_playground.egg-info to /home/phc2603/ros/install/minebot_playground/lib/python3.12/site-packages/minebot_playground-0.0.0-py3.12.egg-info
[1.702s] running install_scripts
[1.853s] Installing control_auto script to /home/phc2603/ros/install/minebot_playground/lib/minebot_playground
[1.853s] Installing gas_mock script to /home/phc2603/ros/install/minebot_playground/lib/minebot_playground
[1.853s] Installing usbcam_node script to /home/phc2603/ros/install/minebot_playground/lib/minebot_playground
[1.854s] Installing user_controller script to /home/phc2603/ros/install/minebot_playground/lib/minebot_playground
[1.854s] writing list of installed files to '/home/phc2603/ros/build/minebot_playground/install.log'
[1.902s] Invoked command in '/home/phc2603/ros/src/minebot_playground' returned '0': PYTHONPATH=/home/phc2603/ros/build/minebot_playground/prefix_override:/usr/lib/python3/dist-packages/colcon_core/task/python/colcon_distutils_commands:/home/phc2603/ros/install/minebot_playground/lib/python3.12/site-packages:${PYTHONPATH} /usr/bin/python3 -W ignore:setup.py install is deprecated -W ignore:easy_install command is deprecated setup.py egg_info --egg-base ../../build/minebot_playground build --build-base /home/phc2603/ros/build/minebot_playground/build install --record /home/phc2603/ros/build/minebot_playground/install.log --single-version-externally-managed install_data
