[2.061s] Invoking command in '/home/phc2603/ros/build/minebot_playground': PYTHONPATH=/home/phc2603/ros/build/minebot_playground/prefix_override:/usr/lib/python3/dist-packages/colcon_core/task/python/colcon_distutils_commands:/home/phc2603/ros/install/minebot_playground/lib/python3.12/site-packages:${PYTHONPATH} /usr/bin/python3 -W ignore:setup.py install is deprecated -W ignore:easy_install command is deprecated setup.py develop --editable --build-directory /home/phc2603/ros/build/minebot_playground/build --no-deps symlink_data
[2.748s] running develop
[3.175s] running egg_info
[3.215s] writing minebot_playground.egg-info/PKG-INFO
[3.216s] writing dependency_links to minebot_playground.egg-info/dependency_links.txt
[3.216s] writing entry points to minebot_playground.egg-info/entry_points.txt
[3.217s] writing requirements to minebot_playground.egg-info/requires.txt
[3.218s] writing top-level names to minebot_playground.egg-info/top_level.txt
[3.297s] reading manifest file 'minebot_playground.egg-info/SOURCES.txt'
[3.299s] writing manifest file 'minebot_playground.egg-info/SOURCES.txt'
[3.345s] running build_ext
[3.347s] Creating /home/phc2603/ros/install/minebot_playground/lib/python3.12/site-packages/minebot-playground.egg-link (link to .)
[3.347s] Installing camera_gazebo script to /home/phc2603/ros/install/minebot_playground/lib/minebot_playground
[3.348s] Installing control_auto script to /home/phc2603/ros/install/minebot_playground/lib/minebot_playground
[3.348s] Installing gas_mock script to /home/phc2603/ros/install/minebot_playground/lib/minebot_playground
[3.349s] Installing raspi_camera_publisher_compressed script to /home/phc2603/ros/install/minebot_playground/lib/minebot_playground
[3.350s] Installing usbcam_node script to /home/phc2603/ros/install/minebot_playground/lib/minebot_playground
[3.350s] Installing user_controller script to /home/phc2603/ros/install/minebot_playground/lib/minebot_playground
[3.351s] 
[3.352s] Installed /home/phc2603/ros/build/minebot_playground
[3.352s] running symlink_data
[3.462s] Invoked command in '/home/phc2603/ros/build/minebot_playground' returned '0': PYTHONPATH=/home/phc2603/ros/build/minebot_playground/prefix_override:/usr/lib/python3/dist-packages/colcon_core/task/python/colcon_distutils_commands:/home/phc2603/ros/install/minebot_playground/lib/python3.12/site-packages:${PYTHONPATH} /usr/bin/python3 -W ignore:setup.py install is deprecated -W ignore:easy_install command is deprecated setup.py develop --editable --build-directory /home/phc2603/ros/build/minebot_playground/build --no-deps symlink_data
