[3.307s] Invoking command in '/home/phc2603/ros/src/minebot_playground': PYTHONPATH=/home/phc2603/ros/build/minebot_playground/prefix_override:/usr/lib/python3/dist-packages/colcon_core/task/python/colcon_distutils_commands:/home/phc2603/ros/install/minebot_playground/lib/python3.12/site-packages:${PYTHONPATH} /usr/bin/python3 -W ignore:setup.py install is deprecated -W ignore:easy_install command is deprecated setup.py egg_info --egg-base ../../build/minebot_playground build --build-base /home/phc2603/ros/build/minebot_playground/build install --record /home/phc2603/ros/build/minebot_playground/install.log --single-version-externally-managed install_data
[4.236s] running egg_info
[4.302s] writing ../../build/minebot_playground/minebot_playground.egg-info/PKG-INFO
[4.303s] writing dependency_links to ../../build/minebot_playground/minebot_playground.egg-info/dependency_links.txt
[4.305s] writing entry points to ../../build/minebot_playground/minebot_playground.egg-info/entry_points.txt
[4.305s] writing requirements to ../../build/minebot_playground/minebot_playground.egg-info/requires.txt
[4.306s] writing top-level names to ../../build/minebot_playground/minebot_playground.egg-info/top_level.txt
[4.436s] reading manifest file '../../build/minebot_playground/minebot_playground.egg-info/SOURCES.txt'
[4.438s] writing manifest file '../../build/minebot_playground/minebot_playground.egg-info/SOURCES.txt'
[4.439s] running build
[4.439s] running build_py
[4.441s] running install
[4.460s] running install_lib
[4.529s] running install_data
[4.530s] running install_egg_info
[4.610s] removing '/home/phc2603/ros/install/minebot_playground/lib/python3.12/site-packages/minebot_playground-0.0.0-py3.12.egg-info' (and everything under it)
[4.612s] Copying ../../build/minebot_playground/minebot_playground.egg-info to /home/phc2603/ros/install/minebot_playground/lib/python3.12/site-packages/minebot_playground-0.0.0-py3.12.egg-info
[4.619s] running install_scripts
[5.123s] Installing control_auto script to /home/phc2603/ros/install/minebot_playground/lib/minebot_playground
[5.124s] Installing gas_mock script to /home/phc2603/ros/install/minebot_playground/lib/minebot_playground
[5.125s] Installing usbcam_node script to /home/phc2603/ros/install/minebot_playground/lib/minebot_playground
[5.126s] Installing user_controller script to /home/phc2603/ros/install/minebot_playground/lib/minebot_playground
[5.127s] writing list of installed files to '/home/phc2603/ros/build/minebot_playground/install.log'
[5.232s] Invoked command in '/home/phc2603/ros/src/minebot_playground' returned '0': PYTHONPATH=/home/phc2603/ros/build/minebot_playground/prefix_override:/usr/lib/python3/dist-packages/colcon_core/task/python/colcon_distutils_commands:/home/phc2603/ros/install/minebot_playground/lib/python3.12/site-packages:${PYTHONPATH} /usr/bin/python3 -W ignore:setup.py install is deprecated -W ignore:easy_install command is deprecated setup.py egg_info --egg-base ../../build/minebot_playground build --build-base /home/phc2603/ros/build/minebot_playground/build install --record /home/phc2603/ros/build/minebot_playground/install.log --single-version-externally-managed install_data
