[0.586s] DEBUG:colcon:Command line arguments: ['/usr/bin/colcon', 'build', '--symlink-install']
[0.587s] DEBUG:colcon:Parsed command line arguments: Namespace(log_base=None, log_level=None, verb_name='build', build_base='build', install_base='install', merge_install=False, symlink_install=True, test_result_base=None, continue_on_error=False, executor='parallel', parallel_workers=16, event_handlers=None, ignore_user_meta=False, metas=['./colcon.meta'], base_paths=['.'], packages_ignore=None, packages_ignore_regex=None, paths=None, packages_up_to=None, packages_up_to_regex=None, packages_above=None, packages_above_and_dependencies=None, packages_above_depth=None, packages_select_by_dep=None, packages_skip_by_dep=None, packages_skip_up_to=None, packages_select_build_failed=False, packages_skip_build_finished=False, packages_select_test_failures=False, packages_skip_test_passed=False, packages_select=None, packages_skip=None, packages_select_regex=None, packages_skip_regex=None, packages_start=None, packages_end=None, allow_overriding=[], cmake_args=None, cmake_target=None, cmake_target_skip_unavailable=False, cmake_clean_cache=False, cmake_clean_first=False, cmake_force_configure=False, ament_cmake_args=None, catkin_cmake_args=None, catkin_skip_building_tests=False, mixin_files=None, mixin=None, verb_parser=<colcon_mixin.mixin.mixin_argument.MixinArgumentDecorator object at 0x7952e1f96c60>, verb_extension=<colcon_core.verb.build.BuildVerb object at 0x7952e10a7830>, main=<bound method BuildVerb.main of <colcon_core.verb.build.BuildVerb object at 0x7952e10a7830>>, mixin_verb=('build',))
[0.707s] Level 1:colcon.colcon_core.package_discovery:discover_packages(colcon_meta) check parameters
[0.707s] Level 1:colcon.colcon_core.package_discovery:discover_packages(recursive) check parameters
[0.707s] Level 1:colcon.colcon_core.package_discovery:discover_packages(ignore) check parameters
[0.707s] Level 1:colcon.colcon_core.package_discovery:discover_packages(path) check parameters
[0.707s] Level 1:colcon.colcon_core.package_discovery:discover_packages(colcon_meta) discover
[0.707s] Level 1:colcon.colcon_core.package_discovery:discover_packages(recursive) discover
[0.707s] INFO:colcon.colcon_core.package_discovery:Crawling recursively for packages in '/home/phc2603/ros/src'
[0.707s] Level 1:colcon.colcon_core.package_identification:_identify(.) by extensions ['ignore', 'ignore_ament_install']
[0.708s] Level 1:colcon.colcon_core.package_identification:_identify(.) by extension 'ignore'
[0.708s] Level 1:colcon.colcon_core.package_identification:_identify(.) by extension 'ignore_ament_install'
[0.708s] Level 1:colcon.colcon_core.package_identification:_identify(.) by extensions ['colcon_pkg']
[0.708s] Level 1:colcon.colcon_core.package_identification:_identify(.) by extension 'colcon_pkg'
[0.708s] Level 1:colcon.colcon_core.package_identification:_identify(.) by extensions ['colcon_meta']
[0.708s] Level 1:colcon.colcon_core.package_identification:_identify(.) by extension 'colcon_meta'
[0.708s] Level 1:colcon.colcon_core.package_identification:_identify(.) by extensions ['ros']
[0.708s] Level 1:colcon.colcon_core.package_identification:_identify(.) by extension 'ros'
[0.762s] Level 1:colcon.colcon_core.package_identification:_identify(.) by extensions ['cmake', 'python']
[0.762s] Level 1:colcon.colcon_core.package_identification:_identify(.) by extension 'cmake'
[0.762s] Level 1:colcon.colcon_core.package_identification:_identify(.) by extension 'python'
[0.762s] Level 1:colcon.colcon_core.package_identification:_identify(.) by extensions ['python_setup_py']
[0.762s] Level 1:colcon.colcon_core.package_identification:_identify(.) by extension 'python_setup_py'
[0.764s] Level 1:colcon.colcon_core.package_identification:_identify(build) by extensions ['ignore', 'ignore_ament_install']
[0.764s] Level 1:colcon.colcon_core.package_identification:_identify(build) by extension 'ignore'
[0.764s] Level 1:colcon.colcon_core.package_identification:_identify(build) ignored
[0.765s] Level 1:colcon.colcon_core.package_identification:_identify(camera) by extensions ['ignore', 'ignore_ament_install']
[0.765s] Level 1:colcon.colcon_core.package_identification:_identify(camera) by extension 'ignore'
[0.765s] Level 1:colcon.colcon_core.package_identification:_identify(camera) by extension 'ignore_ament_install'
[0.765s] Level 1:colcon.colcon_core.package_identification:_identify(camera) by extensions ['colcon_pkg']
[0.765s] Level 1:colcon.colcon_core.package_identification:_identify(camera) by extension 'colcon_pkg'
[0.766s] Level 1:colcon.colcon_core.package_identification:_identify(camera) by extensions ['colcon_meta']
[0.766s] Level 1:colcon.colcon_core.package_identification:_identify(camera) by extension 'colcon_meta'
[0.766s] Level 1:colcon.colcon_core.package_identification:_identify(camera) by extensions ['ros']
[0.766s] Level 1:colcon.colcon_core.package_identification:_identify(camera) by extension 'ros'
[0.766s] Level 1:colcon.colcon_core.package_identification:_identify(camera) by extensions ['cmake', 'python']
[0.766s] Level 1:colcon.colcon_core.package_identification:_identify(camera) by extension 'cmake'
[0.766s] Level 1:colcon.colcon_core.package_identification:_identify(camera) by extension 'python'
[0.766s] Level 1:colcon.colcon_core.package_identification:_identify(camera) by extensions ['python_setup_py']
[0.766s] Level 1:colcon.colcon_core.package_identification:_identify(camera) by extension 'python_setup_py'
[0.766s] Level 1:colcon.colcon_core.package_identification:_identify(controller) by extensions ['ignore', 'ignore_ament_install']
[0.766s] Level 1:colcon.colcon_core.package_identification:_identify(controller) by extension 'ignore'
[0.766s] Level 1:colcon.colcon_core.package_identification:_identify(controller) by extension 'ignore_ament_install'
[0.766s] Level 1:colcon.colcon_core.package_identification:_identify(controller) by extensions ['colcon_pkg']
[0.766s] Level 1:colcon.colcon_core.package_identification:_identify(controller) by extension 'colcon_pkg'
[0.766s] Level 1:colcon.colcon_core.package_identification:_identify(controller) by extensions ['colcon_meta']
[0.766s] Level 1:colcon.colcon_core.package_identification:_identify(controller) by extension 'colcon_meta'
[0.766s] Level 1:colcon.colcon_core.package_identification:_identify(controller) by extensions ['ros']
[0.766s] Level 1:colcon.colcon_core.package_identification:_identify(controller) by extension 'ros'
[0.766s] Level 1:colcon.colcon_core.package_identification:_identify(controller) by extensions ['cmake', 'python']
[0.766s] Level 1:colcon.colcon_core.package_identification:_identify(controller) by extension 'cmake'
[0.766s] Level 1:colcon.colcon_core.package_identification:_identify(controller) by extension 'python'
[0.766s] Level 1:colcon.colcon_core.package_identification:_identify(controller) by extensions ['python_setup_py']
[0.766s] Level 1:colcon.colcon_core.package_identification:_identify(controller) by extension 'python_setup_py'
[0.766s] Level 1:colcon.colcon_core.package_identification:_identify(initials_ros) by extensions ['ignore', 'ignore_ament_install']
[0.766s] Level 1:colcon.colcon_core.package_identification:_identify(initials_ros) by extension 'ignore'
[0.766s] Level 1:colcon.colcon_core.package_identification:_identify(initials_ros) by extension 'ignore_ament_install'
[0.767s] Level 1:colcon.colcon_core.package_identification:_identify(initials_ros) by extensions ['colcon_pkg']
[0.767s] Level 1:colcon.colcon_core.package_identification:_identify(initials_ros) by extension 'colcon_pkg'
[0.767s] Level 1:colcon.colcon_core.package_identification:_identify(initials_ros) by extensions ['colcon_meta']
[0.767s] Level 1:colcon.colcon_core.package_identification:_identify(initials_ros) by extension 'colcon_meta'
[0.767s] Level 1:colcon.colcon_core.package_identification:_identify(initials_ros) by extensions ['ros']
[0.767s] Level 1:colcon.colcon_core.package_identification:_identify(initials_ros) by extension 'ros'
[0.774s] DEBUG:colcon.colcon_core.package_identification:Package 'initials_ros' with type 'ros.ament_python' and name 'initials_ros'
[0.774s] Level 1:colcon.colcon_core.package_identification:_identify(install) by extensions ['ignore', 'ignore_ament_install']
[0.774s] Level 1:colcon.colcon_core.package_identification:_identify(install) by extension 'ignore'
[0.774s] Level 1:colcon.colcon_core.package_identification:_identify(install) ignored
[0.774s] Level 1:colcon.colcon_core.package_identification:_identify(log) by extensions ['ignore', 'ignore_ament_install']
[0.774s] Level 1:colcon.colcon_core.package_identification:_identify(log) by extension 'ignore'
[0.774s] Level 1:colcon.colcon_core.package_identification:_identify(log) ignored
[0.774s] Level 1:colcon.colcon_core.package_discovery:discover_packages(recursive) using defaults
[0.774s] Level 1:colcon.colcon_core.package_discovery:discover_packages(ignore) discover
[0.774s] Level 1:colcon.colcon_core.package_discovery:discover_packages(ignore) using defaults
[0.774s] Level 1:colcon.colcon_core.package_discovery:discover_packages(path) discover
[0.775s] Level 1:colcon.colcon_core.package_discovery:discover_packages(path) using defaults
[0.828s] Level 1:colcon.colcon_core.package_discovery:discover_packages(prefix_path) check parameters
[0.828s] Level 1:colcon.colcon_core.package_discovery:discover_packages(prefix_path) discover
[0.833s] WARNING:colcon.colcon_core.prefix_path.colcon:The path '/home/phc2603/ros/src/initialsRos/install' in the environment variable COLCON_PREFIX_PATH doesn't exist
[0.840s] DEBUG:colcon.colcon_installed_package_information.package_discovery:Found 288 installed packages in /opt/ros/jazzy
[0.842s] Level 1:colcon.colcon_core.package_discovery:discover_packages(prefix_path) using defaults
[1.002s] Level 5:colcon.colcon_core.verb:set package 'initials_ros' build argument 'cmake_args' from command line to 'None'
[1.002s] Level 5:colcon.colcon_core.verb:set package 'initials_ros' build argument 'cmake_target' from command line to 'None'
[1.003s] Level 5:colcon.colcon_core.verb:set package 'initials_ros' build argument 'cmake_target_skip_unavailable' from command line to 'False'
[1.003s] Level 5:colcon.colcon_core.verb:set package 'initials_ros' build argument 'cmake_clean_cache' from command line to 'False'
[1.003s] Level 5:colcon.colcon_core.verb:set package 'initials_ros' build argument 'cmake_clean_first' from command line to 'False'
[1.003s] Level 5:colcon.colcon_core.verb:set package 'initials_ros' build argument 'cmake_force_configure' from command line to 'False'
[1.003s] Level 5:colcon.colcon_core.verb:set package 'initials_ros' build argument 'ament_cmake_args' from command line to 'None'
[1.003s] Level 5:colcon.colcon_core.verb:set package 'initials_ros' build argument 'catkin_cmake_args' from command line to 'None'
[1.003s] Level 5:colcon.colcon_core.verb:set package 'initials_ros' build argument 'catkin_skip_building_tests' from command line to 'False'
[1.003s] DEBUG:colcon.colcon_core.verb:Building package 'initials_ros' with the following arguments: {'ament_cmake_args': None, 'build_base': '/home/phc2603/ros/src/build/initials_ros', 'catkin_cmake_args': None, 'catkin_skip_building_tests': False, 'cmake_args': None, 'cmake_clean_cache': False, 'cmake_clean_first': False, 'cmake_force_configure': False, 'cmake_target': None, 'cmake_target_skip_unavailable': False, 'install_base': '/home/phc2603/ros/src/install/initials_ros', 'merge_install': False, 'path': '/home/phc2603/ros/src/initials_ros', 'symlink_install': True, 'test_result_base': None}
[1.003s] INFO:colcon.colcon_core.executor:Executing jobs using 'parallel' executor
[1.004s] DEBUG:colcon.colcon_parallel_executor.executor.parallel:run_until_complete
[1.005s] INFO:colcon.colcon_ros.task.ament_python.build:Building ROS package in '/home/phc2603/ros/src/initials_ros' with build type 'ament_python'
[1.005s] Level 1:colcon.colcon_core.shell:create_environment_hook('initials_ros', 'ament_prefix_path')
[1.021s] INFO:colcon.colcon_core.plugin_system:Skipping extension 'colcon_core.shell.bat': Not used on non-Windows systems
[1.022s] INFO:colcon.colcon_core.shell:Creating environment hook '/home/phc2603/ros/src/install/initials_ros/share/initials_ros/hook/ament_prefix_path.ps1'
[1.027s] INFO:colcon.colcon_core.shell:Creating environment descriptor '/home/phc2603/ros/src/install/initials_ros/share/initials_ros/hook/ament_prefix_path.dsv'
[1.030s] INFO:colcon.colcon_core.shell:Creating environment hook '/home/phc2603/ros/src/install/initials_ros/share/initials_ros/hook/ament_prefix_path.sh'
[1.032s] INFO:colcon.colcon_core.shell:Skip shell extension 'powershell' for command environment: Not usable outside of PowerShell
[1.032s] DEBUG:colcon.colcon_core.shell:Skip shell extension 'dsv' for command environment
[1.298s] INFO:colcon.colcon_core.task.python.build:Building Python package in '/home/phc2603/ros/src/initials_ros'
[1.299s] INFO:colcon.colcon_core.shell:Skip shell extension 'powershell' for command environment: Not usable outside of PowerShell
[1.299s] DEBUG:colcon.colcon_core.shell:Skip shell extension 'dsv' for command environment
[2.961s] DEBUG:colcon.colcon_core.event_handler.log_command:Invoking command in '/home/phc2603/ros/src/build/initials_ros': PYTHONPATH=/home/phc2603/ros/src/build/initials_ros/prefix_override:/usr/lib/python3/dist-packages/colcon_core/task/python/colcon_distutils_commands:/home/phc2603/ros/src/install/initials_ros/lib/python3.12/site-packages:${PYTHONPATH} /usr/bin/python3 -W ignore:setup.py install is deprecated -W ignore:easy_install command is deprecated setup.py develop --editable --build-directory /home/phc2603/ros/src/build/initials_ros/build --no-deps symlink_data
[3.945s] Level 1:colcon.colcon_core.shell:create_environment_hook('initials_ros', 'pythonpath_develop')
[3.946s] INFO:colcon.colcon_core.shell:Creating environment hook '/home/phc2603/ros/src/build/initials_ros/share/initials_ros/hook/pythonpath_develop.ps1'
[3.947s] DEBUG:colcon.colcon_core.event_handler.log_command:Invoked command in '/home/phc2603/ros/src/build/initials_ros' returned '0': PYTHONPATH=/home/phc2603/ros/src/build/initials_ros/prefix_override:/usr/lib/python3/dist-packages/colcon_core/task/python/colcon_distutils_commands:/home/phc2603/ros/src/install/initials_ros/lib/python3.12/site-packages:${PYTHONPATH} /usr/bin/python3 -W ignore:setup.py install is deprecated -W ignore:easy_install command is deprecated setup.py develop --editable --build-directory /home/phc2603/ros/src/build/initials_ros/build --no-deps symlink_data
[3.952s] INFO:colcon.colcon_core.shell:Creating environment descriptor '/home/phc2603/ros/src/build/initials_ros/share/initials_ros/hook/pythonpath_develop.dsv'
[3.953s] INFO:colcon.colcon_core.shell:Creating environment hook '/home/phc2603/ros/src/build/initials_ros/share/initials_ros/hook/pythonpath_develop.sh'
[3.969s] Level 1:colcon.colcon_core.environment:checking '/home/phc2603/ros/src/install/initials_ros' for CMake module files
[3.970s] Level 1:colcon.colcon_core.environment:checking '/home/phc2603/ros/src/install/initials_ros' for CMake config files
[3.972s] Level 1:colcon.colcon_core.environment:checking '/home/phc2603/ros/src/install/initials_ros/lib'
[3.972s] Level 1:colcon.colcon_core.environment:checking '/home/phc2603/ros/src/install/initials_ros/bin'
[3.972s] Level 1:colcon.colcon_core.environment:checking '/home/phc2603/ros/src/install/initials_ros/lib/pkgconfig/initials_ros.pc'
[3.972s] Level 1:colcon.colcon_core.environment:checking '/home/phc2603/ros/src/install/initials_ros/lib/python3.12/site-packages'
[3.973s] Level 1:colcon.colcon_core.shell:create_environment_hook('initials_ros', 'pythonpath')
[3.973s] INFO:colcon.colcon_core.shell:Creating environment hook '/home/phc2603/ros/src/install/initials_ros/share/initials_ros/hook/pythonpath.ps1'
[3.974s] INFO:colcon.colcon_core.shell:Creating environment descriptor '/home/phc2603/ros/src/install/initials_ros/share/initials_ros/hook/pythonpath.dsv'
[3.975s] INFO:colcon.colcon_core.shell:Creating environment hook '/home/phc2603/ros/src/install/initials_ros/share/initials_ros/hook/pythonpath.sh'
[3.976s] Level 1:colcon.colcon_core.environment:checking '/home/phc2603/ros/src/install/initials_ros/bin'
[3.976s] Level 1:colcon.colcon_core.environment:create_environment_scripts_only(initials_ros)
[3.976s] INFO:colcon.colcon_core.shell:Creating package script '/home/phc2603/ros/src/install/initials_ros/share/initials_ros/package.ps1'
[3.979s] INFO:colcon.colcon_core.shell:Creating package descriptor '/home/phc2603/ros/src/install/initials_ros/share/initials_ros/package.dsv'
[3.982s] INFO:colcon.colcon_core.shell:Creating package script '/home/phc2603/ros/src/install/initials_ros/share/initials_ros/package.sh'
[3.984s] INFO:colcon.colcon_core.shell:Creating package script '/home/phc2603/ros/src/install/initials_ros/share/initials_ros/package.bash'
[3.986s] INFO:colcon.colcon_core.shell:Creating package script '/home/phc2603/ros/src/install/initials_ros/share/initials_ros/package.zsh'
[3.987s] Level 1:colcon.colcon_core.environment:create_file_with_runtime_dependencies(/home/phc2603/ros/src/install/initials_ros/share/colcon-core/packages/initials_ros)
[3.990s] DEBUG:colcon.colcon_parallel_executor.executor.parallel:closing loop
[3.991s] DEBUG:colcon.colcon_parallel_executor.executor.parallel:loop closed
[3.991s] DEBUG:colcon.colcon_parallel_executor.executor.parallel:run_until_complete finished with '0'
[3.992s] DEBUG:colcon.colcon_core.event_reactor:joining thread
[4.153s] INFO:colcon.colcon_core.plugin_system:Skipping extension 'colcon_notification.desktop_notification.notify_send': Could not find 'notify-send'
[4.153s] INFO:colcon.colcon_core.plugin_system:Skipping extension 'colcon_notification.desktop_notification.terminal_notifier': Not used on non-Darwin systems
[4.154s] INFO:colcon.colcon_core.plugin_system:Skipping extension 'colcon_notification.desktop_notification.win32': Not used on non-Windows systems
[4.154s] INFO:colcon.colcon_notification.desktop_notification:Sending desktop notification using 'notify2'
[4.164s] DEBUG:colcon.colcon_notification.desktop_notification.notify2:Failed to initialize notify2: org.freedesktop.DBus.Error.ServiceUnknown: The name org.freedesktop.Notifications was not provided by any .service files
[4.164s] DEBUG:colcon.colcon_core.event_reactor:joined thread
[4.165s] INFO:colcon.colcon_core.shell:Creating prefix script '/home/phc2603/ros/src/install/local_setup.ps1'
[4.167s] INFO:colcon.colcon_core.shell:Creating prefix util module '/home/phc2603/ros/src/install/_local_setup_util_ps1.py'
[4.170s] INFO:colcon.colcon_core.shell:Creating prefix chain script '/home/phc2603/ros/src/install/setup.ps1'
[4.173s] INFO:colcon.colcon_core.shell:Creating prefix script '/home/phc2603/ros/src/install/local_setup.sh'
[4.175s] INFO:colcon.colcon_core.shell:Creating prefix util module '/home/phc2603/ros/src/install/_local_setup_util_sh.py'
[4.175s] INFO:colcon.colcon_core.shell:Creating prefix chain script '/home/phc2603/ros/src/install/setup.sh'
[4.177s] INFO:colcon.colcon_core.shell:Creating prefix script '/home/phc2603/ros/src/install/local_setup.bash'
[4.178s] INFO:colcon.colcon_core.shell:Creating prefix chain script '/home/phc2603/ros/src/install/setup.bash'
[4.180s] INFO:colcon.colcon_core.shell:Creating prefix script '/home/phc2603/ros/src/install/local_setup.zsh'
[4.181s] INFO:colcon.colcon_core.shell:Creating prefix chain script '/home/phc2603/ros/src/install/setup.zsh'
