[1.626s] Invoking command in '/home/phc2603/ros/src/minebot_playground': PYTHONPATH=/home/phc2603/ros/build/minebot_playground/prefix_override:/usr/lib/python3/dist-packages/colcon_core/task/python/colcon_distutils_commands:/home/phc2603/ros/install/minebot_playground/lib/python3.12/site-packages:${PYTHONPATH} /usr/bin/python3 -W ignore:setup.py install is deprecated -W ignore:easy_install command is deprecated setup.py egg_info --egg-base ../../build/minebot_playground build --build-base /home/phc2603/ros/build/minebot_playground/build install --record /home/phc2603/ros/build/minebot_playground/install.log --single-version-externally-managed install_data
[2.121s] running egg_info
[2.167s] writing ../../build/minebot_playground/minebot_playground.egg-info/PKG-INFO
[2.169s] writing dependency_links to ../../build/minebot_playground/minebot_playground.egg-info/dependency_links.txt
[2.169s] writing entry points to ../../build/minebot_playground/minebot_playground.egg-info/entry_points.txt
[2.170s] writing requirements to ../../build/minebot_playground/minebot_playground.egg-info/requires.txt
[2.171s] writing top-level names to ../../build/minebot_playground/minebot_playground.egg-info/top_level.txt
[2.241s] reading manifest file '../../build/minebot_playground/minebot_playground.egg-info/SOURCES.txt'
[2.243s] writing manifest file '../../build/minebot_playground/minebot_playground.egg-info/SOURCES.txt'
[2.243s] running build
[2.243s] running build_py
[2.245s] running install
[2.256s] running install_lib
[2.290s] running install_data
[2.291s] running install_egg_info
[2.328s] removing '/home/phc2603/ros/install/minebot_playground/lib/python3.12/site-packages/minebot_playground-0.0.0-py3.12.egg-info' (and everything under it)
[2.329s] Copying ../../build/minebot_playground/minebot_playground.egg-info to /home/phc2603/ros/install/minebot_playground/lib/python3.12/site-packages/minebot_playground-0.0.0-py3.12.egg-info
[2.332s] running install_scripts
[2.584s] Installing camera_pub script to /home/phc2603/ros/install/minebot_playground/lib/minebot_playground
[2.584s] Installing control_auto script to /home/phc2603/ros/install/minebot_playground/lib/minebot_playground
[2.585s] Installing gas_mock_pub script to /home/phc2603/ros/install/minebot_playground/lib/minebot_playground
[2.586s] Installing ip_stream_node script to /home/phc2603/ros/install/minebot_playground/lib/minebot_playground
[2.587s] Installing usbcam_node script to /home/phc2603/ros/install/minebot_playground/lib/minebot_playground
[2.587s] Installing user_controller script to /home/phc2603/ros/install/minebot_playground/lib/minebot_playground
[2.588s] Installing webcam_node script to /home/phc2603/ros/install/minebot_playground/lib/minebot_playground
[2.589s] writing list of installed files to '/home/phc2603/ros/build/minebot_playground/install.log'
[2.649s] Invoked command in '/home/phc2603/ros/src/minebot_playground' returned '0': PYTHONPATH=/home/phc2603/ros/build/minebot_playground/prefix_override:/usr/lib/python3/dist-packages/colcon_core/task/python/colcon_distutils_commands:/home/phc2603/ros/install/minebot_playground/lib/python3.12/site-packages:${PYTHONPATH} /usr/bin/python3 -W ignore:setup.py install is deprecated -W ignore:easy_install command is deprecated setup.py egg_info --egg-base ../../build/minebot_playground build --build-base /home/phc2603/ros/build/minebot_playground/build install --record /home/phc2603/ros/build/minebot_playground/install.log --single-version-externally-managed install_data
