[3.678s] Invoking command in '/home/phc2603/ros/build/minebot_playground': PYTHONPATH=/home/phc2603/ros/build/minebot_playground/prefix_override:/usr/lib/python3/dist-packages/colcon_core/task/python/colcon_distutils_commands:/home/phc2603/ros/install/minebot_playground/lib/python3.12/site-packages:${PYTHONPATH} /usr/bin/python3 -W ignore:setup.py install is deprecated -W ignore:easy_install command is deprecated setup.py develop --editable --build-directory /home/phc2603/ros/build/minebot_playground/build --no-deps symlink_data --force
[4.348s] running develop
[4.816s] running egg_info
[4.853s] writing minebot_playground.egg-info/PKG-INFO
[4.868s] writing dependency_links to minebot_playground.egg-info/dependency_links.txt
[4.869s] writing entry points to minebot_playground.egg-info/entry_points.txt
[4.870s] writing requirements to minebot_playground.egg-info/requires.txt
[4.870s] writing top-level names to minebot_playground.egg-info/top_level.txt
[4.958s] reading manifest file 'minebot_playground.egg-info/SOURCES.txt'
[4.961s] writing manifest file 'minebot_playground.egg-info/SOURCES.txt'
[5.002s] running build_ext
[5.002s] Creating /home/phc2603/ros/install/minebot_playground/lib/python3.12/site-packages/minebot-playground.egg-link (link to .)
[5.003s] Installing camera_pub script to /home/phc2603/ros/install/minebot_playground/lib/minebot_playground
[5.005s] Installing control_auto script to /home/phc2603/ros/install/minebot_playground/lib/minebot_playground
[5.006s] Installing gas_mock_pub script to /home/phc2603/ros/install/minebot_playground/lib/minebot_playground
[5.006s] Installing ip_stream_node script to /home/phc2603/ros/install/minebot_playground/lib/minebot_playground
[5.007s] Installing usbcam_node script to /home/phc2603/ros/install/minebot_playground/lib/minebot_playground
[5.008s] Installing user_controller script to /home/phc2603/ros/install/minebot_playground/lib/minebot_playground
[5.008s] Installing webcam_node script to /home/phc2603/ros/install/minebot_playground/lib/minebot_playground
[5.009s] 
[5.010s] Installed /home/phc2603/ros/build/minebot_playground
[5.010s] running symlink_data
[5.011s] symbolically linking /home/phc2603/ros/build/minebot_playground/resource/minebot_playground -> /home/phc2603/ros/install/minebot_playground/share/ament_index/resource_index/packages
[5.014s] symbolically linking /home/phc2603/ros/build/minebot_playground/package.xml -> /home/phc2603/ros/install/minebot_playground/share/minebot_playground
[5.115s] Invoked command in '/home/phc2603/ros/build/minebot_playground' returned '0': PYTHONPATH=/home/phc2603/ros/build/minebot_playground/prefix_override:/usr/lib/python3/dist-packages/colcon_core/task/python/colcon_distutils_commands:/home/phc2603/ros/install/minebot_playground/lib/python3.12/site-packages:${PYTHONPATH} /usr/bin/python3 -W ignore:setup.py install is deprecated -W ignore:easy_install command is deprecated setup.py develop --editable --build-directory /home/phc2603/ros/build/minebot_playground/build --no-deps symlink_data --force
