[1.614s] Invoking command in '/home/phc2603/ros/build/minebot_playground': PYTHONPATH=/home/phc2603/ros/build/minebot_playground/prefix_override:/usr/lib/python3/dist-packages/colcon_core/task/python/colcon_distutils_commands:/home/phc2603/ros/install/minebot_playground/lib/python3.12/site-packages:${PYTHONPATH} /usr/bin/python3 -W ignore:setup.py install is deprecated -W ignore:easy_install command is deprecated setup.py develop --editable --build-directory /home/phc2603/ros/build/minebot_playground/build --no-deps symlink_data
[2.031s] running develop
[2.310s] running egg_info
[2.332s] writing minebot_playground.egg-info/PKG-INFO
[2.333s] writing dependency_links to minebot_playground.egg-info/dependency_links.txt
[2.333s] writing entry points to minebot_playground.egg-info/entry_points.txt
[2.333s] writing requirements to minebot_playground.egg-info/requires.txt
[2.334s] writing top-level names to minebot_playground.egg-info/top_level.txt
[2.377s] reading manifest file 'minebot_playground.egg-info/SOURCES.txt'
[2.378s] writing manifest file 'minebot_playground.egg-info/SOURCES.txt'
[2.403s] running build_ext
[2.403s] Creating /home/phc2603/ros/install/minebot_playground/lib/python3.12/site-packages/minebot-playground.egg-link (link to .)
[2.404s] Installing control_auto script to /home/phc2603/ros/install/minebot_playground/lib/minebot_playground
[2.405s] Installing gas_mock_pub script to /home/phc2603/ros/install/minebot_playground/lib/minebot_playground
[2.406s] Installing usbcam_node script to /home/phc2603/ros/install/minebot_playground/lib/minebot_playground
[2.406s] Installing user_controller script to /home/phc2603/ros/install/minebot_playground/lib/minebot_playground
[2.406s] 
[2.406s] Installed /home/phc2603/ros/build/minebot_playground
[2.406s] running symlink_data
[2.509s] Invoked command in '/home/phc2603/ros/build/minebot_playground' returned '0': PYTHONPATH=/home/phc2603/ros/build/minebot_playground/prefix_override:/usr/lib/python3/dist-packages/colcon_core/task/python/colcon_distutils_commands:/home/phc2603/ros/install/minebot_playground/lib/python3.12/site-packages:${PYTHONPATH} /usr/bin/python3 -W ignore:setup.py install is deprecated -W ignore:easy_install command is deprecated setup.py develop --editable --build-directory /home/phc2603/ros/build/minebot_playground/build --no-deps symlink_data
