[3.324s] Invoking command in '/home/phc2603/ros/build/minebot_playground': PYTHONPATH=/home/phc2603/ros/build/minebot_playground/prefix_override:/usr/lib/python3/dist-packages/colcon_core/task/python/colcon_distutils_commands:/home/phc2603/ros/install/minebot_playground/lib/python3.12/site-packages:${PYTHONPATH} /usr/bin/python3 -W ignore:setup.py install is deprecated -W ignore:easy_install command is deprecated setup.py develop --editable --build-directory /home/phc2603/ros/build/minebot_playground/build --no-deps symlink_data
[4.079s] running develop
[4.920s] running egg_info
[4.990s] writing minebot_playground.egg-info/PKG-INFO
[4.991s] writing dependency_links to minebot_playground.egg-info/dependency_links.txt
[4.992s] writing entry points to minebot_playground.egg-info/entry_points.txt
[4.994s] writing requirements to minebot_playground.egg-info/requires.txt
[4.995s] writing top-level names to minebot_playground.egg-info/top_level.txt
[5.143s] reading manifest file 'minebot_playground.egg-info/SOURCES.txt'
[5.145s] writing manifest file 'minebot_playground.egg-info/SOURCES.txt'
[5.205s] running build_ext
[5.205s] Creating /home/phc2603/ros/install/minebot_playground/lib/python3.12/site-packages/minebot-playground.egg-link (link to .)
[5.207s] Installing control_auto script to /home/phc2603/ros/install/minebot_playground/lib/minebot_playground
[5.208s] Installing gas_mock_pub script to /home/phc2603/ros/install/minebot_playground/lib/minebot_playground
[5.209s] Installing usbcam_node script to /home/phc2603/ros/install/minebot_playground/lib/minebot_playground
[5.211s] Installing user_controller script to /home/phc2603/ros/install/minebot_playground/lib/minebot_playground
[5.212s] 
[5.212s] Installed /home/phc2603/ros/build/minebot_playground
[5.212s] running symlink_data
[5.383s] Invoked command in '/home/phc2603/ros/build/minebot_playground' returned '0': PYTHONPATH=/home/phc2603/ros/build/minebot_playground/prefix_override:/usr/lib/python3/dist-packages/colcon_core/task/python/colcon_distutils_commands:/home/phc2603/ros/install/minebot_playground/lib/python3.12/site-packages:${PYTHONPATH} /usr/bin/python3 -W ignore:setup.py install is deprecated -W ignore:easy_install command is deprecated setup.py develop --editable --build-directory /home/phc2603/ros/build/minebot_playground/build --no-deps symlink_data
