[1.955s] Invoking command in '/home/phc2603/ros/src/build/initials_ros': PYTHONPATH=/home/phc2603/ros/src/build/initials_ros/prefix_override:/usr/lib/python3/dist-packages/colcon_core/task/python/colcon_distutils_commands:/home/phc2603/ros/src/install/initials_ros/lib/python3.12/site-packages:${PYTHONPATH} /usr/bin/python3 -W ignore:setup.py install is deprecated -W ignore:easy_install command is deprecated setup.py develop --editable --build-directory /home/phc2603/ros/src/build/initials_ros/build --no-deps symlink_data
[2.462s] running develop
[2.733s] running egg_info
[2.733s] creating initials_ros.egg-info
[2.756s] writing initials_ros.egg-info/PKG-INFO
[2.757s] writing dependency_links to initials_ros.egg-info/dependency_links.txt
[2.758s] writing entry points to initials_ros.egg-info/entry_points.txt
[2.758s] writing requirements to initials_ros.egg-info/requires.txt
[2.758s] writing top-level names to initials_ros.egg-info/top_level.txt
[2.758s] writing manifest file 'initials_ros.egg-info/SOURCES.txt'
[2.803s] reading manifest file 'initials_ros.egg-info/SOURCES.txt'
[2.804s] writing manifest file 'initials_ros.egg-info/SOURCES.txt'
[2.827s] running build_ext
[2.828s] Creating /home/phc2603/ros/src/install/initials_ros/lib/python3.12/site-packages/initials-ros.egg-link (link to .)
[2.829s] Installing talker script to /home/phc2603/ros/src/install/initials_ros/lib/initials_ros
[2.830s] 
[2.830s] Installed /home/phc2603/ros/src/build/initials_ros
[2.830s] running symlink_data
[2.830s] creating /home/phc2603/ros/src/install/initials_ros/share/ament_index
[2.831s] creating /home/phc2603/ros/src/install/initials_ros/share/ament_index/resource_index
[2.833s] creating /home/phc2603/ros/src/install/initials_ros/share/ament_index/resource_index/packages
[2.834s] symbolically linking /home/phc2603/ros/src/build/initials_ros/resource/initials_ros -> /home/phc2603/ros/src/install/initials_ros/share/ament_index/resource_index/packages
[2.837s] symbolically linking /home/phc2603/ros/src/build/initials_ros/package.xml -> /home/phc2603/ros/src/install/initials_ros/share/initials_ros
[2.940s] Invoked command in '/home/phc2603/ros/src/build/initials_ros' returned '0': PYTHONPATH=/home/phc2603/ros/src/build/initials_ros/prefix_override:/usr/lib/python3/dist-packages/colcon_core/task/python/colcon_distutils_commands:/home/phc2603/ros/src/install/initials_ros/lib/python3.12/site-packages:${PYTHONPATH} /usr/bin/python3 -W ignore:setup.py install is deprecated -W ignore:easy_install command is deprecated setup.py develop --editable --build-directory /home/phc2603/ros/src/build/initials_ros/build --no-deps symlink_data
