[0.978s] Invoking command in '/home/phc2603/ros/build/minebot_playground': PYTHONPATH=/home/phc2603/ros/build/minebot_playground/prefix_override:/usr/lib/python3/dist-packages/colcon_core/task/python/colcon_distutils_commands:/home/phc2603/ros/install/minebot_playground/lib/python3.12/site-packages:${PYTHONPATH} /usr/bin/python3 -W ignore:setup.py install is deprecated -W ignore:easy_install command is deprecated setup.py develop --editable --build-directory /home/phc2603/ros/build/minebot_playground/build --no-deps symlink_data
[1.336s] running develop
[1.562s] running egg_info
[1.585s] writing minebot_playground.egg-info/PKG-INFO
[1.585s] writing dependency_links to minebot_playground.egg-info/dependency_links.txt
[1.585s] writing entry points to minebot_playground.egg-info/entry_points.txt
[1.585s] writing requirements to minebot_playground.egg-info/requires.txt
[1.585s] writing top-level names to minebot_playground.egg-info/top_level.txt
[1.630s] reading manifest file 'minebot_playground.egg-info/SOURCES.txt'
[1.631s] writing manifest file 'minebot_playground.egg-info/SOURCES.txt'
[1.654s] running build_ext
[1.655s] Creating /home/phc2603/ros/install/minebot_playground/lib/python3.12/site-packages/minebot-playground.egg-link (link to .)
[1.655s] Installing control_auto script to /home/phc2603/ros/install/minebot_playground/lib/minebot_playground
[1.656s] Installing gas_mock script to /home/phc2603/ros/install/minebot_playground/lib/minebot_playground
[1.656s] Installing raspi_camera_publisher_compressed script to /home/phc2603/ros/install/minebot_playground/lib/minebot_playground
[1.656s] Installing usbcam_node script to /home/phc2603/ros/install/minebot_playground/lib/minebot_playground
[1.656s] Installing user_controller script to /home/phc2603/ros/install/minebot_playground/lib/minebot_playground
[1.657s] 
[1.657s] Installed /home/phc2603/ros/build/minebot_playground
[1.657s] running symlink_data
[1.717s] Invoked command in '/home/phc2603/ros/build/minebot_playground' returned '0': PYTHONPATH=/home/phc2603/ros/build/minebot_playground/prefix_override:/usr/lib/python3/dist-packages/colcon_core/task/python/colcon_distutils_commands:/home/phc2603/ros/install/minebot_playground/lib/python3.12/site-packages:${PYTHONPATH} /usr/bin/python3 -W ignore:setup.py install is deprecated -W ignore:easy_install command is deprecated setup.py develop --editable --build-directory /home/phc2603/ros/build/minebot_playground/build --no-deps symlink_data
