[2.254s] Invoking command in '/home/phc2603/ros/src/minebot_playground': PYTHONPATH=/home/phc2603/ros/build/minebot_playground/prefix_override:/usr/lib/python3/dist-packages/colcon_core/task/python/colcon_distutils_commands:/home/phc2603/ros/install/minebot_playground/lib/python3.12/site-packages:${PYTHONPATH} /usr/bin/python3 -W ignore:setup.py install is deprecated -W ignore:easy_install command is deprecated setup.py egg_info --egg-base ../../build/minebot_playground build --build-base /home/phc2603/ros/build/minebot_playground/build install --record /home/phc2603/ros/build/minebot_playground/install.log --single-version-externally-managed install_data
[2.539s] running egg_info
[2.539s] creating ../../build/minebot_playground/minebot_playground.egg-info
[2.559s] writing ../../build/minebot_playground/minebot_playground.egg-info/PKG-INFO
[2.559s] writing dependency_links to ../../build/minebot_playground/minebot_playground.egg-info/dependency_links.txt
[2.560s] writing entry points to ../../build/minebot_playground/minebot_playground.egg-info/entry_points.txt
[2.561s] writing requirements to ../../build/minebot_playground/minebot_playground.egg-info/requires.txt
[2.561s] writing top-level names to ../../build/minebot_playground/minebot_playground.egg-info/top_level.txt
[2.561s] writing manifest file '../../build/minebot_playground/minebot_playground.egg-info/SOURCES.txt'
[2.605s] reading manifest file '../../build/minebot_playground/minebot_playground.egg-info/SOURCES.txt'
[2.605s] writing manifest file '../../build/minebot_playground/minebot_playground.egg-info/SOURCES.txt'
[2.606s] running build
[2.606s] running build_py
[2.606s] creating /home/phc2603/ros/build/minebot_playground/build
[2.607s] creating /home/phc2603/ros/build/minebot_playground/build/lib
[2.608s] creating /home/phc2603/ros/build/minebot_playground/build/lib/minebot_playground
[2.609s] copying minebot_playground/user_controller.py -> /home/phc2603/ros/build/minebot_playground/build/lib/minebot_playground
[2.610s] copying minebot_playground/__init__.py -> /home/phc2603/ros/build/minebot_playground/build/lib/minebot_playground
[2.610s] copying minebot_playground/control_auto.py -> /home/phc2603/ros/build/minebot_playground/build/lib/minebot_playground
[2.612s] copying minebot_playground/camera_pub.py -> /home/phc2603/ros/build/minebot_playground/build/lib/minebot_playground
[2.613s] copying minebot_playground/gas_mock_pub.py -> /home/phc2603/ros/build/minebot_playground/build/lib/minebot_playground
[2.614s] running install
[2.621s] running install_lib
[2.641s] creating /home/phc2603/ros/install/minebot_playground/lib/python3.12/site-packages/minebot_playground
[2.642s] copying /home/phc2603/ros/build/minebot_playground/build/lib/minebot_playground/user_controller.py -> /home/phc2603/ros/install/minebot_playground/lib/python3.12/site-packages/minebot_playground
[2.642s] copying /home/phc2603/ros/build/minebot_playground/build/lib/minebot_playground/__init__.py -> /home/phc2603/ros/install/minebot_playground/lib/python3.12/site-packages/minebot_playground
[2.642s] copying /home/phc2603/ros/build/minebot_playground/build/lib/minebot_playground/control_auto.py -> /home/phc2603/ros/install/minebot_playground/lib/python3.12/site-packages/minebot_playground
[2.642s] copying /home/phc2603/ros/build/minebot_playground/build/lib/minebot_playground/camera_pub.py -> /home/phc2603/ros/install/minebot_playground/lib/python3.12/site-packages/minebot_playground
[2.642s] copying /home/phc2603/ros/build/minebot_playground/build/lib/minebot_playground/gas_mock_pub.py -> /home/phc2603/ros/install/minebot_playground/lib/python3.12/site-packages/minebot_playground
[2.643s] byte-compiling /home/phc2603/ros/install/minebot_playground/lib/python3.12/site-packages/minebot_playground/user_controller.py to user_controller.cpython-312.pyc
[2.646s] byte-compiling /home/phc2603/ros/install/minebot_playground/lib/python3.12/site-packages/minebot_playground/__init__.py to __init__.cpython-312.pyc
[2.646s] byte-compiling /home/phc2603/ros/install/minebot_playground/lib/python3.12/site-packages/minebot_playground/control_auto.py to control_auto.cpython-312.pyc
[2.647s] byte-compiling /home/phc2603/ros/install/minebot_playground/lib/python3.12/site-packages/minebot_playground/camera_pub.py to camera_pub.cpython-312.pyc
[2.648s] byte-compiling /home/phc2603/ros/install/minebot_playground/lib/python3.12/site-packages/minebot_playground/gas_mock_pub.py to gas_mock_pub.cpython-312.pyc
[2.648s] running install_data
[2.649s] creating /home/phc2603/ros/install/minebot_playground/share/ament_index
[2.649s] creating /home/phc2603/ros/install/minebot_playground/share/ament_index/resource_index
[2.651s] creating /home/phc2603/ros/install/minebot_playground/share/ament_index/resource_index/packages
[2.651s] copying resource/minebot_playground -> /home/phc2603/ros/install/minebot_playground/share/ament_index/resource_index/packages
[2.652s] copying package.xml -> /home/phc2603/ros/install/minebot_playground/share/minebot_playground
[2.653s] running install_egg_info
[2.677s] Copying ../../build/minebot_playground/minebot_playground.egg-info to /home/phc2603/ros/install/minebot_playground/lib/python3.12/site-packages/minebot_playground-0.0.0-py3.12.egg-info
[2.680s] running install_scripts
[2.825s] Installing camera_pub script to /home/phc2603/ros/install/minebot_playground/lib/minebot_playground
[2.827s] Installing control_auto script to /home/phc2603/ros/install/minebot_playground/lib/minebot_playground
[2.827s] Installing gas_mock_pub script to /home/phc2603/ros/install/minebot_playground/lib/minebot_playground
[2.827s] Installing user_controller script to /home/phc2603/ros/install/minebot_playground/lib/minebot_playground
[2.827s] writing list of installed files to '/home/phc2603/ros/build/minebot_playground/install.log'
[2.882s] Invoked command in '/home/phc2603/ros/src/minebot_playground' returned '0': PYTHONPATH=/home/phc2603/ros/build/minebot_playground/prefix_override:/usr/lib/python3/dist-packages/colcon_core/task/python/colcon_distutils_commands:/home/phc2603/ros/install/minebot_playground/lib/python3.12/site-packages:${PYTHONPATH} /usr/bin/python3 -W ignore:setup.py install is deprecated -W ignore:easy_install command is deprecated setup.py egg_info --egg-base ../../build/minebot_playground build --build-base /home/phc2603/ros/build/minebot_playground/build install --record /home/phc2603/ros/build/minebot_playground/install.log --single-version-externally-managed install_data
