[1.183s] Invoking command in '/home/phc2603/ros/build/minebot_playground': PYTHONPATH=/home/phc2603/ros/build/minebot_playground/prefix_override:/usr/lib/python3/dist-packages/colcon_core/task/python/colcon_distutils_commands:/home/phc2603/ros/install/minebot_playground/lib/python3.12/site-packages:${PYTHONPATH} /usr/bin/python3 -W ignore:setup.py install is deprecated -W ignore:easy_install command is deprecated setup.py develop --editable --build-directory /home/phc2603/ros/build/minebot_playground/build --no-deps symlink_data
[1.526s] running develop
[1.737s] running egg_info
[1.761s] writing minebot_playground.egg-info/PKG-INFO
[1.762s] writing dependency_links to minebot_playground.egg-info/dependency_links.txt
[1.763s] writing entry points to minebot_playground.egg-info/entry_points.txt
[1.763s] writing requirements to minebot_playground.egg-info/requires.txt
[1.764s] writing top-level names to minebot_playground.egg-info/top_level.txt
[1.813s] reading manifest file 'minebot_playground.egg-info/SOURCES.txt'
[1.815s] writing manifest file 'minebot_playground.egg-info/SOURCES.txt'
[1.841s] running build_ext
[1.841s] Creating /home/phc2603/ros/install/minebot_playground/lib/python3.12/site-packages/minebot-playground.egg-link (link to .)
[1.843s] Installing control_auto script to /home/phc2603/ros/install/minebot_playground/lib/minebot_playground
[1.844s] Installing gas_mock_pub script to /home/phc2603/ros/install/minebot_playground/lib/minebot_playground
[1.845s] Installing usbcam_node script to /home/phc2603/ros/install/minebot_playground/lib/minebot_playground
[1.847s] Installing user_controller script to /home/phc2603/ros/install/minebot_playground/lib/minebot_playground
[1.848s] 
[1.848s] Installed /home/phc2603/ros/build/minebot_playground
[1.848s] running symlink_data
[1.922s] Invoked command in '/home/phc2603/ros/build/minebot_playground' returned '0': PYTHONPATH=/home/phc2603/ros/build/minebot_playground/prefix_override:/usr/lib/python3/dist-packages/colcon_core/task/python/colcon_distutils_commands:/home/phc2603/ros/install/minebot_playground/lib/python3.12/site-packages:${PYTHONPATH} /usr/bin/python3 -W ignore:setup.py install is deprecated -W ignore:easy_install command is deprecated setup.py develop --editable --build-directory /home/phc2603/ros/build/minebot_playground/build --no-deps symlink_data
