[3.784s] Invoking command in '/home/phc2603/ros/build/minebot_playground': PYTHONPATH=/home/phc2603/ros/build/minebot_playground/prefix_override:/usr/lib/python3/dist-packages/colcon_core/task/python/colcon_distutils_commands:/home/phc2603/ros/install/minebot_playground/lib/python3.12/site-packages:${PYTHONPATH} /usr/bin/python3 -W ignore:setup.py install is deprecated -W ignore:easy_install command is deprecated setup.py develop --editable --build-directory /home/phc2603/ros/build/minebot_playground/build --no-deps symlink_data --force
[4.577s] running develop
[5.079s] running egg_info
[5.127s] writing minebot_playground.egg-info/PKG-INFO
[5.128s] writing dependency_links to minebot_playground.egg-info/dependency_links.txt
[5.130s] writing entry points to minebot_playground.egg-info/entry_points.txt
[5.130s] writing requirements to minebot_playground.egg-info/requires.txt
[5.131s] writing top-level names to minebot_playground.egg-info/top_level.txt
[5.223s] reading manifest file 'minebot_playground.egg-info/SOURCES.txt'
[5.226s] writing manifest file 'minebot_playground.egg-info/SOURCES.txt'
[5.284s] running build_ext
[5.285s] Creating /home/phc2603/ros/install/minebot_playground/lib/python3.12/site-packages/minebot-playground.egg-link (link to .)
[5.286s] Installing camera_pub script to /home/phc2603/ros/install/minebot_playground/lib/minebot_playground
[5.288s] Installing control_auto script to /home/phc2603/ros/install/minebot_playground/lib/minebot_playground
[5.289s] Installing gas_mock_pub script to /home/phc2603/ros/install/minebot_playground/lib/minebot_playground
[5.290s] Installing user_controller script to /home/phc2603/ros/install/minebot_playground/lib/minebot_playground
[5.291s] 
[5.291s] Installed /home/phc2603/ros/build/minebot_playground
[5.292s] running symlink_data
[5.293s] symbolically linking /home/phc2603/ros/build/minebot_playground/resource/minebot_playground -> /home/phc2603/ros/install/minebot_playground/share/ament_index/resource_index/packages
[5.296s] symbolically linking /home/phc2603/ros/build/minebot_playground/package.xml -> /home/phc2603/ros/install/minebot_playground/share/minebot_playground
[5.465s] Invoked command in '/home/phc2603/ros/build/minebot_playground' returned '0': PYTHONPATH=/home/phc2603/ros/build/minebot_playground/prefix_override:/usr/lib/python3/dist-packages/colcon_core/task/python/colcon_distutils_commands:/home/phc2603/ros/install/minebot_playground/lib/python3.12/site-packages:${PYTHONPATH} /usr/bin/python3 -W ignore:setup.py install is deprecated -W ignore:easy_install command is deprecated setup.py develop --editable --build-directory /home/phc2603/ros/build/minebot_playground/build --no-deps symlink_data --force
