[2.068s] Invoking command in '/home/phc2603/ros/build/minebot_playground': PYTHONPATH=/home/phc2603/ros/build/minebot_playground/prefix_override:/usr/lib/python3/dist-packages/colcon_core/task/python/colcon_distutils_commands:/home/phc2603/ros/install/minebot_playground/lib/python3.12/site-packages:${PYTHONPATH} /usr/bin/python3 -W ignore:setup.py install is deprecated -W ignore:easy_install command is deprecated setup.py develop --editable --build-directory /home/phc2603/ros/build/minebot_playground/build --no-deps symlink_data
[2.495s] running develop
[2.704s] running egg_info
[2.725s] writing minebot_playground.egg-info/PKG-INFO
[2.726s] writing dependency_links to minebot_playground.egg-info/dependency_links.txt
[2.726s] writing entry points to minebot_playground.egg-info/entry_points.txt
[2.727s] writing requirements to minebot_playground.egg-info/requires.txt
[2.727s] writing top-level names to minebot_playground.egg-info/top_level.txt
[2.765s] reading manifest file 'minebot_playground.egg-info/SOURCES.txt'
[2.767s] writing manifest file 'minebot_playground.egg-info/SOURCES.txt'
[2.790s] running build_ext
[2.790s] Creating /home/phc2603/ros/install/minebot_playground/lib/python3.12/site-packages/minebot-playground.egg-link (link to .)
[2.792s] Installing camera_pub script to /home/phc2603/ros/install/minebot_playground/lib/minebot_playground
[2.792s] Installing control_auto script to /home/phc2603/ros/install/minebot_playground/lib/minebot_playground
[2.792s] Installing gas_mock_pub script to /home/phc2603/ros/install/minebot_playground/lib/minebot_playground
[2.793s] Installing ip_stream_node script to /home/phc2603/ros/install/minebot_playground/lib/minebot_playground
[2.794s] Installing usbcam_node script to /home/phc2603/ros/install/minebot_playground/lib/minebot_playground
[2.796s] Installing user_controller script to /home/phc2603/ros/install/minebot_playground/lib/minebot_playground
[2.797s] Installing webcam_node script to /home/phc2603/ros/install/minebot_playground/lib/minebot_playground
[2.798s] 
[2.798s] Installed /home/phc2603/ros/build/minebot_playground
[2.798s] running symlink_data
[2.877s] Invoked command in '/home/phc2603/ros/build/minebot_playground' returned '0': PYTHONPATH=/home/phc2603/ros/build/minebot_playground/prefix_override:/usr/lib/python3/dist-packages/colcon_core/task/python/colcon_distutils_commands:/home/phc2603/ros/install/minebot_playground/lib/python3.12/site-packages:${PYTHONPATH} /usr/bin/python3 -W ignore:setup.py install is deprecated -W ignore:easy_install command is deprecated setup.py develop --editable --build-directory /home/phc2603/ros/build/minebot_playground/build --no-deps symlink_data
