[1.217s] Invoking command in '/home/phc2603/ros/build/minebot_playground': PYTHONPATH=/home/phc2603/ros/build/minebot_playground/prefix_override:/usr/lib/python3/dist-packages/colcon_core/task/python/colcon_distutils_commands:/home/phc2603/ros/install/minebot_playground/lib/python3.12/site-packages:${PYTHONPATH} /usr/bin/python3 -W ignore:setup.py install is deprecated -W ignore:easy_install command is deprecated setup.py develop --editable --build-directory /home/phc2603/ros/build/minebot_playground/build --no-deps symlink_data
[1.590s] running develop
[1.808s] running egg_info
[1.832s] writing minebot_playground.egg-info/PKG-INFO
[1.832s] writing dependency_links to minebot_playground.egg-info/dependency_links.txt
[1.833s] writing entry points to minebot_playground.egg-info/entry_points.txt
[1.833s] writing requirements to minebot_playground.egg-info/requires.txt
[1.834s] writing top-level names to minebot_playground.egg-info/top_level.txt
[1.892s] reading manifest file 'minebot_playground.egg-info/SOURCES.txt'
[1.892s] writing manifest file 'minebot_playground.egg-info/SOURCES.txt'
[1.915s] running build_ext
[1.916s] Creating /home/phc2603/ros/install/minebot_playground/lib/python3.12/site-packages/minebot-playground.egg-link (link to .)
[1.917s] Installing control_auto script to /home/phc2603/ros/install/minebot_playground/lib/minebot_playground
[1.917s] Installing gas_mock_pub script to /home/phc2603/ros/install/minebot_playground/lib/minebot_playground
[1.917s] Installing usbcam_node script to /home/phc2603/ros/install/minebot_playground/lib/minebot_playground
[1.917s] Installing user_controller script to /home/phc2603/ros/install/minebot_playground/lib/minebot_playground
[1.918s] 
[1.918s] Installed /home/phc2603/ros/build/minebot_playground
[1.918s] running symlink_data
[1.985s] Invoked command in '/home/phc2603/ros/build/minebot_playground' returned '0': PYTHONPATH=/home/phc2603/ros/build/minebot_playground/prefix_override:/usr/lib/python3/dist-packages/colcon_core/task/python/colcon_distutils_commands:/home/phc2603/ros/install/minebot_playground/lib/python3.12/site-packages:${PYTHONPATH} /usr/bin/python3 -W ignore:setup.py install is deprecated -W ignore:easy_install command is deprecated setup.py develop --editable --build-directory /home/phc2603/ros/build/minebot_playground/build --no-deps symlink_data
