[3.483s] Invoking command in '/home/phc2603/ros/build/minebot_playground': PYTHONPATH=/home/phc2603/ros/build/minebot_playground/prefix_override:/usr/lib/python3/dist-packages/colcon_core/task/python/colcon_distutils_commands:/home/phc2603/ros/install/minebot_playground/lib/python3.12/site-packages:${PYTHONPATH} /usr/bin/python3 -W ignore:setup.py install is deprecated -W ignore:easy_install command is deprecated setup.py develop --editable --build-directory /home/phc2603/ros/build/minebot_playground/build --no-deps symlink_data
[4.217s] running develop
[4.689s] running egg_info
[4.746s] writing minebot_playground.egg-info/PKG-INFO
[4.747s] writing dependency_links to minebot_playground.egg-info/dependency_links.txt
[4.749s] writing entry points to minebot_playground.egg-info/entry_points.txt
[4.750s] writing requirements to minebot_playground.egg-info/requires.txt
[4.751s] writing top-level names to minebot_playground.egg-info/top_level.txt
[4.836s] reading manifest file 'minebot_playground.egg-info/SOURCES.txt'
[4.839s] writing manifest file 'minebot_playground.egg-info/SOURCES.txt'
[4.894s] running build_ext
[4.895s] Creating /home/phc2603/ros/install/minebot_playground/lib/python3.12/site-packages/minebot-playground.egg-link (link to .)
[4.896s] Installing camera_pub script to /home/phc2603/ros/install/minebot_playground/lib/minebot_playground
[4.897s] Installing control_auto script to /home/phc2603/ros/install/minebot_playground/lib/minebot_playground
[4.898s] Installing gas_mock_pub script to /home/phc2603/ros/install/minebot_playground/lib/minebot_playground
[4.899s] Installing ip_stream_node script to /home/phc2603/ros/install/minebot_playground/lib/minebot_playground
[4.901s] Installing usbcam_node script to /home/phc2603/ros/install/minebot_playground/lib/minebot_playground
[4.901s] Installing user_controller script to /home/phc2603/ros/install/minebot_playground/lib/minebot_playground
[4.902s] Installing webcam_node script to /home/phc2603/ros/install/minebot_playground/lib/minebot_playground
[4.903s] 
[4.903s] Installed /home/phc2603/ros/build/minebot_playground
[4.904s] running symlink_data
[5.046s] Invoked command in '/home/phc2603/ros/build/minebot_playground' returned '0': PYTHONPATH=/home/phc2603/ros/build/minebot_playground/prefix_override:/usr/lib/python3/dist-packages/colcon_core/task/python/colcon_distutils_commands:/home/phc2603/ros/install/minebot_playground/lib/python3.12/site-packages:${PYTHONPATH} /usr/bin/python3 -W ignore:setup.py install is deprecated -W ignore:easy_install command is deprecated setup.py develop --editable --build-directory /home/phc2603/ros/build/minebot_playground/build --no-deps symlink_data
