[1.387s] Invoking command in '/home/phc2603/ros/src/build/minebot_playground': PYTHONPATH=/home/phc2603/ros/src/build/minebot_playground/prefix_override:/usr/lib/python3/dist-packages/colcon_core/task/python/colcon_distutils_commands:/home/phc2603/ros/src/install/minebot_playground/lib/python3.12/site-packages:${PYTHONPATH} /usr/bin/python3 -W ignore:setup.py install is deprecated -W ignore:easy_install command is deprecated setup.py develop --editable --build-directory /home/phc2603/ros/src/build/minebot_playground/build --no-deps symlink_data
[1.785s] running develop
[2.023s] running egg_info
[2.046s] writing minebot_playground.egg-info/PKG-INFO
[2.047s] writing dependency_links to minebot_playground.egg-info/dependency_links.txt
[2.047s] writing entry points to minebot_playground.egg-info/entry_points.txt
[2.048s] writing requirements to minebot_playground.egg-info/requires.txt
[2.049s] writing top-level names to minebot_playground.egg-info/top_level.txt
[2.092s] reading manifest file 'minebot_playground.egg-info/SOURCES.txt'
[2.093s] writing manifest file 'minebot_playground.egg-info/SOURCES.txt'
[2.117s] running build_ext
[2.117s] Creating /home/phc2603/ros/src/install/minebot_playground/lib/python3.12/site-packages/minebot-playground.egg-link (link to .)
[2.118s] Installing camera_pub script to /home/phc2603/ros/src/install/minebot_playground/lib/minebot_playground
[2.119s] Installing control_auto script to /home/phc2603/ros/src/install/minebot_playground/lib/minebot_playground
[2.120s] Installing gas_mock_pub script to /home/phc2603/ros/src/install/minebot_playground/lib/minebot_playground
[2.120s] Installing teleop_keyboard script to /home/phc2603/ros/src/install/minebot_playground/lib/minebot_playground
[2.121s] 
[2.121s] Installed /home/phc2603/ros/src/build/minebot_playground
[2.121s] running symlink_data
[2.206s] Invoked command in '/home/phc2603/ros/src/build/minebot_playground' returned '0': PYTHONPATH=/home/phc2603/ros/src/build/minebot_playground/prefix_override:/usr/lib/python3/dist-packages/colcon_core/task/python/colcon_distutils_commands:/home/phc2603/ros/src/install/minebot_playground/lib/python3.12/site-packages:${PYTHONPATH} /usr/bin/python3 -W ignore:setup.py install is deprecated -W ignore:easy_install command is deprecated setup.py develop --editable --build-directory /home/phc2603/ros/src/build/minebot_playground/build --no-deps symlink_data
