[3.777s] Invoking command in '/home/phc2603/ros/build/minebot_playground': PYTHONPATH=/home/phc2603/ros/build/minebot_playground/prefix_override:/usr/lib/python3/dist-packages/colcon_core/task/python/colcon_distutils_commands:/home/phc2603/ros/install/minebot_playground/lib/python3.12/site-packages:${PYTHONPATH} /usr/bin/python3 -W ignore:setup.py install is deprecated -W ignore:easy_install command is deprecated setup.py develop --editable --build-directory /home/phc2603/ros/build/minebot_playground/build --no-deps symlink_data
[4.492s] running develop
[4.975s] running egg_info
[5.022s] writing minebot_playground.egg-info/PKG-INFO
[5.022s] writing dependency_links to minebot_playground.egg-info/dependency_links.txt
[5.023s] writing entry points to minebot_playground.egg-info/entry_points.txt
[5.024s] writing requirements to minebot_playground.egg-info/requires.txt
[5.026s] writing top-level names to minebot_playground.egg-info/top_level.txt
[5.106s] reading manifest file 'minebot_playground.egg-info/SOURCES.txt'
[5.108s] writing manifest file 'minebot_playground.egg-info/SOURCES.txt'
[5.160s] running build_ext
[5.160s] Creating /home/phc2603/ros/install/minebot_playground/lib/python3.12/site-packages/minebot-playground.egg-link (link to .)
[5.161s] Installing camera_pub script to /home/phc2603/ros/install/minebot_playground/lib/minebot_playground
[5.162s] Installing control_auto script to /home/phc2603/ros/install/minebot_playground/lib/minebot_playground
[5.163s] Installing gas_mock_pub script to /home/phc2603/ros/install/minebot_playground/lib/minebot_playground
[5.163s] Installing ip_stream_node script to /home/phc2603/ros/install/minebot_playground/lib/minebot_playground
[5.166s] Installing usbcam_node script to /home/phc2603/ros/install/minebot_playground/lib/minebot_playground
[5.166s] Installing user_controller script to /home/phc2603/ros/install/minebot_playground/lib/minebot_playground
[5.167s] Installing webcam_node script to /home/phc2603/ros/install/minebot_playground/lib/minebot_playground
[5.168s] 
[5.168s] Installed /home/phc2603/ros/build/minebot_playground
[5.168s] running symlink_data
[5.312s] Invoked command in '/home/phc2603/ros/build/minebot_playground' returned '0': PYTHONPATH=/home/phc2603/ros/build/minebot_playground/prefix_override:/usr/lib/python3/dist-packages/colcon_core/task/python/colcon_distutils_commands:/home/phc2603/ros/install/minebot_playground/lib/python3.12/site-packages:${PYTHONPATH} /usr/bin/python3 -W ignore:setup.py install is deprecated -W ignore:easy_install command is deprecated setup.py develop --editable --build-directory /home/phc2603/ros/build/minebot_playground/build --no-deps symlink_data
